#
# There is insufficient memory for the Java Runtime Environment to continue.
# Native memory allocation (mmap) failed to map 65536 bytes. Error detail: Failed to commit metaspace.
# Possible reasons:
#   The system is out of physical RAM or swap space
#   This process is running with CompressedOops enabled, and the Java Heap may be blocking the growth of the native heap
# Possible solutions:
#   Reduce memory load on the system
#   Increase physical memory or swap space
#   Check if swap backing store is full
#   Decrease Java heap size (-Xmx/-Xms)
#   Decrease number of Java threads
#   Decrease Java thread stack sizes (-Xss)
#   Set larger code cache with -XX:ReservedCodeCacheSize=
#   JVM is running with Zero Based Compressed Oops mode in which the Java heap is
#     placed in the first 32GB address space. The Java Heap base address is the
#     maximum limit for the native heap growth. Please use -XX:HeapBaseMinAddress
#     to set the Java Heap base and to place the Java Heap above 32GB virtual address.
# This output file may be truncated or incomplete.
#
#  Out of Memory Error (virtualSpaceNode.cpp:110), pid=20320, tid=2276
#
# JRE version: OpenJDK Runtime Environment Temurin-17.0.11+9 (17.0.11+9) (build 17.0.11+9)
# Java VM: OpenJDK 64-Bit Server VM Temurin-17.0.11+9 (17.0.11+9, mixed mode, tiered, compressed oops, compressed class ptrs, g1 gc, windows-amd64)
# No core dump will be written. Minidumps are not enabled by default on client versions of Windows
#

---------------  S U M M A R Y ------------

Command Line: -XX:+ShowCodeDetailsInExceptionMessages -Dspring.jmx.enabled=true -Dmanagement.endpoints.jmx.exposure.include=* -Dspring.application.admin.enabled=true -Dspring.boot.project.name=ramen-go-api -Djava.rmi.server.hostname=localhost -Dcom.sun.management.jmxremote.port=45556 -Dcom.sun.management.jmxremote.authenticate=false -Dcom.sun.management.jmxremote.ssl=false br.com.ramengo.api.RamenGoApiApplication

Host: AMD Ryzen 5 3500X 6-Core Processor             , 6 cores, 15G,  Windows 10 , 64 bit Build 19041 (10.0.19041.3636)
Time: Mon Jun 10 03:37:16 2024 Hora oficial do Brasil elapsed time: 0.780982 seconds (0d 0h 0m 0s)

---------------  T H R E A D  ---------------

Current thread (0x0000020d23b3d7e0):  JavaThread "main" [_thread_in_vm, id=2276, stack(0x0000000e9f100000,0x0000000e9f200000)]

Stack: [0x0000000e9f100000,0x0000000e9f200000]
Native frames: (J=compiled Java code, j=interpreted, Vv=VM code, C=native code)
V  [jvm.dll+0x67d429]
V  [jvm.dll+0x834b7a]
V  [jvm.dll+0x83663e]
V  [jvm.dll+0x836ca3]
V  [jvm.dll+0x247dbf]
V  [jvm.dll+0x83083b]
V  [jvm.dll+0x621d56]
V  [jvm.dll+0x1c1b3e]
V  [jvm.dll+0x6246b1]
V  [jvm.dll+0x6226f6]
V  [jvm.dll+0x62c5c7]
V  [jvm.dll+0x1ebb1b]
V  [jvm.dll+0x1ec055]
V  [jvm.dll+0x1ecb10]
V  [jvm.dll+0x1e1f11]
V  [jvm.dll+0x54250e]
V  [jvm.dll+0x7aecb8]
V  [jvm.dll+0x7aeda4]
V  [jvm.dll+0x4106a5]
V  [jvm.dll+0x416819]
C  [java.dll+0x17ec]

Java frames: (J=compiled Java code, j=interpreted, Vv=VM code)
J 1208  java.lang.ClassLoader.defineClass1(Ljava/lang/ClassLoader;Ljava/lang/String;[BIILjava/security/ProtectionDomain;Ljava/lang/String;)Ljava/lang/Class; java.base@17.0.11 (0 bytes) @ 0x0000020d30496ce3 [0x0000020d30496c20+0x00000000000000c3]
J 1429 c1 java.lang.ClassLoader.defineClass(Ljava/lang/String;[BIILjava/security/ProtectionDomain;)Ljava/lang/Class; java.base@17.0.11 (43 bytes) @ 0x0000020d28be66dc [0x0000020d28be6380+0x000000000000035c]
J 1522 c1 java.security.SecureClassLoader.defineClass(Ljava/lang/String;[BIILjava/security/CodeSource;)Ljava/lang/Class; java.base@17.0.11 (16 bytes) @ 0x0000020d28c13a8c [0x0000020d28c139c0+0x00000000000000cc]
J 1337 c1 jdk.internal.loader.BuiltinClassLoader.defineClass(Ljava/lang/String;Ljdk/internal/loader/Resource;)Ljava/lang/Class; java.base@17.0.11 (121 bytes) @ 0x0000020d28bbc4f4 [0x0000020d28bbb580+0x0000000000000f74]
J 1184 c1 jdk.internal.loader.BuiltinClassLoader.findClassOnClassPathOrNull(Ljava/lang/String;)Ljava/lang/Class; java.base@17.0.11 (64 bytes) @ 0x0000020d28b64fbc [0x0000020d28b63f00+0x00000000000010bc]
J 967 c1 jdk.internal.loader.BuiltinClassLoader.loadClassOrNull(Ljava/lang/String;Z)Ljava/lang/Class; java.base@17.0.11 (143 bytes) @ 0x0000020d28aeed54 [0x0000020d28aede40+0x0000000000000f14]
J 1106 c1 jdk.internal.loader.ClassLoaders$AppClassLoader.loadClass(Ljava/lang/String;Z)Ljava/lang/Class; java.base@17.0.11 (40 bytes) @ 0x0000020d28b3e30c [0x0000020d28b3dce0+0x000000000000062c]
J 1101 c1 java.lang.ClassLoader.loadClass(Ljava/lang/String;)Ljava/lang/Class; java.base@17.0.11 (7 bytes) @ 0x0000020d28b3cc4c [0x0000020d28b3cb40+0x000000000000010c]
v  ~StubRoutines::call_stub
J 981  java.lang.Class.forName0(Ljava/lang/String;ZLjava/lang/ClassLoader;Ljava/lang/Class;)Ljava/lang/Class; java.base@17.0.11 (0 bytes) @ 0x0000020d3047d92f [0x0000020d3047d8a0+0x000000000000008f]
J 1330 c1 java.lang.Class.forName(Ljava/lang/String;ZLjava/lang/ClassLoader;)Ljava/lang/Class; java.base@17.0.11 (47 bytes) @ 0x0000020d28bb931c [0x0000020d28bb8f80+0x000000000000039c]
j  org.springframework.util.ClassUtils.forName(Ljava/lang/String;Ljava/lang/ClassLoader;)Ljava/lang/Class;+164
j  org.springframework.util.ClassUtils.isPresent(Ljava/lang/String;Ljava/lang/ClassLoader;)Z+2
j  org.springframework.boot.logging.logback.LogbackLoggingSystemProperties.<clinit>()V+7
v  ~StubRoutines::call_stub
j  org.springframework.boot.logging.logback.LogbackLoggingSystem.getSystemProperties(Lorg/springframework/core/env/ConfigurableEnvironment;)Lorg/springframework/boot/logging/LoggingSystemProperties;+0
j  org.springframework.boot.context.logging.LoggingApplicationListener.getLoggingSystemProperties(Lorg/springframework/core/env/ConfigurableEnvironment;)Lorg/springframework/boot/logging/LoggingSystemProperties;+12
j  org.springframework.boot.context.logging.LoggingApplicationListener.initialize(Lorg/springframework/core/env/ConfigurableEnvironment;Ljava/lang/ClassLoader;)V+2
j  org.springframework.boot.context.logging.LoggingApplicationListener.onApplicationEnvironmentPreparedEvent(Lorg/springframework/boot/context/event/ApplicationEnvironmentPreparedEvent;)V+32
j  org.springframework.boot.context.logging.LoggingApplicationListener.onApplicationEvent(Lorg/springframework/context/ApplicationEvent;)V+34
j  org.springframework.context.event.SimpleApplicationEventMulticaster.doInvokeListener(Lorg/springframework/context/ApplicationListener;Lorg/springframework/context/ApplicationEvent;)V+2
j  org.springframework.context.event.SimpleApplicationEventMulticaster.invokeListener(Lorg/springframework/context/ApplicationListener;Lorg/springframework/context/ApplicationEvent;)V+34
j  org.springframework.context.event.SimpleApplicationEventMulticaster.multicastEvent(Lorg/springframework/context/ApplicationEvent;Lorg/springframework/core/ResolvableType;)V+104
j  org.springframework.context.event.SimpleApplicationEventMulticaster.multicastEvent(Lorg/springframework/context/ApplicationEvent;)V+3
j  org.springframework.boot.context.event.EventPublishingRunListener.multicastInitialEvent(Lorg/springframework/context/ApplicationEvent;)V+9
j  org.springframework.boot.context.event.EventPublishingRunListener.environmentPrepared(Lorg/springframework/boot/ConfigurableBootstrapContext;Lorg/springframework/core/env/ConfigurableEnvironment;)V+18
j  org.springframework.boot.SpringApplicationRunListeners.lambda$environmentPrepared$2(Lorg/springframework/boot/ConfigurableBootstrapContext;Lorg/springframework/core/env/ConfigurableEnvironment;Lorg/springframework/boot/SpringApplicationRunListener;)V+3
j  org.springframework.boot.SpringApplicationRunListeners$$Lambda$184+0x0000000800210448.accept(Ljava/lang/Object;)V+12
j  java.lang.Iterable.forEach(Ljava/util/function/Consumer;)V+30 java.base@17.0.11
j  org.springframework.boot.SpringApplicationRunListeners.doWithListeners(Ljava/lang/String;Ljava/util/function/Consumer;Ljava/util/function/Consumer;)V+17
j  org.springframework.boot.SpringApplicationRunListeners.doWithListeners(Ljava/lang/String;Ljava/util/function/Consumer;)V+4
j  org.springframework.boot.SpringApplicationRunListeners.environmentPrepared(Lorg/springframework/boot/ConfigurableBootstrapContext;Lorg/springframework/core/env/ConfigurableEnvironment;)V+10
j  org.springframework.boot.SpringApplication.prepareEnvironment(Lorg/springframework/boot/SpringApplicationRunListeners;Lorg/springframework/boot/DefaultBootstrapContext;Lorg/springframework/boot/ApplicationArguments;)Lorg/springframework/core/env/ConfigurableEnvironment;+27
j  org.springframework.boot.SpringApplication.run([Ljava/lang/String;)Lorg/springframework/context/ConfigurableApplicationContext;+62
j  org.springframework.boot.SpringApplication.run([Ljava/lang/Class;[Ljava/lang/String;)Lorg/springframework/context/ConfigurableApplicationContext;+9
j  org.springframework.boot.SpringApplication.run(Ljava/lang/Class;[Ljava/lang/String;)Lorg/springframework/context/ConfigurableApplicationContext;+9
j  br.com.ramengo.api.RamenGoApiApplication.main([Ljava/lang/String;)V+3
v  ~StubRoutines::call_stub

Compiled method (n/a)     790 1208     n 0       java.lang.ClassLoader::defineClass1 (native)
 total in heap  [0x0000020d30496a90,0x0000020d30496f70] = 1248
 relocation     [0x0000020d30496be8,0x0000020d30496c20] = 56
 main code      [0x0000020d30496c20,0x0000020d30496f70] = 848

[Constant Pool (empty)]

[MachCode]
[Entry Point]
  # {method} {0x0000020d4401de78} 'defineClass1' '(Ljava/lang/ClassLoader;Ljava/lang/String;[BIILjava/security/ProtectionDomain;Ljava/lang/String;)Ljava/lang/Class;' in 'java/lang/ClassLoader'
  # parm0:    rdx:rdx   = 'java/lang/ClassLoader'
  # parm1:    r8:r8     = 'java/lang/String'
  # parm2:    r9:r9     = '[B'
  # parm3:    rdi       = int
  # parm4:    rsi       = int
  # parm5:    rcx:rcx   = 'java/security/ProtectionDomain'
  # parm6:    [sp+0xa0]   = 'java/lang/String'  (sp of caller)
  0x0000020d30496c20: 448b 5208 | 49bb 0000 | 0000 0800 | 0000 4d03 | d349 3bc2 | 0f84 0600 

  0x0000020d30496c38: ;   {runtime_call ic_miss_stub}
  0x0000020d30496c38: 0000 e941 | a4a4 ff90 
[Verified Entry Point]
  0x0000020d30496c40: 8984 2400 | 90ff ff55 | 488b ec48 | 81ec 9000 | 0000 4881 | 7d10 0000 | 0000 488d | 4510 480f 
  0x0000020d30496c60: 4445 1048 | 8944 2440 | 4889 4c24 | 7048 83f9 | 0048 8d44 | 2470 480f | 4444 2470 | 4889 4424 
  0x0000020d30496c80: 3848 8974 | 2430 4889 | 7c24 284c | 894c 2458 | 4983 f900 | 488d 4424 | 5848 0f44 | 4424 5848 
  0x0000020d30496ca0: 8944 2420 | 4c89 4424 | 5049 83f8 | 004c 8d4c | 2450 4c0f | 444c 2450 | 4889 5424 | 4848 83fa 
  0x0000020d30496cc0: 004c 8d44 | 2448 4c0f | 4444 2448 

  0x0000020d30496ccc: ;   {oop(a 'java/lang/Class'{0x000000070fa00d20} = 'java/lang/ClassLoader')}
  0x0000020d30496ccc: 49be 200d | a00f 0700 | 0000 4c89 | 7424 784c | 8d74 2478 | 498b d6c5 

  0x0000020d30496ce4: ;   {internal_word}
  0x0000020d30496ce4: f877 49ba | e36c 4930 | 0d02 0000 | 4d89 97a0 | 0200 0049 | 89a7 9802 

  0x0000020d30496cfc: ;   {external_word}
  0x0000020d30496cfc: 0000 49ba | 5835 7488 | fa7f 0000 | 4180 3a00 | 0f84 5200 | 0000 5241 

  0x0000020d30496d14: ;   {metadata({method} {0x0000020d4401de78} 'defineClass1' '(Ljava/lang/ClassLoader;Ljava/lang/String;[BIILjava/security/ProtectionDomain;Ljava/lang/String;)Ljava/lang/Class;' in 'java/lang/ClassLoader')}
  0x0000020d30496d14: 5041 5148 | ba70 de01 | 440d 0200 | 0049 8bcf | 4883 ec20 | f7c4 0f00 | 0000 0f84 | 1a00 0000 
  0x0000020d30496d34: 4883 ec08 

  0x0000020d30496d38: ;   {runtime_call}
  0x0000020d30496d38: 49ba 6031 | 2a88 fa7f | 0000 41ff | d248 83c4 | 08e9 0d00 

  0x0000020d30496d4c: ;   {runtime_call}
  0x0000020d30496d4c: 0000 49ba | 6031 2a88 | fa7f 0000 | 41ff d248 | 83c4 2041 | 5941 585a | 498d 8fb8 | 0200 0041 
  0x0000020d30496d6c: c787 4803 | 0000 0400 

  0x0000020d30496d74: ;   {runtime_call}
  0x0000020d30496d74: 0000 49ba | ac16 d4b9 | fa7f 0000 | 41ff d2c5 | f877 41c7 | 8748 0300 | 0005 0000 | 00f0 8344 
  0x0000020d30496d94: 24c0 0049 | 3baf 5003 | 0000 0f87 | 1100 0000 | 4181 bf38 | 0300 0000 | 0000 000f | 842c 0000 
  0x0000020d30496db4: 00c5 f877 | 4889 45f8 | 498b cf4c | 8be4 4883 | ec20 4883 

  0x0000020d30496dc8: ;   {runtime_call}
  0x0000020d30496dc8: e4f0 49ba | c045 3a88 | fa7f 0000 | 41ff d249 | 8be4 4d33 | e448 8b45 | f841 c787 | 4803 0000 
  0x0000020d30496de8: 0800 0000 | 4181 bfb8 | 0300 0002 | 0000 000f | 843f 0100 

  0x0000020d30496dfc: ;   {external_word}
  0x0000020d30496dfc: 0049 ba58 | 3574 88fa | 7f00 0041 | 803a 000f | 8450 0000 | 0048 8945 

  0x0000020d30496e14: ;   {metadata({method} {0x0000020d4401de78} 'defineClass1' '(Ljava/lang/ClassLoader;Ljava/lang/String;[BIILjava/security/ProtectionDomain;Ljava/lang/String;)Ljava/lang/Class;' in 'java/lang/ClassLoader')}
  0x0000020d30496e14: f848 ba70 | de01 440d | 0200 0049 | 8bcf 4883 | ec20 f7c4 | 0f00 0000 | 0f84 1a00 | 0000 4883 
  0x0000020d30496e34: ;   {runtime_call}
  0x0000020d30496e34: ec08 49ba | 6031 2a88 | fa7f 0000 | 41ff d248 | 83c4 08e9 | 0d00 0000 

  0x0000020d30496e4c: ;   {runtime_call}
  0x0000020d30496e4c: 49ba 6031 | 2a88 fa7f | 0000 41ff | d248 83c4 | 2048 8b45 | f849 c787 | 9802 0000 | 0000 0000 
  0x0000020d30496e6c: 49c7 87a0 | 0200 0000 | 0000 00c5 | f877 4885 | c00f 8493 | 0000 0048 | f7c0 0100 | 0000 0f84 
  0x0000020d30496e8c: 8300 0000 | 488b 40ff | 4180 7f38 | 000f 846f | 0000 0048 | 83f8 000f | 8465 0000 | 0049 8b4f 
  0x0000020d30496eac: 2048 83f9 | 000f 8414 | 0000 0048 | 83e9 0849 | 894f 2049 | 034f 3048 | 8901 e943 | 0000 0050 
  0x0000020d30496ecc: 498b d748 | 8bc8 4883 | ec20 f7c4 | 0f00 0000 | 0f84 1a00 | 0000 4883 

  0x0000020d30496ee4: ;   {runtime_call}
  0x0000020d30496ee4: ec08 49ba | 604d e987 | fa7f 0000 | 41ff d248 | 83c4 08e9 | 0d00 0000 

  0x0000020d30496efc: ;   {runtime_call}
  0x0000020d30496efc: 49ba 604d | e987 fa7f | 0000 41ff | d248 83c4 | 2058 e903 | 0000 0048 | 8b00 498b | 8fd8 0000 
  0x0000020d30496f1c: 00c7 8100 | 0100 0000 | 0000 00c9 | 4981 7f08 | 0000 0000 | 0f85 0100 

  0x0000020d30496f34: ;   {runtime_call StubRoutines (1)}
  0x0000020d30496f34: 0000 c3e9 | c49f 9fff | c5f8 7748 | 8945 f84c | 8be4 4883 | ec20 4883 

  0x0000020d30496f4c: ;   {runtime_call}
  0x0000020d30496f4c: e4f0 49ba | e061 2a88 | fa7f 0000 | 41ff d249 | 8be4 4d33 | e448 8b45 | f8e9 93fe | ffff f4f4 
  0x0000020d30496f6c: f4f4 f4f4 
[/MachCode]


Compiled method (c1)     796 1429       3       java.lang.ClassLoader::defineClass (43 bytes)
 total in heap  [0x0000020d28be6190,0x0000020d28be6ac8] = 2360
 relocation     [0x0000020d28be62e8,0x0000020d28be6378] = 144
 main code      [0x0000020d28be6380,0x0000020d28be6820] = 1184
 stub code      [0x0000020d28be6820,0x0000020d28be6898] = 120
 metadata       [0x0000020d28be6898,0x0000020d28be68c8] = 48
 scopes data    [0x0000020d28be68c8,0x0000020d28be69b8] = 240
 scopes pcs     [0x0000020d28be69b8,0x0000020d28be6a98] = 224
 dependencies   [0x0000020d28be6a98,0x0000020d28be6aa0] = 8
 nul chk table  [0x0000020d28be6aa0,0x0000020d28be6ac8] = 40

[Constant Pool (empty)]

[MachCode]
[Entry Point]
  # {method} {0x0000020d4401dce8} 'defineClass' '(Ljava/lang/String;[BIILjava/security/ProtectionDomain;)Ljava/lang/Class;' in 'java/lang/ClassLoader'
  # this:     rdx:rdx   = 'java/lang/ClassLoader'
  # parm0:    r8:r8     = 'java/lang/String'
  # parm1:    r9:r9     = '[B'
  # parm2:    rdi       = int
  # parm3:    rsi       = int
  # parm4:    rcx:rcx   = 'java/security/ProtectionDomain'
  #           [sp+0xc0]  (sp of caller)
  0x0000020d28be6380: 448b 5208 | 49bb 0000 | 0000 0800 | 0000 4d03 | d34c 3bd0 

  0x0000020d28be6394: ;   {runtime_call ic_miss_stub}
  0x0000020d28be6394: 0f85 e6ac | 2f07 660f | 1f44 0000 
[Verified Entry Point]
  0x0000020d28be63a0: 8984 2400 | 90ff ff55 | 4881 ecb0 | 0000 0048 | 8954 2478 

  0x0000020d28be63b4: ;   {metadata(method data for {method} {0x0000020d4401dce8} 'defineClass' '(Ljava/lang/String;[BIILjava/security/ProtectionDomain;)Ljava/lang/Class;' in 'java/lang/ClassLoader')}
  0x0000020d28be63b4: 48bb 500b | d944 0d02 | 0000 8b83 | cc00 0000 | 83c0 0289 | 83cc 0000 | 0081 e0fe | 0700 0083 
  0x0000020d28be63d4: f800 0f84 | 5603 0000 | 89b4 2494 | 0000 0089 | bc24 9000 | 0000 4c89 | 8c24 8800 | 0000 488b 
  0x0000020d28be63f4: ;   {metadata(method data for {method} {0x0000020d4401dce8} 'defineClass' '(Ljava/lang/String;[BIILjava/security/ProtectionDomain;)Ljava/lang/Class;' in 'java/lang/ClassLoader')}
  0x0000020d28be63f4: da48 b850 | 0bd9 440d | 0200 0048 | 8380 1001 | 0000 0149 | 8bd8 4c8b | c34c 8bc9 | 488b ca48 
  0x0000020d28be6414: 8bd1 4889 | 9c24 8000 

  0x0000020d28be641c: ;   {optimized virtual_call}
  0x0000020d28be641c: 0000 90e8 

  0x0000020d28be6420: ; ImmutableOopMap {[120]=Oop [136]=Oop [128]=Oop }
                      ;*invokevirtual preDefineClass {reexecute=0 rethrow=0 return_oop=0}
                      ; - java.lang.ClassLoader::defineClass@4
  0x0000020d28be6420: 7c5c 0300 | 4889 8424 | 9800 0000 | 488b 5424 

  0x0000020d28be6430: ;   {metadata(method data for {method} {0x0000020d4401dce8} 'defineClass' '(Ljava/lang/String;[BIILjava/security/ProtectionDomain;)Ljava/lang/Class;' in 'java/lang/ClassLoader')}
  0x0000020d28be6430: 7849 b850 | 0bd9 440d | 0200 0049 | 8380 4801 

  0x0000020d28be6440: ;   {metadata(method data for {method} {0x0000020d4401db70} 'defineClassSourceLocation' '(Ljava/security/ProtectionDomain;)Ljava/lang/String;' in 'java/lang/ClassLoader')}
  0x0000020d28be6440: 0000 0149 | b868 12d9 | 440d 0200 | 0041 8b90 | cc00 0000 | 83c2 0241 | 8990 cc00 | 0000 81e2 
  0x0000020d28be6460: feff 1f00 | 83fa 000f | 84e6 0200 | 0048 3b00 

  0x0000020d28be6470: ;   {metadata(method data for {method} {0x0000020d4401db70} 'defineClassSourceLocation' '(Ljava/security/ProtectionDomain;)Ljava/lang/String;' in 'java/lang/ClassLoader')}
  0x0000020d28be6470: 4c8b c048 | ba68 12d9 | 440d 0200 | 0048 8382 | 1001 0000 | 0144 8b40 | 1049 c1e0 | 0349 83f8 
  0x0000020d28be6490: ;   {metadata(method data for {method} {0x0000020d4401db70} 'defineClassSourceLocation' '(Ljava/security/ProtectionDomain;)Ljava/lang/String;' in 'java/lang/ClassLoader')}
  0x0000020d28be6490: 0048 ba68 | 12d9 440d | 0200 0048 | be58 0100 | 0000 0000 | 000f 850a | 0000 0048 | be48 0100 
  0x0000020d28be64b0: 0000 0000 | 0048 8b3c | 3248 8d7f | 0148 893c | 320f 850f 

  0x0000020d28be64c4: ;   {oop(NULL)}
  0x0000020d28be64c4: 0000 0048 | bb00 0000 | 0000 0000 | 00e9 b101 | 0000 493b | 0049 8bd0 

  0x0000020d28be64dc: ;   {metadata(method data for {method} {0x0000020d4401db70} 'defineClassSourceLocation' '(Ljava/security/ProtectionDomain;)Ljava/lang/String;' in 'java/lang/ClassLoader')}
  0x0000020d28be64dc: 48be 6812 | d944 0d02 | 0000 4883 | 8668 0100 | 0001 418b | 500c 48c1 | e203 4883 

  0x0000020d28be64f8: ;   {metadata(method data for {method} {0x0000020d4401db70} 'defineClassSourceLocation' '(Ljava/security/ProtectionDomain;)Ljava/lang/String;' in 'java/lang/ClassLoader')}
  0x0000020d28be64f8: fa00 48be | 6812 d944 | 0d02 0000 | 48bf b001 | 0000 0000 | 0000 0f85 | 0a00 0000 | 48bf a001 
  0x0000020d28be6518: 0000 0000 | 0000 488b | 1c3e 488d | 5b01 4889 | 1c3e 0f85 | 0f00 0000 

  0x0000020d28be6530: ;   {oop(NULL)}
  0x0000020d28be6530: 48bb 0000 | 0000 0000 | 0000 e948 

  0x0000020d28be653c: ;   {metadata(method data for {method} {0x0000020d4401db70} 'defineClassSourceLocation' '(Ljava/security/ProtectionDomain;)Ljava/lang/String;' in 'java/lang/ClassLoader')}
  0x0000020d28be653c: 0100 0048 | be68 12d9 | 440d 0200 | 0048 8386 | c001 0000 | 0148 3b02 

  0x0000020d28be6554: ;   {metadata(method data for {method} {0x0000020d4401db70} 'defineClassSourceLocation' '(Ljava/security/ProtectionDomain;)Ljava/lang/String;' in 'java/lang/ClassLoader')}
  0x0000020d28be6554: 4c8b c248 | be68 12d9 | 440d 0200 | 0048 8386 | f801 0000 

  0x0000020d28be6568: ;   {metadata(method data for {method} {0x0000020d440ba590} 'toString' '()Ljava/lang/String;' in 'java/net/URL')}
  0x0000020d28be6568: 0149 b8d8 | 2dbf 440d | 0200 0041 | 8bb0 cc00 | 0000 83c6 | 0241 89b0 | cc00 0000 | 81e6 feff 
  0x0000020d28be6588: 1f00 83fe | 000f 84f0 | 0100 004c 

  0x0000020d28be6594: ;   {metadata(method data for {method} {0x0000020d440ba590} 'toString' '()Ljava/lang/String;' in 'java/net/URL')}
  0x0000020d28be6594: 8bc2 48be | d82d bf44 | 0d02 0000 | 4883 8610 | 0100 0001 

  0x0000020d28be65a8: ;   {metadata(method data for {method} {0x0000020d440ba628} 'toExternalForm' '()Ljava/lang/String;' in 'java/net/URL')}
  0x0000020d28be65a8: 49b8 602f | bf44 0d02 | 0000 418b | b0cc 0000 | 0083 c602 | 4189 b0cc | 0000 0081 | e6fe ff1f 
  0x0000020d28be65c8: 0083 fe00 | 0f84 d201 | 0000 8b72 | 3848 c1e6 | 0348 3b06 

  0x0000020d28be65dc: ;   {metadata(method data for {method} {0x0000020d440ba628} 'toExternalForm' '()Ljava/lang/String;' in 'java/net/URL')}
  0x0000020d28be65dc: 4c8b c648 | bf60 2fbf | 440d 0200 | 0045 8b40 | 0849 ba00 | 0000 0008 | 0000 004d | 03c2 4c3b 
  0x0000020d28be65fc: 8720 0100 | 0075 0d48 | 8387 2801 | 0000 01e9 | 6600 0000 | 4c3b 8730 | 0100 0075 | 0d48 8387 
  0x0000020d28be661c: 3801 0000 | 01e9 5000 | 0000 4881 | bf20 0100 | 0000 0000 | 0075 174c | 8987 2001 | 0000 48c7 
  0x0000020d28be663c: 8728 0100 | 0001 0000 | 00e9 2c00 | 0000 4881 | bf30 0100 | 0000 0000 | 0075 174c | 8987 3001 
  0x0000020d28be665c: 0000 48c7 | 8738 0100 | 0001 0000 | 00e9 0800 | 0000 4883 | 8710 0100 | 0001 4c8b | c248 8bd6 
  0x0000020d28be667c: ;   {optimized virtual_call}
  0x0000020d28be667c: 6666 90e8 

  0x0000020d28be6680: ; ImmutableOopMap {[120]=Oop [136]=Oop [128]=Oop [152]=Oop }
                      ;*invokevirtual toExternalForm {reexecute=0 rethrow=0 return_oop=0}
                      ; - java.net.URL::toExternalForm@5
                      ; - java.net.URL::toString@1
                      ; - java.lang.ClassLoader::defineClassSourceLocation@22
                      ; - java.lang.ClassLoader::defineClass@12
  0x0000020d28be6680: bc34 fcff | 488b d848 | 8b84 2498 | 0000 008b | b424 9400 | 0000 8bbc | 2490 0000 | 004c 8b8c 
  0x0000020d28be66a0: 2488 0000 | 004c 8b84 | 2480 0000 | 0048 8b54 

  0x0000020d28be66b0: ;   {metadata(method data for {method} {0x0000020d4401dce8} 'defineClass' '(Ljava/lang/String;[BIILjava/security/ProtectionDomain;)Ljava/lang/Class;' in 'java/lang/ClassLoader')}
  0x0000020d28be66b0: 2478 48b9 | 500b d944 | 0d02 0000 | 4883 8180 | 0100 0001 | 4c8b da49 | 8bd3 488b | c848 891c 
  0x0000020d28be66d0: 2466 0f1f 

  0x0000020d28be66d4: ;   {static_call}
  0x0000020d28be66d4: 4400 00e8 

  0x0000020d28be66d8: ; ImmutableOopMap {[152]=Oop [120]=Oop }
                      ;*invokestatic defineClass1 {reexecute=0 rethrow=0 return_oop=0}
                      ; - java.lang.ClassLoader::defineClass@27
  0x0000020d28be66d8: 6405 8b07 | 488b 5424 

  0x0000020d28be66e0: ;   {metadata(method data for {method} {0x0000020d4401dce8} 'defineClass' '(Ljava/lang/String;[BIILjava/security/ProtectionDomain;)Ljava/lang/Class;' in 'java/lang/ClassLoader')}
  0x0000020d28be66e0: 7849 b850 | 0bd9 440d | 0200 0049 | 8380 9001 | 0000 014c | 8bc0 4c8b | 8c24 9800 | 0000 488b 
  0x0000020d28be6700: 5424 7848 | 8984 24a0 | 0000 000f 

  0x0000020d28be670c: ;   {optimized virtual_call}
  0x0000020d28be670c: 1f40 00e8 

  0x0000020d28be6710: ; ImmutableOopMap {[160]=Oop }
                      ;*invokevirtual postDefineClass {reexecute=0 rethrow=0 return_oop=0}
                      ; - java.lang.ClassLoader::defineClass@37
  0x0000020d28be6710: 8cd3 f9ff | 488b 8424 | a000 0000 | 4881 c4b0 | 0000 005d 

  0x0000020d28be6724: ;   {poll_return}
  0x0000020d28be6724: 493b a750 | 0300 000f | 8799 0000 

  0x0000020d28be6730: ;   {metadata({method} {0x0000020d4401dce8} 'defineClass' '(Ljava/lang/String;[BIILjava/security/ProtectionDomain;)Ljava/lang/Class;' in 'java/lang/ClassLoader')}
  0x0000020d28be6730: 00c3 49ba | e0dc 0144 | 0d02 0000 | 4c89 5424 | 0848 c704 | 24ff ffff 

  0x0000020d28be6748: ;   {runtime_call counter_overflow Runtime1 stub}
  0x0000020d28be6748: ffe8 3236 

  0x0000020d28be674c: ; ImmutableOopMap {rdx=Oop [120]=Oop r8=Oop r9=Oop rcx=Oop }
                      ;*synchronization entry
                      ; - java.lang.ClassLoader::defineClass@-1
  0x0000020d28be674c: 3a07 e989 

  0x0000020d28be6750: ;   {metadata({method} {0x0000020d4401db70} 'defineClassSourceLocation' '(Ljava/security/ProtectionDomain;)Ljava/lang/String;' in 'java/lang/ClassLoader')}
  0x0000020d28be6750: fcff ff49 | ba68 db01 | 440d 0200 | 004c 8954 | 2408 48c7 | 0424 ffff 

  0x0000020d28be6768: ;   {runtime_call counter_overflow Runtime1 stub}
  0x0000020d28be6768: ffff e811 

  0x0000020d28be676c: ; ImmutableOopMap {[120]=Oop [136]=Oop [128]=Oop rax=Oop [152]=Oop }
                      ;*synchronization entry
                      ; - java.lang.ClassLoader::defineClassSourceLocation@-1
                      ; - java.lang.ClassLoader::defineClass@12
  0x0000020d28be676c: 363a 07e9 | f9fc ffff 

  0x0000020d28be6774: ;   {runtime_call throw_null_pointer_exception Runtime1 stub}
  0x0000020d28be6774: e827 e539 

  0x0000020d28be6778: ; ImmutableOopMap {[120]=Oop [136]=Oop [128]=Oop rax=Oop [152]=Oop }
                      ;*invokevirtual getCodeSource {reexecute=0 rethrow=0 return_oop=0}
                      ; - java.lang.ClassLoader::defineClassSourceLocation@1
                      ; - java.lang.ClassLoader::defineClass@12
                      ;   {runtime_call throw_null_pointer_exception Runtime1 stub}
  0x0000020d28be6778: 07e8 22e5 

  0x0000020d28be677c: ; ImmutableOopMap {[120]=Oop [136]=Oop [128]=Oop rax=Oop [152]=Oop r8=Oop }
                      ;*invokevirtual getLocation {reexecute=0 rethrow=0 return_oop=0}
                      ; - java.lang.ClassLoader::defineClassSourceLocation@12
                      ; - java.lang.ClassLoader::defineClass@12
                      ;   {runtime_call throw_null_pointer_exception Runtime1 stub}
  0x0000020d28be677c: 3907 e81d 

  0x0000020d28be6780: ; ImmutableOopMap {[120]=Oop [136]=Oop [128]=Oop [152]=Oop rdx=Oop }
                      ;*invokevirtual toString {reexecute=0 rethrow=0 return_oop=0}
                      ; - java.lang.ClassLoader::defineClassSourceLocation@22
                      ; - java.lang.ClassLoader::defineClass@12
                      ;   {metadata({method} {0x0000020d440ba590} 'toString' '()Ljava/lang/String;' in 'java/net/URL')}
  0x0000020d28be6780: e539 0749 | ba88 a50b | 440d 0200 | 004c 8954 | 2408 48c7 | 0424 ffff 

  0x0000020d28be6798: ;   {runtime_call counter_overflow Runtime1 stub}
  0x0000020d28be6798: ffff e8e1 

  0x0000020d28be679c: ; ImmutableOopMap {[120]=Oop [136]=Oop [128]=Oop [152]=Oop rdx=Oop }
                      ;*synchronization entry
                      ; - java.net.URL::toString@-1
                      ; - java.lang.ClassLoader::defineClassSourceLocation@22
                      ; - java.lang.ClassLoader::defineClass@12
  0x0000020d28be679c: 353a 07e9 | effd ffff 

  0x0000020d28be67a4: ;   {metadata({method} {0x0000020d440ba628} 'toExternalForm' '()Ljava/lang/String;' in 'java/net/URL')}
  0x0000020d28be67a4: 49ba 20a6 | 0b44 0d02 | 0000 4c89 | 5424 0848 | c704 24ff 

  0x0000020d28be67b8: ;   {runtime_call counter_overflow Runtime1 stub}
  0x0000020d28be67b8: ffff ffe8 

  0x0000020d28be67bc: ; ImmutableOopMap {[120]=Oop [136]=Oop [128]=Oop [152]=Oop rdx=Oop }
                      ;*synchronization entry
                      ; - java.net.URL::toExternalForm@-1
                      ; - java.net.URL::toString@1
                      ; - java.lang.ClassLoader::defineClassSourceLocation@22
                      ; - java.lang.ClassLoader::defineClass@12
  0x0000020d28be67bc: c035 3a07 | e90d feff 

  0x0000020d28be67c4: ;   {runtime_call throw_null_pointer_exception Runtime1 stub}
  0x0000020d28be67c4: ffe8 d6e4 

  0x0000020d28be67c8: ; ImmutableOopMap {[120]=Oop [136]=Oop [128]=Oop [152]=Oop rdx=Oop rsi=Oop }
                      ;*invokevirtual toExternalForm {reexecute=0 rethrow=0 return_oop=0}
                      ; - java.net.URL::toExternalForm@5
                      ; - java.net.URL::toString@1
                      ; - java.lang.ClassLoader::defineClassSourceLocation@22
                      ; - java.lang.ClassLoader::defineClass@12
                      ;   {internal_word}
  0x0000020d28be67c8: 3907 49ba | 2467 be28 | 0d02 0000 | 4d89 9768 

  0x0000020d28be67d8: ;   {runtime_call SafepointBlob}
  0x0000020d28be67d8: 0300 00e9 | 2012 3007 | 9090 498b | 87e0 0300 | 0049 c787 | e003 0000 | 0000 0000 | 49c7 87e8 
  0x0000020d28be67f8: 0300 0000 | 0000 0048 | 81c4 b000 

  0x0000020d28be6804: ;   {runtime_call unwind_exception Runtime1 stub}
  0x0000020d28be6804: 0000 5de9 | f404 3107 | f4f4 f4f4 | f4f4 f4f4 | f4f4 f4f4 | f4f4 f4f4 | f4f4 f4f4 
[Stub Code]
  0x0000020d28be6820: ;   {no_reloc}
  0x0000020d28be6820: 0f1f 4400 

  0x0000020d28be6824: ;   {static_stub}
  0x0000020d28be6824: 0048 bbc0 | da01 440d 

  0x0000020d28be682c: ;   {runtime_call I2C/C2I adapters}
  0x0000020d28be682c: 0200 00e9 | ad71 2f07 

  0x0000020d28be6834: ;   {static_stub}
  0x0000020d28be6834: 9048 bb00 | 0000 0000 

  0x0000020d28be683c: ;   {runtime_call}
  0x0000020d28be683c: 0000 00e9 | fbff ffff 

  0x0000020d28be6844: ;   {static_stub}
  0x0000020d28be6844: 9048 bb00 | 0000 0000 

  0x0000020d28be684c: ;   {runtime_call}
  0x0000020d28be684c: 0000 00e9 | fbff ffff 

  0x0000020d28be6854: ;   {static_stub}
  0x0000020d28be6854: 9048 bb00 | 0000 0000 

  0x0000020d28be685c: ;   {runtime_call}
  0x0000020d28be685c: 0000 00e9 | fbff ffff 
[Exception Handler]
  0x0000020d28be6864: ;   {runtime_call handle_exception_from_callee Runtime1 stub}
  0x0000020d28be6864: e817 023a 

  0x0000020d28be6868: ;   {external_word}
  0x0000020d28be6868: 0748 b930 | 9a4e 88fa | 7f00 0048 

  0x0000020d28be6874: ;   {runtime_call}
  0x0000020d28be6874: 83e4 f049 | ba40 2b17 | 88fa 7f00 | 0041 ffd2 

  0x0000020d28be6884: ;   {section_word}
  0x0000020d28be6884: f449 ba85 | 68be 280d | 0200 0041 

  0x0000020d28be6890: ;   {runtime_call DeoptimizationBlob}
  0x0000020d28be6890: 52e9 0a04 | 3007 f4f4 
[/MachCode]


Compiled method (c1)     807 1522       3       java.security.SecureClassLoader::defineClass (16 bytes)
 total in heap  [0x0000020d28c13810,0x0000020d28c13c00] = 1008
 relocation     [0x0000020d28c13968,0x0000020d28c139b0] = 72
 main code      [0x0000020d28c139c0,0x0000020d28c13b00] = 320
 stub code      [0x0000020d28c13b00,0x0000020d28c13b58] = 88
 metadata       [0x0000020d28c13b58,0x0000020d28c13b60] = 8
 scopes data    [0x0000020d28c13b60,0x0000020d28c13ba8] = 72
 scopes pcs     [0x0000020d28c13ba8,0x0000020d28c13bf8] = 80
 dependencies   [0x0000020d28c13bf8,0x0000020d28c13c00] = 8

[Constant Pool (empty)]

[MachCode]
[Entry Point]
  # {method} {0x0000020d44031ce8} 'defineClass' '(Ljava/lang/String;[BIILjava/security/CodeSource;)Ljava/lang/Class;' in 'java/security/SecureClassLoader'
  # this:     rdx:rdx   = 'java/security/SecureClassLoader'
  # parm0:    r8:r8     = 'java/lang/String'
  # parm1:    r9:r9     = '[B'
  # parm2:    rdi       = int
  # parm3:    rsi       = int
  # parm4:    rcx:rcx   = 'java/security/CodeSource'
  #           [sp+0x80]  (sp of caller)
  0x0000020d28c139c0: 448b 5208 | 49bb 0000 | 0000 0800 | 0000 4d03 | d34c 3bd0 

  0x0000020d28c139d4: ;   {runtime_call ic_miss_stub}
  0x0000020d28c139d4: 0f85 a6d6 | 2c07 660f | 1f44 0000 
[Verified Entry Point]
  0x0000020d28c139e0: 8984 2400 | 90ff ff55 | 4883 ec70 

  0x0000020d28c139ec: ;   {metadata(method data for {method} {0x0000020d44031ce8} 'defineClass' '(Ljava/lang/String;[BIILjava/security/CodeSource;)Ljava/lang/Class;' in 'java/security/SecureClassLoader')}
  0x0000020d28c139ec: 48bb b8fd | d744 0d02 | 0000 8b83 | cc00 0000 | 83c0 0289 | 83cc 0000 | 0081 e0fe | 0700 0083 
  0x0000020d28c13a0c: f800 0f84 | 8b00 0000 | 8974 245c | 897c 2458 | 4c89 4c24 | 504c 8944 | 2448 488b 

  0x0000020d28c13a28: ;   {metadata(method data for {method} {0x0000020d44031ce8} 'defineClass' '(Ljava/lang/String;[BIILjava/security/CodeSource;)Ljava/lang/Class;' in 'java/security/SecureClassLoader')}
  0x0000020d28c13a28: da48 b8b8 | fdd7 440d | 0200 0048 | 8380 1001 | 0000 014c | 8bc1 488b | c248 8bd0 | 4889 4424 
  0x0000020d28c13a48: 4066 0f1f 

  0x0000020d28c13a4c: ;   {optimized virtual_call}
  0x0000020d28c13a4c: 4400 00e8 

  0x0000020d28c13a50: ; ImmutableOopMap {[80]=Oop [64]=Oop [72]=Oop }
                      ;*invokevirtual getProtectionDomain {reexecute=0 rethrow=0 return_oop=0}
                      ; - java.security.SecureClassLoader::defineClass@9
  0x0000020d28c13a50: 4cff fcff | 488b 5424 

  0x0000020d28c13a58: ;   {metadata(method data for {method} {0x0000020d44031ce8} 'defineClass' '(Ljava/lang/String;[BIILjava/security/CodeSource;)Ljava/lang/Class;' in 'java/security/SecureClassLoader')}
  0x0000020d28c13a58: 4049 b8b8 | fdd7 440d | 0200 0049 | 8380 4801 | 0000 014c | 8b44 2448 | 4c8b 4c24 | 508b 7c24 
  0x0000020d28c13a78: 588b 7424 | 5c48 8bc8 | 488b 5424 

  0x0000020d28c13a84: ;   {optimized virtual_call}
  0x0000020d28c13a84: 4066 90e8 

  0x0000020d28c13a88: ; ImmutableOopMap {}
                      ;*invokevirtual defineClass {reexecute=0 rethrow=0 return_oop=0}
                      ; - java.security.SecureClassLoader::defineClass@12
  0x0000020d28c13a88: 1429 fdff | 4883 c470 

  0x0000020d28c13a90: ;   {poll_return}
  0x0000020d28c13a90: 5d49 3ba7 | 5003 0000 | 0f87 2200 

  0x0000020d28c13a9c: ;   {metadata({method} {0x0000020d44031ce8} 'defineClass' '(Ljava/lang/String;[BIILjava/security/CodeSource;)Ljava/lang/Class;' in 'java/security/SecureClassLoader')}
  0x0000020d28c13a9c: 0000 c349 | bae0 1c03 | 440d 0200 | 004c 8954 | 2408 48c7 | 0424 ffff 

  0x0000020d28c13ab4: ;   {runtime_call counter_overflow Runtime1 stub}
  0x0000020d28c13ab4: ffff e8c5 

  0x0000020d28c13ab8: ; ImmutableOopMap {rdx=Oop r8=Oop r9=Oop rcx=Oop }
                      ;*synchronization entry
                      ; - java.security.SecureClassLoader::defineClass@-1
  0x0000020d28c13ab8: 6237 07e9 | 54ff ffff 

  0x0000020d28c13ac0: ;   {internal_word}
  0x0000020d28c13ac0: 49ba 913a | c128 0d02 | 0000 4d89 | 9768 0300 

  0x0000020d28c13ad0: ;   {runtime_call SafepointBlob}
  0x0000020d28c13ad0: 00e9 2a3f | 2d07 9090 | 498b 87e0 | 0300 0049 | c787 e003 | 0000 0000 | 0000 49c7 | 87e8 0300 
  0x0000020d28c13af0: 0000 0000 | 0048 83c4 

  0x0000020d28c13af8: ;   {runtime_call unwind_exception Runtime1 stub}
  0x0000020d28c13af8: 705d e901 | 322e 07f4 
[Stub Code]
  0x0000020d28c13b00: ;   {no_reloc}
  0x0000020d28c13b00: 0f1f 4400 

  0x0000020d28c13b04: ;   {static_stub}
  0x0000020d28c13b04: 0048 bb00 | 0000 0000 

  0x0000020d28c13b0c: ;   {runtime_call}
  0x0000020d28c13b0c: 0000 00e9 | fbff ffff 

  0x0000020d28c13b14: ;   {static_stub}
  0x0000020d28c13b14: 9048 bb00 | 0000 0000 

  0x0000020d28c13b1c: ;   {runtime_call}
  0x0000020d28c13b1c: 0000 00e9 | fbff ffff 
[Exception Handler]
  0x0000020d28c13b24: ;   {runtime_call handle_exception_from_callee Runtime1 stub}
  0x0000020d28c13b24: e857 2f37 

  0x0000020d28c13b28: ;   {external_word}
  0x0000020d28c13b28: 0748 b930 | 9a4e 88fa | 7f00 0048 

  0x0000020d28c13b34: ;   {runtime_call}
  0x0000020d28c13b34: 83e4 f049 | ba40 2b17 | 88fa 7f00 | 0041 ffd2 

  0x0000020d28c13b44: ;   {section_word}
  0x0000020d28c13b44: f449 ba45 | 3bc1 280d | 0200 0041 

  0x0000020d28c13b50: ;   {runtime_call DeoptimizationBlob}
  0x0000020d28c13b50: 52e9 4a31 | 2d07 f4f4 
[/MachCode]


---------------  P R O C E S S  ---------------

Threads class SMR info:
_java_thread_list=0x0000020d486d7a10, length=21, elements={
0x0000020d23b3d7e0, 0x0000020d43a4c1a0, 0x0000020d43a4d7c0, 0x0000020d43acb930,
0x0000020d43acf410, 0x0000020d43acfdd0, 0x0000020d43ad0f30, 0x0000020d43ad53a0,
0x0000020d43ad5d60, 0x0000020d43add2e0, 0x0000020d43c0e310, 0x0000020d43ce93d0,
0x0000020d43d0bc50, 0x0000020d48524f40, 0x0000020d484811f0, 0x0000020d484d2020,
0x0000020d4873ff40, 0x0000020d48f96bc0, 0x0000020d48f2fce0, 0x0000020d48f48c00,
0x0000020d48f472b0
}

Java Threads: ( => current thread )
=>0x0000020d23b3d7e0 JavaThread "main" [_thread_in_vm, id=2276, stack(0x0000000e9f100000,0x0000000e9f200000)]
  0x0000020d43a4c1a0 JavaThread "Reference Handler" daemon [_thread_blocked, id=18524, stack(0x0000000e9f800000,0x0000000e9f900000)]
  0x0000020d43a4d7c0 JavaThread "Finalizer" daemon [_thread_blocked, id=7784, stack(0x0000000e9f900000,0x0000000e9fa00000)]
  0x0000020d43acb930 JavaThread "Signal Dispatcher" daemon [_thread_blocked, id=26616, stack(0x0000000e9fa00000,0x0000000e9fb00000)]
  0x0000020d43acf410 JavaThread "Attach Listener" daemon [_thread_blocked, id=21348, stack(0x0000000e9fb00000,0x0000000e9fc00000)]
  0x0000020d43acfdd0 JavaThread "Service Thread" daemon [_thread_blocked, id=11576, stack(0x0000000e9fc00000,0x0000000e9fd00000)]
  0x0000020d43ad0f30 JavaThread "Monitor Deflation Thread" daemon [_thread_blocked, id=2156, stack(0x0000000e9fd00000,0x0000000e9fe00000)]
  0x0000020d43ad53a0 JavaThread "C2 CompilerThread0" daemon [_thread_blocked, id=10720, stack(0x0000000e9fe00000,0x0000000e9ff00000)]
  0x0000020d43ad5d60 JavaThread "C1 CompilerThread0" daemon [_thread_blocked, id=20744, stack(0x0000000e9ff00000,0x0000000ea0000000)]
  0x0000020d43add2e0 JavaThread "Sweeper thread" daemon [_thread_blocked, id=20832, stack(0x0000000ea0000000,0x0000000ea0100000)]
  0x0000020d43c0e310 JavaThread "Common-Cleaner" daemon [_thread_blocked, id=10836, stack(0x0000000ea0100000,0x0000000ea0200000)]
  0x0000020d43ce93d0 JavaThread "Notification Thread" daemon [_thread_blocked, id=11016, stack(0x0000000ea0200000,0x0000000ea0300000)]
  0x0000020d43d0bc50 JavaThread "C2 CompilerThread1" daemon [_thread_in_native, id=13876, stack(0x0000000ea0300000,0x0000000ea0400000)]
  0x0000020d48524f40 JavaThread "RMI TCP Accept-0" daemon [_thread_in_native, id=24588, stack(0x0000000ea0400000,0x0000000ea0500000)]
  0x0000020d484811f0 JavaThread "RMI TCP Accept-45556" daemon [_thread_in_native, id=8296, stack(0x0000000ea0500000,0x0000000ea0600000)]
  0x0000020d484d2020 JavaThread "RMI TCP Accept-0" daemon [_thread_in_native, id=15856, stack(0x0000000ea0600000,0x0000000ea0700000)]
  0x0000020d4873ff40 JavaThread "RMI TCP Connection(1)-127.0.0.1" daemon [_thread_in_native, id=6776, stack(0x0000000ea0800000,0x0000000ea0900000)]
  0x0000020d48f96bc0 JavaThread "RMI Scheduler(0)" daemon [_thread_blocked, id=24688, stack(0x0000000ea0900000,0x0000000ea0a00000)]
  0x0000020d48f2fce0 JavaThread "RMI TCP Connection(2)-127.0.0.1" daemon [_thread_in_native, id=17904, stack(0x0000000ea0a00000,0x0000000ea0b00000)]
  0x0000020d48f48c00 JavaThread "JMX server connection timeout 21" daemon [_thread_blocked, id=10380, stack(0x0000000ea1100000,0x0000000ea1200000)]
  0x0000020d48f472b0 JavaThread "RMI TCP Connection(3)-127.0.0.1" daemon [_thread_in_native, id=21472, stack(0x0000000ea1200000,0x0000000ea1300000)]

Other Threads:
  0x0000020d43a87120 VMThread "VM Thread" [stack: 0x0000000e9f700000,0x0000000e9f800000] [id=11160]
  0x0000020d23b3e450 WatcherThread [stack: 0x0000000ea0700000,0x0000000ea0800000] [id=18336]
  0x0000020d25d33fa0 GCTaskThread "GC Thread#0" [stack: 0x0000000e9f200000,0x0000000e9f300000] [id=25428]
  0x0000020d48723c50 GCTaskThread "GC Thread#1" [stack: 0x0000000ea0b00000,0x0000000ea0c00000] [id=6052]
  0x0000020d48f6fd40 GCTaskThread "GC Thread#2" [stack: 0x0000000ea0c00000,0x0000000ea0d00000] [id=26336]
  0x0000020d48ecfb50 GCTaskThread "GC Thread#3" [stack: 0x0000000ea0d00000,0x0000000ea0e00000] [id=16640]
  0x0000020d48f8a010 GCTaskThread "GC Thread#4" [stack: 0x0000000ea0e00000,0x0000000ea0f00000] [id=2632]
  0x0000020d48f55bc0 GCTaskThread "GC Thread#5" [stack: 0x0000000ea0f00000,0x0000000ea1000000] [id=23968]
  0x0000020d25d44df0 ConcurrentGCThread "G1 Main Marker" [stack: 0x0000000e9f300000,0x0000000e9f400000] [id=24040]
  0x0000020d25d45fb0 ConcurrentGCThread "G1 Conc#0" [stack: 0x0000000e9f400000,0x0000000e9f500000] [id=23220]
  0x0000020d25d7ea80 ConcurrentGCThread "G1 Refine#0" [stack: 0x0000000e9f500000,0x0000000e9f600000] [id=22204]
  0x0000020d483e3bc0 ConcurrentGCThread "G1 Refine#1" [stack: 0x0000000ea1000000,0x0000000ea1100000] [id=7280]
  0x0000020d438e8a60 ConcurrentGCThread "G1 Service" [stack: 0x0000000e9f600000,0x0000000e9f700000] [id=21788]

Threads with active compile tasks:
C2 CompilerThread1      812 1779       4       org.springframework.boot.context.properties.source.ConfigurationPropertyName$ElementsParser::parse (234 bytes)

VM state: not at safepoint (normal execution)

VM Mutex/Monitor currently owned by a thread:  ([mutex/lock_event])
[0x0000020d25cbfc80] Metaspace_lock - owner thread: 0x0000020d23b3d7e0

Heap address: 0x0000000701000000, size: 4080 MB, Compressed Oops mode: Zero based, Oop shift amount: 3

CDS archive(s) not mapped
Compressed class space mapped at: 0x0000000800000000-0x0000000840000000, reserved size: 1073741824
Narrow klass base: 0x0000000800000000, Narrow klass shift: 0, Narrow klass range: 0x40000000

GC Precious Log:
 CPUs: 6 total, 6 available
 Memory: 16315M
 Large Page Support: Disabled
 NUMA Support: Disabled
 Compressed Oops: Enabled (Zero based)
 Heap Region Size: 2M
 Heap Min Capacity: 8M
 Heap Initial Capacity: 256M
 Heap Max Capacity: 4080M
 Pre-touch: Disabled
 Parallel Workers: 6
 Concurrent Workers: 2
 Concurrent Refinement Workers: 6
 Periodic GC: Disabled

Heap:
 garbage-first heap   total 262144K, used 22237K [0x0000000701000000, 0x0000000800000000)
  region size 2048K, 11 young (22528K), 2 survivors (4096K)
 Metaspace       used 18401K, committed 18688K, reserved 1114112K
  class space    used 2132K, committed 2304K, reserved 1048576K

Heap Regions: E=young(eden), S=young(survivor), O=old, HS=humongous(starts), HC=humongous(continues), CS=collection set, F=free, OA=open archive, CA=closed archive, TAMS=top-at-mark-start (previous, next)
|   0|0x0000000701000000, 0x00000007011b7400, 0x0000000701200000| 85%| O|  |TAMS 0x0000000701000000, 0x0000000701000000| Untracked 
|   1|0x0000000701200000, 0x0000000701200000, 0x0000000701400000|  0%| F|  |TAMS 0x0000000701200000, 0x0000000701200000| Untracked 
|   2|0x0000000701400000, 0x0000000701400000, 0x0000000701600000|  0%| F|  |TAMS 0x0000000701400000, 0x0000000701400000| Untracked 
|   3|0x0000000701600000, 0x0000000701600000, 0x0000000701800000|  0%| F|  |TAMS 0x0000000701600000, 0x0000000701600000| Untracked 
|   4|0x0000000701800000, 0x0000000701800000, 0x0000000701a00000|  0%| F|  |TAMS 0x0000000701800000, 0x0000000701800000| Untracked 
|   5|0x0000000701a00000, 0x0000000701a00000, 0x0000000701c00000|  0%| F|  |TAMS 0x0000000701a00000, 0x0000000701a00000| Untracked 
|   6|0x0000000701c00000, 0x0000000701c00000, 0x0000000701e00000|  0%| F|  |TAMS 0x0000000701c00000, 0x0000000701c00000| Untracked 
|   7|0x0000000701e00000, 0x0000000701e00000, 0x0000000702000000|  0%| F|  |TAMS 0x0000000701e00000, 0x0000000701e00000| Untracked 
|   8|0x0000000702000000, 0x0000000702000000, 0x0000000702200000|  0%| F|  |TAMS 0x0000000702000000, 0x0000000702000000| Untracked 
|   9|0x0000000702200000, 0x0000000702200000, 0x0000000702400000|  0%| F|  |TAMS 0x0000000702200000, 0x0000000702200000| Untracked 
|  10|0x0000000702400000, 0x0000000702400000, 0x0000000702600000|  0%| F|  |TAMS 0x0000000702400000, 0x0000000702400000| Untracked 
|  11|0x0000000702600000, 0x0000000702600000, 0x0000000702800000|  0%| F|  |TAMS 0x0000000702600000, 0x0000000702600000| Untracked 
|  12|0x0000000702800000, 0x0000000702800000, 0x0000000702a00000|  0%| F|  |TAMS 0x0000000702800000, 0x0000000702800000| Untracked 
|  13|0x0000000702a00000, 0x0000000702a00000, 0x0000000702c00000|  0%| F|  |TAMS 0x0000000702a00000, 0x0000000702a00000| Untracked 
|  14|0x0000000702c00000, 0x0000000702c00000, 0x0000000702e00000|  0%| F|  |TAMS 0x0000000702c00000, 0x0000000702c00000| Untracked 
|  15|0x0000000702e00000, 0x0000000702e00000, 0x0000000703000000|  0%| F|  |TAMS 0x0000000702e00000, 0x0000000702e00000| Untracked 
|  16|0x0000000703000000, 0x0000000703000000, 0x0000000703200000|  0%| F|  |TAMS 0x0000000703000000, 0x0000000703000000| Untracked 
|  17|0x0000000703200000, 0x0000000703200000, 0x0000000703400000|  0%| F|  |TAMS 0x0000000703200000, 0x0000000703200000| Untracked 
|  18|0x0000000703400000, 0x0000000703400000, 0x0000000703600000|  0%| F|  |TAMS 0x0000000703400000, 0x0000000703400000| Untracked 
|  19|0x0000000703600000, 0x0000000703600000, 0x0000000703800000|  0%| F|  |TAMS 0x0000000703600000, 0x0000000703600000| Untracked 
|  20|0x0000000703800000, 0x0000000703800000, 0x0000000703a00000|  0%| F|  |TAMS 0x0000000703800000, 0x0000000703800000| Untracked 
|  21|0x0000000703a00000, 0x0000000703a00000, 0x0000000703c00000|  0%| F|  |TAMS 0x0000000703a00000, 0x0000000703a00000| Untracked 
|  22|0x0000000703c00000, 0x0000000703c00000, 0x0000000703e00000|  0%| F|  |TAMS 0x0000000703c00000, 0x0000000703c00000| Untracked 
|  23|0x0000000703e00000, 0x0000000703e00000, 0x0000000704000000|  0%| F|  |TAMS 0x0000000703e00000, 0x0000000703e00000| Untracked 
|  24|0x0000000704000000, 0x0000000704000000, 0x0000000704200000|  0%| F|  |TAMS 0x0000000704000000, 0x0000000704000000| Untracked 
|  25|0x0000000704200000, 0x0000000704200000, 0x0000000704400000|  0%| F|  |TAMS 0x0000000704200000, 0x0000000704200000| Untracked 
|  26|0x0000000704400000, 0x0000000704400000, 0x0000000704600000|  0%| F|  |TAMS 0x0000000704400000, 0x0000000704400000| Untracked 
|  27|0x0000000704600000, 0x0000000704600000, 0x0000000704800000|  0%| F|  |TAMS 0x0000000704600000, 0x0000000704600000| Untracked 
|  28|0x0000000704800000, 0x0000000704800000, 0x0000000704a00000|  0%| F|  |TAMS 0x0000000704800000, 0x0000000704800000| Untracked 
|  29|0x0000000704a00000, 0x0000000704a00000, 0x0000000704c00000|  0%| F|  |TAMS 0x0000000704a00000, 0x0000000704a00000| Untracked 
|  30|0x0000000704c00000, 0x0000000704c00000, 0x0000000704e00000|  0%| F|  |TAMS 0x0000000704c00000, 0x0000000704c00000| Untracked 
|  31|0x0000000704e00000, 0x0000000704e00000, 0x0000000705000000|  0%| F|  |TAMS 0x0000000704e00000, 0x0000000704e00000| Untracked 
|  32|0x0000000705000000, 0x0000000705000000, 0x0000000705200000|  0%| F|  |TAMS 0x0000000705000000, 0x0000000705000000| Untracked 
|  33|0x0000000705200000, 0x0000000705200000, 0x0000000705400000|  0%| F|  |TAMS 0x0000000705200000, 0x0000000705200000| Untracked 
|  34|0x0000000705400000, 0x0000000705400000, 0x0000000705600000|  0%| F|  |TAMS 0x0000000705400000, 0x0000000705400000| Untracked 
|  35|0x0000000705600000, 0x0000000705600000, 0x0000000705800000|  0%| F|  |TAMS 0x0000000705600000, 0x0000000705600000| Untracked 
|  36|0x0000000705800000, 0x0000000705800000, 0x0000000705a00000|  0%| F|  |TAMS 0x0000000705800000, 0x0000000705800000| Untracked 
|  37|0x0000000705a00000, 0x0000000705a00000, 0x0000000705c00000|  0%| F|  |TAMS 0x0000000705a00000, 0x0000000705a00000| Untracked 
|  38|0x0000000705c00000, 0x0000000705c00000, 0x0000000705e00000|  0%| F|  |TAMS 0x0000000705c00000, 0x0000000705c00000| Untracked 
|  39|0x0000000705e00000, 0x0000000705e00000, 0x0000000706000000|  0%| F|  |TAMS 0x0000000705e00000, 0x0000000705e00000| Untracked 
|  40|0x0000000706000000, 0x0000000706000000, 0x0000000706200000|  0%| F|  |TAMS 0x0000000706000000, 0x0000000706000000| Untracked 
|  41|0x0000000706200000, 0x0000000706200000, 0x0000000706400000|  0%| F|  |TAMS 0x0000000706200000, 0x0000000706200000| Untracked 
|  42|0x0000000706400000, 0x0000000706400000, 0x0000000706600000|  0%| F|  |TAMS 0x0000000706400000, 0x0000000706400000| Untracked 
|  43|0x0000000706600000, 0x0000000706600000, 0x0000000706800000|  0%| F|  |TAMS 0x0000000706600000, 0x0000000706600000| Untracked 
|  44|0x0000000706800000, 0x0000000706800000, 0x0000000706a00000|  0%| F|  |TAMS 0x0000000706800000, 0x0000000706800000| Untracked 
|  45|0x0000000706a00000, 0x0000000706a00000, 0x0000000706c00000|  0%| F|  |TAMS 0x0000000706a00000, 0x0000000706a00000| Untracked 
|  46|0x0000000706c00000, 0x0000000706c00000, 0x0000000706e00000|  0%| F|  |TAMS 0x0000000706c00000, 0x0000000706c00000| Untracked 
|  47|0x0000000706e00000, 0x0000000706e00000, 0x0000000707000000|  0%| F|  |TAMS 0x0000000706e00000, 0x0000000706e00000| Untracked 
|  48|0x0000000707000000, 0x0000000707000000, 0x0000000707200000|  0%| F|  |TAMS 0x0000000707000000, 0x0000000707000000| Untracked 
|  49|0x0000000707200000, 0x0000000707200000, 0x0000000707400000|  0%| F|  |TAMS 0x0000000707200000, 0x0000000707200000| Untracked 
|  50|0x0000000707400000, 0x0000000707400000, 0x0000000707600000|  0%| F|  |TAMS 0x0000000707400000, 0x0000000707400000| Untracked 
|  51|0x0000000707600000, 0x0000000707600000, 0x0000000707800000|  0%| F|  |TAMS 0x0000000707600000, 0x0000000707600000| Untracked 
|  52|0x0000000707800000, 0x0000000707800000, 0x0000000707a00000|  0%| F|  |TAMS 0x0000000707800000, 0x0000000707800000| Untracked 
|  53|0x0000000707a00000, 0x0000000707a00000, 0x0000000707c00000|  0%| F|  |TAMS 0x0000000707a00000, 0x0000000707a00000| Untracked 
|  54|0x0000000707c00000, 0x0000000707c00000, 0x0000000707e00000|  0%| F|  |TAMS 0x0000000707c00000, 0x0000000707c00000| Untracked 
|  55|0x0000000707e00000, 0x0000000707e00000, 0x0000000708000000|  0%| F|  |TAMS 0x0000000707e00000, 0x0000000707e00000| Untracked 
|  56|0x0000000708000000, 0x0000000708000000, 0x0000000708200000|  0%| F|  |TAMS 0x0000000708000000, 0x0000000708000000| Untracked 
|  57|0x0000000708200000, 0x0000000708200000, 0x0000000708400000|  0%| F|  |TAMS 0x0000000708200000, 0x0000000708200000| Untracked 
|  58|0x0000000708400000, 0x0000000708400000, 0x0000000708600000|  0%| F|  |TAMS 0x0000000708400000, 0x0000000708400000| Untracked 
|  59|0x0000000708600000, 0x0000000708600000, 0x0000000708800000|  0%| F|  |TAMS 0x0000000708600000, 0x0000000708600000| Untracked 
|  60|0x0000000708800000, 0x0000000708800000, 0x0000000708a00000|  0%| F|  |TAMS 0x0000000708800000, 0x0000000708800000| Untracked 
|  61|0x0000000708a00000, 0x0000000708a00000, 0x0000000708c00000|  0%| F|  |TAMS 0x0000000708a00000, 0x0000000708a00000| Untracked 
|  62|0x0000000708c00000, 0x0000000708c00000, 0x0000000708e00000|  0%| F|  |TAMS 0x0000000708c00000, 0x0000000708c00000| Untracked 
|  63|0x0000000708e00000, 0x0000000708e00000, 0x0000000709000000|  0%| F|  |TAMS 0x0000000708e00000, 0x0000000708e00000| Untracked 
|  64|0x0000000709000000, 0x0000000709000000, 0x0000000709200000|  0%| F|  |TAMS 0x0000000709000000, 0x0000000709000000| Untracked 
|  65|0x0000000709200000, 0x0000000709200000, 0x0000000709400000|  0%| F|  |TAMS 0x0000000709200000, 0x0000000709200000| Untracked 
|  66|0x0000000709400000, 0x0000000709400000, 0x0000000709600000|  0%| F|  |TAMS 0x0000000709400000, 0x0000000709400000| Untracked 
|  67|0x0000000709600000, 0x0000000709600000, 0x0000000709800000|  0%| F|  |TAMS 0x0000000709600000, 0x0000000709600000| Untracked 
|  68|0x0000000709800000, 0x0000000709800000, 0x0000000709a00000|  0%| F|  |TAMS 0x0000000709800000, 0x0000000709800000| Untracked 
|  69|0x0000000709a00000, 0x0000000709a00000, 0x0000000709c00000|  0%| F|  |TAMS 0x0000000709a00000, 0x0000000709a00000| Untracked 
|  70|0x0000000709c00000, 0x0000000709c00000, 0x0000000709e00000|  0%| F|  |TAMS 0x0000000709c00000, 0x0000000709c00000| Untracked 
|  71|0x0000000709e00000, 0x0000000709e00000, 0x000000070a000000|  0%| F|  |TAMS 0x0000000709e00000, 0x0000000709e00000| Untracked 
|  72|0x000000070a000000, 0x000000070a000000, 0x000000070a200000|  0%| F|  |TAMS 0x000000070a000000, 0x000000070a000000| Untracked 
|  73|0x000000070a200000, 0x000000070a200000, 0x000000070a400000|  0%| F|  |TAMS 0x000000070a200000, 0x000000070a200000| Untracked 
|  74|0x000000070a400000, 0x000000070a400000, 0x000000070a600000|  0%| F|  |TAMS 0x000000070a400000, 0x000000070a400000| Untracked 
|  75|0x000000070a600000, 0x000000070a600000, 0x000000070a800000|  0%| F|  |TAMS 0x000000070a600000, 0x000000070a600000| Untracked 
|  76|0x000000070a800000, 0x000000070a800000, 0x000000070aa00000|  0%| F|  |TAMS 0x000000070a800000, 0x000000070a800000| Untracked 
|  77|0x000000070aa00000, 0x000000070aa00000, 0x000000070ac00000|  0%| F|  |TAMS 0x000000070aa00000, 0x000000070aa00000| Untracked 
|  78|0x000000070ac00000, 0x000000070ac00000, 0x000000070ae00000|  0%| F|  |TAMS 0x000000070ac00000, 0x000000070ac00000| Untracked 
|  79|0x000000070ae00000, 0x000000070ae00000, 0x000000070b000000|  0%| F|  |TAMS 0x000000070ae00000, 0x000000070ae00000| Untracked 
|  80|0x000000070b000000, 0x000000070b000000, 0x000000070b200000|  0%| F|  |TAMS 0x000000070b000000, 0x000000070b000000| Untracked 
|  81|0x000000070b200000, 0x000000070b200000, 0x000000070b400000|  0%| F|  |TAMS 0x000000070b200000, 0x000000070b200000| Untracked 
|  82|0x000000070b400000, 0x000000070b400000, 0x000000070b600000|  0%| F|  |TAMS 0x000000070b400000, 0x000000070b400000| Untracked 
|  83|0x000000070b600000, 0x000000070b600000, 0x000000070b800000|  0%| F|  |TAMS 0x000000070b600000, 0x000000070b600000| Untracked 
|  84|0x000000070b800000, 0x000000070b800000, 0x000000070ba00000|  0%| F|  |TAMS 0x000000070b800000, 0x000000070b800000| Untracked 
|  85|0x000000070ba00000, 0x000000070ba00000, 0x000000070bc00000|  0%| F|  |TAMS 0x000000070ba00000, 0x000000070ba00000| Untracked 
|  86|0x000000070bc00000, 0x000000070bc00000, 0x000000070be00000|  0%| F|  |TAMS 0x000000070bc00000, 0x000000070bc00000| Untracked 
|  87|0x000000070be00000, 0x000000070be00000, 0x000000070c000000|  0%| F|  |TAMS 0x000000070be00000, 0x000000070be00000| Untracked 
|  88|0x000000070c000000, 0x000000070c000000, 0x000000070c200000|  0%| F|  |TAMS 0x000000070c000000, 0x000000070c000000| Untracked 
|  89|0x000000070c200000, 0x000000070c200000, 0x000000070c400000|  0%| F|  |TAMS 0x000000070c200000, 0x000000070c200000| Untracked 
|  90|0x000000070c400000, 0x000000070c400000, 0x000000070c600000|  0%| F|  |TAMS 0x000000070c400000, 0x000000070c400000| Untracked 
|  91|0x000000070c600000, 0x000000070c600000, 0x000000070c800000|  0%| F|  |TAMS 0x000000070c600000, 0x000000070c600000| Untracked 
|  92|0x000000070c800000, 0x000000070c800000, 0x000000070ca00000|  0%| F|  |TAMS 0x000000070c800000, 0x000000070c800000| Untracked 
|  93|0x000000070ca00000, 0x000000070ca00000, 0x000000070cc00000|  0%| F|  |TAMS 0x000000070ca00000, 0x000000070ca00000| Untracked 
|  94|0x000000070cc00000, 0x000000070cc00000, 0x000000070ce00000|  0%| F|  |TAMS 0x000000070cc00000, 0x000000070cc00000| Untracked 
|  95|0x000000070ce00000, 0x000000070ce00000, 0x000000070d000000|  0%| F|  |TAMS 0x000000070ce00000, 0x000000070ce00000| Untracked 
|  96|0x000000070d000000, 0x000000070d000000, 0x000000070d200000|  0%| F|  |TAMS 0x000000070d000000, 0x000000070d000000| Untracked 
|  97|0x000000070d200000, 0x000000070d200000, 0x000000070d400000|  0%| F|  |TAMS 0x000000070d200000, 0x000000070d200000| Untracked 
|  98|0x000000070d400000, 0x000000070d400000, 0x000000070d600000|  0%| F|  |TAMS 0x000000070d400000, 0x000000070d400000| Untracked 
|  99|0x000000070d600000, 0x000000070d600000, 0x000000070d800000|  0%| F|  |TAMS 0x000000070d600000, 0x000000070d600000| Untracked 
| 100|0x000000070d800000, 0x000000070d800000, 0x000000070da00000|  0%| F|  |TAMS 0x000000070d800000, 0x000000070d800000| Untracked 
| 101|0x000000070da00000, 0x000000070da00000, 0x000000070dc00000|  0%| F|  |TAMS 0x000000070da00000, 0x000000070da00000| Untracked 
| 102|0x000000070dc00000, 0x000000070dc00000, 0x000000070de00000|  0%| F|  |TAMS 0x000000070dc00000, 0x000000070dc00000| Untracked 
| 103|0x000000070de00000, 0x000000070de00000, 0x000000070e000000|  0%| F|  |TAMS 0x000000070de00000, 0x000000070de00000| Untracked 
| 104|0x000000070e000000, 0x000000070e000000, 0x000000070e200000|  0%| F|  |TAMS 0x000000070e000000, 0x000000070e000000| Untracked 
| 105|0x000000070e200000, 0x000000070e200000, 0x000000070e400000|  0%| F|  |TAMS 0x000000070e200000, 0x000000070e200000| Untracked 
| 106|0x000000070e400000, 0x000000070e400000, 0x000000070e600000|  0%| F|  |TAMS 0x000000070e400000, 0x000000070e400000| Untracked 
| 107|0x000000070e600000, 0x000000070e600000, 0x000000070e800000|  0%| F|  |TAMS 0x000000070e600000, 0x000000070e600000| Untracked 
| 108|0x000000070e800000, 0x000000070e800000, 0x000000070ea00000|  0%| F|  |TAMS 0x000000070e800000, 0x000000070e800000| Untracked 
| 109|0x000000070ea00000, 0x000000070ea00000, 0x000000070ec00000|  0%| F|  |TAMS 0x000000070ea00000, 0x000000070ea00000| Untracked 
| 110|0x000000070ec00000, 0x000000070ec00000, 0x000000070ee00000|  0%| F|  |TAMS 0x000000070ec00000, 0x000000070ec00000| Untracked 
| 111|0x000000070ee00000, 0x000000070ee00000, 0x000000070f000000|  0%| F|  |TAMS 0x000000070ee00000, 0x000000070ee00000| Untracked 
| 112|0x000000070f000000, 0x000000070f000000, 0x000000070f200000|  0%| F|  |TAMS 0x000000070f000000, 0x000000070f000000| Untracked 
| 113|0x000000070f200000, 0x000000070f200000, 0x000000070f400000|  0%| F|  |TAMS 0x000000070f200000, 0x000000070f200000| Untracked 
| 114|0x000000070f400000, 0x000000070f400000, 0x000000070f600000|  0%| F|  |TAMS 0x000000070f400000, 0x000000070f400000| Untracked 
| 115|0x000000070f600000, 0x000000070f600000, 0x000000070f800000|  0%| F|  |TAMS 0x000000070f600000, 0x000000070f600000| Untracked 
| 116|0x000000070f800000, 0x000000070fa00000, 0x000000070fa00000|100%| S|CS|TAMS 0x000000070f800000, 0x000000070f800000| Complete 
| 117|0x000000070fa00000, 0x000000070fc00000, 0x000000070fc00000|100%| S|CS|TAMS 0x000000070fa00000, 0x000000070fa00000| Complete 
| 118|0x000000070fc00000, 0x000000070fc00000, 0x000000070fe00000|  0%| F|  |TAMS 0x000000070fc00000, 0x000000070fc00000| Untracked 
| 119|0x000000070fe00000, 0x000000070fe09b30, 0x0000000710000000|  1%| E|  |TAMS 0x000000070fe00000, 0x000000070fe00000| Complete 
| 120|0x0000000710000000, 0x0000000710200000, 0x0000000710200000|100%| E|CS|TAMS 0x0000000710000000, 0x0000000710000000| Complete 
| 121|0x0000000710200000, 0x0000000710400000, 0x0000000710400000|100%| E|CS|TAMS 0x0000000710200000, 0x0000000710200000| Complete 
| 122|0x0000000710400000, 0x0000000710600000, 0x0000000710600000|100%| E|CS|TAMS 0x0000000710400000, 0x0000000710400000| Complete 
| 123|0x0000000710600000, 0x0000000710800000, 0x0000000710800000|100%| E|CS|TAMS 0x0000000710600000, 0x0000000710600000| Complete 
| 124|0x0000000710800000, 0x0000000710a00000, 0x0000000710a00000|100%| E|CS|TAMS 0x0000000710800000, 0x0000000710800000| Complete 
| 125|0x0000000710a00000, 0x0000000710c00000, 0x0000000710c00000|100%| E|CS|TAMS 0x0000000710a00000, 0x0000000710a00000| Complete 
| 126|0x0000000710c00000, 0x0000000710e00000, 0x0000000710e00000|100%| E|CS|TAMS 0x0000000710c00000, 0x0000000710c00000| Complete 
| 127|0x0000000710e00000, 0x0000000711000000, 0x0000000711000000|100%| E|CS|TAMS 0x0000000710e00000, 0x0000000710e00000| Complete 

Card table byte_map: [0x0000020d38270000,0x0000020d38a70000] _byte_map_base: 0x0000020d34a68000

Marking Bits (Prev, Next): (CMBitMap*) 0x0000020d25d345c0, (CMBitMap*) 0x0000020d25d34600
 Prev Bits: [0x0000020d39270000, 0x0000020d3d230000)
 Next Bits: [0x0000020d3d230000, 0x0000020d411f0000)

Polling page: 0x0000020d23c30000

Metaspace:

Usage:
  Non-class:     15.89 MB used.
      Class:      2.08 MB used.
       Both:     17.97 MB used.

Virtual space:
  Non-class space:       64.00 MB reserved,      16.00 MB ( 25%) committed,  1 nodes.
      Class space:        1.00 GB reserved,       2.25 MB ( <1%) committed,  1 nodes.
             Both:        1.06 GB reserved,      18.25 MB (  2%) committed. 

Chunk freelists:
   Non-Class:  15.30 MB
       Class:  13.73 MB
        Both:  29.03 MB

MaxMetaspaceSize: unlimited
CompressedClassSpaceSize: 1.00 GB
Initial GC threshold: 21.00 MB
Current GC threshold: 21.00 MB
CDS: off
MetaspaceReclaimPolicy: balanced
 - commit_granule_bytes: 65536.
 - commit_granule_words: 8192.
 - virtual_space_node_default_size: 8388608.
 - enlarge_chunks_in_place: 1.
 - new_chunks_are_fully_committed: 0.
 - uncommit_free_chunks: 1.
 - use_allocation_guard: 0.
 - handle_deallocations: 1.


Internal statistics:

num_allocs_failed_limit: 0.
num_arena_births: 282.
num_arena_deaths: 0.
num_vsnodes_births: 2.
num_vsnodes_deaths: 0.
num_space_committed: 292.
num_space_uncommitted: 0.
num_chunks_returned_to_freelist: 0.
num_chunks_taken_from_freelist: 586.
num_chunk_merges: 0.
num_chunk_splits: 335.
num_chunks_enlarged: 192.
num_inconsistent_stats: 0.

CodeHeap 'non-profiled nmethods': size=120000Kb used=627Kb max_used=627Kb free=119372Kb
 bounds [0x0000020d30430000, 0x0000020d306a0000, 0x0000020d37960000]
CodeHeap 'profiled nmethods': size=120000Kb used=3429Kb max_used=3429Kb free=116570Kb
 bounds [0x0000020d28960000, 0x0000020d28cc0000, 0x0000020d2fe90000]
CodeHeap 'non-nmethods': size=5760Kb used=1177Kb max_used=1204Kb free=4582Kb
 bounds [0x0000020d2fe90000, 0x0000020d30100000, 0x0000020d30430000]
 total_blobs=2328 nmethods=1855 adapters=385
 compilation: enabled
              stopped_count=0, restarted_count=0
 full_count=0

Compilation events (20 events):
Event: 0.774 Thread 0x0000020d43ad5d60 nmethod 1848 0x0000020d28cb4790 code [0x0000020d28cb4960, 0x0000020d28cb4e68]
Event: 0.774 Thread 0x0000020d43ad5d60 1849       3       java.lang.invoke.MethodHandles$Lookup$ClassDefiner::<init> (58 bytes)
Event: 0.774 Thread 0x0000020d43ad5d60 nmethod 1849 0x0000020d28cb5010 code [0x0000020d28cb51c0, 0x0000020d28cb5478]
Event: 0.774 Thread 0x0000020d43ad5d60 1850       3       java.util.concurrent.ConcurrentHashMap::sumCount (60 bytes)
Event: 0.775 Thread 0x0000020d43ad5d60 nmethod 1850 0x0000020d28cb5590 code [0x0000020d28cb5740, 0x0000020d28cb59b8]
Event: 0.775 Thread 0x0000020d43ad5d60 1851       1       java.util.stream.Node::getChildCount (2 bytes)
Event: 0.775 Thread 0x0000020d43ad5d60 nmethod 1851 0x0000020d304cbb10 code [0x0000020d304cbca0, 0x0000020d304cbd78]
Event: 0.775 Thread 0x0000020d43ad5d60 1852       3       org.springframework.boot.context.properties.source.ConfigurationPropertyName::getParent (24 bytes)
Event: 0.775 Thread 0x0000020d43ad5d60 nmethod 1852 0x0000020d28cb5b10 code [0x0000020d28cb5d00, 0x0000020d28cb6308]
Event: 0.775 Thread 0x0000020d43ad5d60 1853       3       org.springframework.boot.context.properties.source.ConfigurationPropertyName::chop (26 bytes)
Event: 0.775 Thread 0x0000020d43ad5d60 nmethod 1853 0x0000020d28cb6510 code [0x0000020d28cb66e0, 0x0000020d28cb6bc8]
Event: 0.775 Thread 0x0000020d43ad5d60 1854       3       org.springframework.boot.context.properties.source.SpringConfigurationPropertySources$SourcesIterator::fetchNext (139 bytes)
Event: 0.776 Thread 0x0000020d43ad5d60 nmethod 1854 0x0000020d28cb6d90 code [0x0000020d28cb70a0, 0x0000020d28cb87a8]
Event: 0.776 Thread 0x0000020d43ad5d60 1855       3       java.util.concurrent.CopyOnWriteArrayList$COWIterator::next (32 bytes)
Event: 0.776 Thread 0x0000020d43ad5d60 nmethod 1855 0x0000020d28cb8c90 code [0x0000020d28cb8e40, 0x0000020d28cb9148]
Event: 0.776 Thread 0x0000020d43ad5d60 1856       3       java.util.ArrayDeque::isEmpty (17 bytes)
Event: 0.776 Thread 0x0000020d43ad5d60 nmethod 1856 0x0000020d28cb9290 code [0x0000020d28cb9420, 0x0000020d28cb9598]
Event: 0.776 Thread 0x0000020d43ad53a0 nmethod 1814 0x0000020d304cbe10 code [0x0000020d304cbfc0, 0x0000020d304cc7e8]
Event: 0.776 Thread 0x0000020d43ad53a0 1845       4       java.lang.String::getBytes (44 bytes)
Event: 0.777 Thread 0x0000020d43ad53a0 nmethod 1845 0x0000020d304ccb10 code [0x0000020d304ccc80, 0x0000020d304ccdb8]

GC Heap History (2 events):
Event: 0.536 GC heap before
{Heap before GC invocations=0 (full 0):
 garbage-first heap   total 262144K, used 18432K [0x0000000701000000, 0x0000000800000000)
  region size 2048K, 10 young (20480K), 0 survivors (0K)
 Metaspace       used 14776K, committed 14976K, reserved 1114112K
  class space    used 1627K, committed 1728K, reserved 1048576K
}
Event: 0.540 GC heap after
{Heap after GC invocations=1 (full 0):
 garbage-first heap   total 262144K, used 5853K [0x0000000701000000, 0x0000000800000000)
  region size 2048K, 2 young (4096K), 2 survivors (4096K)
 Metaspace       used 14776K, committed 14976K, reserved 1114112K
  class space    used 1627K, committed 1728K, reserved 1048576K
}

Dll operation events (8 events):
Event: 0.004 Loaded shared library C:\Users\Gamer\.vscode\extensions\redhat.java-1.31.0-win32-x64\jre\17.0.11-win32-x86_64\bin\java.dll
Event: 0.113 Loaded shared library C:\Users\Gamer\.vscode\extensions\redhat.java-1.31.0-win32-x64\jre\17.0.11-win32-x86_64\bin\jimage.dll
Event: 0.123 Loaded shared library C:\Users\Gamer\.vscode\extensions\redhat.java-1.31.0-win32-x64\jre\17.0.11-win32-x86_64\bin\net.dll
Event: 0.124 Loaded shared library C:\Users\Gamer\.vscode\extensions\redhat.java-1.31.0-win32-x64\jre\17.0.11-win32-x86_64\bin\nio.dll
Event: 0.131 Loaded shared library C:\Users\Gamer\.vscode\extensions\redhat.java-1.31.0-win32-x64\jre\17.0.11-win32-x86_64\bin\zip.dll
Event: 0.164 Loaded shared library C:\Users\Gamer\.vscode\extensions\redhat.java-1.31.0-win32-x64\jre\17.0.11-win32-x86_64\bin\management.dll
Event: 0.174 Loaded shared library C:\Users\Gamer\.vscode\extensions\redhat.java-1.31.0-win32-x64\jre\17.0.11-win32-x86_64\bin\management_ext.dll
Event: 0.348 Loaded shared library C:\Users\Gamer\.vscode\extensions\redhat.java-1.31.0-win32-x64\jre\17.0.11-win32-x86_64\bin\extnet.dll

Deoptimization events (20 events):
Event: 0.608 Thread 0x0000020d48f2fce0 DEOPT PACKING pc=0x0000020d28a7223a sp=0x0000000ea0afd240
Event: 0.608 Thread 0x0000020d48f2fce0 DEOPT UNPACKING pc=0x0000020d2fee7143 sp=0x0000000ea0afc6b8 mode 0
Event: 0.629 Thread 0x0000020d23b3d7e0 Uncommon trap: trap_request=0xffffffc6 fr.pc=0x0000020d304ac4a8 relative=0x0000000000001268
Event: 0.629 Thread 0x0000020d23b3d7e0 Uncommon trap: reason=bimorphic_or_optimized_type_check action=maybe_recompile pc=0x0000020d304ac4a8 method=java.util.HashMap.putVal(ILjava/lang/Object;Ljava/lang/Object;ZZ)Ljava/lang/Object; @ 56 c2
Event: 0.629 Thread 0x0000020d23b3d7e0 DEOPT PACKING pc=0x0000020d304ac4a8 sp=0x0000000e9f1fe090
Event: 0.629 Thread 0x0000020d23b3d7e0 DEOPT UNPACKING pc=0x0000020d2fee69a3 sp=0x0000000e9f1fe018 mode 2
Event: 0.629 Thread 0x0000020d23b3d7e0 Uncommon trap: trap_request=0xffffffc6 fr.pc=0x0000020d304ac4a8 relative=0x0000000000001268
Event: 0.629 Thread 0x0000020d23b3d7e0 Uncommon trap: reason=bimorphic_or_optimized_type_check action=maybe_recompile pc=0x0000020d304ac4a8 method=java.util.HashMap.putVal(ILjava/lang/Object;Ljava/lang/Object;ZZ)Ljava/lang/Object; @ 56 c2
Event: 0.629 Thread 0x0000020d23b3d7e0 DEOPT PACKING pc=0x0000020d304ac4a8 sp=0x0000000e9f1fe090
Event: 0.629 Thread 0x0000020d23b3d7e0 DEOPT UNPACKING pc=0x0000020d2fee69a3 sp=0x0000000e9f1fe018 mode 2
Event: 0.629 Thread 0x0000020d23b3d7e0 Uncommon trap: trap_request=0xffffffc6 fr.pc=0x0000020d304ac4a8 relative=0x0000000000001268
Event: 0.629 Thread 0x0000020d23b3d7e0 Uncommon trap: reason=bimorphic_or_optimized_type_check action=maybe_recompile pc=0x0000020d304ac4a8 method=java.util.HashMap.putVal(ILjava/lang/Object;Ljava/lang/Object;ZZ)Ljava/lang/Object; @ 56 c2
Event: 0.629 Thread 0x0000020d23b3d7e0 DEOPT PACKING pc=0x0000020d304ac4a8 sp=0x0000000e9f1fe090
Event: 0.629 Thread 0x0000020d23b3d7e0 DEOPT UNPACKING pc=0x0000020d2fee69a3 sp=0x0000000e9f1fe018 mode 2
Event: 0.629 Thread 0x0000020d23b3d7e0 Uncommon trap: trap_request=0xffffffc6 fr.pc=0x0000020d304ac4a8 relative=0x0000000000001268
Event: 0.629 Thread 0x0000020d23b3d7e0 Uncommon trap: reason=bimorphic_or_optimized_type_check action=maybe_recompile pc=0x0000020d304ac4a8 method=java.util.HashMap.putVal(ILjava/lang/Object;Ljava/lang/Object;ZZ)Ljava/lang/Object; @ 56 c2
Event: 0.629 Thread 0x0000020d23b3d7e0 DEOPT PACKING pc=0x0000020d304ac4a8 sp=0x0000000e9f1fe090
Event: 0.629 Thread 0x0000020d23b3d7e0 DEOPT UNPACKING pc=0x0000020d2fee69a3 sp=0x0000000e9f1fe018 mode 2
Event: 0.645 Thread 0x0000020d23b3d7e0 DEOPT PACKING pc=0x0000020d28ad4f48 sp=0x0000000e9f1fe230
Event: 0.645 Thread 0x0000020d23b3d7e0 DEOPT UNPACKING pc=0x0000020d2fee7143 sp=0x0000000e9f1fd748 mode 0

Classes unloaded (0 events):
No events

Classes redefined (0 events):
No events

Internal exceptions (20 events):
Event: 0.591 Thread 0x0000020d48f2fce0 Exception <a 'java/lang/ClassNotFoundException'{0x0000000710b0d8b0}: org/springframework/context/support/LiveBeansView> (0x0000000710b0d8b0) 
thrown [s\src\hotspot\share\classfile\systemDictionary.cpp, line 256]
Event: 0.594 Thread 0x0000020d23b3d7e0 Exception <a 'java/lang/IncompatibleClassChangeError'{0x0000000710ab7470}: Found class java.lang.Object, but interface was expected> (0x0000000710ab7470) 
thrown [s\src\hotspot\share\interpreter\linkResolver.cpp, line 826]
Event: 0.604 Thread 0x0000020d48f2fce0 Exception <a 'java/lang/reflect/InvocationTargetException'{0x0000000710b18db8}> (0x0000000710b18db8) 
thrown [s\src\hotspot\share\runtime\reflection.cpp, line 1121]
Event: 0.608 Thread 0x0000020d48f2fce0 Exception <a 'java/lang/NoSuchMethodError'{0x0000000710b43288}: static [Ljava/lang/StackTraceElement;.<clinit>()V> (0x0000000710b43288) 
thrown [s\src\hotspot\share\prims\jni.cpp, line 1112]
Event: 0.624 Thread 0x0000020d23b3d7e0 Exception <a 'sun/nio/fs/WindowsException'{0x0000000710bf1928}> (0x0000000710bf1928) 
thrown [s\src\hotspot\share\prims\jni.cpp, line 516]
Event: 0.705 Thread 0x0000020d23b3d7e0 Exception <a 'java/lang/NoSuchMethodError'{0x00000007105419e0}: 'java.lang.Object java.lang.invoke.DirectMethodHandle$Holder.newInvokeSpecial(java.lang.Object, java.lang.Object, java.lang.Object, java.lang.Object, java.lang.Object, java.lang.Object, java.lang.Object)'> (0x00000007105419e0) 
thrown [s\src\hotspot\share\interpreter\linkResolver.cpp, line 759]
Event: 0.706 Thread 0x0000020d23b3d7e0 Exception <a 'java/lang/NoSuchMethodError'{0x00000007105462f0}: 'java.lang.Object java.lang.invoke.Invokers$Holder.linkToTargetMethod(java.lang.Object, java.lang.Object, java.lang.Object, java.lang.Object, java.lang.Object, java.lang.Object, java.lang.Object)'> (0x00000007105462f0) 
thrown [s\src\hotspot\share\interpreter\linkResolver.cpp, line 759]
Event: 0.707 Thread 0x0000020d23b3d7e0 Exception <a 'java/lang/NoSuchMethodError'{0x0000000710563d30}: 'void java.lang.invoke.DirectMethodHandle$Holder.invokeStaticInit(java.lang.Object, java.lang.Object)'> (0x0000000710563d30) 
thrown [s\src\hotspot\share\interpreter\linkResolver.cpp, line 759]
Event: 0.711 Thread 0x0000020d23b3d7e0 Exception <a 'java/lang/NoSuchMethodError'{0x00000007105a9368}: 'int java.lang.invoke.DirectMethodHandle$Holder.invokeStatic(java.lang.Object, java.lang.Object, java.lang.Object, java.lang.Object)'> (0x00000007105a9368) 
thrown [s\src\hotspot\share\interpreter\linkResolver.cpp, line 759]
Event: 0.711 Thread 0x0000020d23b3d7e0 Exception <a 'java/lang/NoSuchMethodError'{0x00000007105acce8}: 'java.lang.Object java.lang.invoke.Invokers$Holder.invokeExact_MT(java.lang.Object, java.lang.Object, java.lang.Object, java.lang.Object, java.lang.Object, java.lang.Object)'> (0x00000007105acce8) 
thrown [s\src\hotspot\share\interpreter\linkResolver.cpp, line 759]
Event: 0.717 Thread 0x0000020d23b3d7e0 Exception <a 'java/lang/NoSuchMethodError'{0x000000071020d048}: 'java.lang.Object java.lang.invoke.DirectMethodHandle$Holder.invokeSpecial(java.lang.Object, java.lang.Object, java.lang.Object, java.lang.Object, java.lang.Object, java.lang.Object, int)'> (0x000000071020d048) 
thrown [s\src\hotspot\share\interpreter\linkResolver.cpp, line 759]
Event: 0.717 Thread 0x0000020d23b3d7e0 Exception <a 'java/lang/NoSuchMethodError'{0x00000007102175b0}: 'java.lang.Object java.lang.invoke.DirectMethodHandle$Holder.newInvokeSpecial(java.lang.Object, java.lang.Object, java.lang.Object, java.lang.Object, java.lang.Object, java.lang.Object, int)'> (0x00000007102175b0) 
thrown [s\src\hotspot\share\interpreter\linkResolver.cpp, line 759]
Event: 0.718 Thread 0x0000020d23b3d7e0 Exception <a 'java/lang/NoSuchMethodError'{0x000000071021c5f0}: 'java.lang.Object java.lang.invoke.DirectMethodHandle$Holder.invokeSpecial(java.lang.Object, java.lang.Object, java.lang.Object, java.lang.Object, java.lang.Object, java.lang.Object, java.lang.Object, int)'> (0x000000071021c5f0) 
thrown [s\src\hotspot\share\interpreter\linkResolver.cpp, line 759]
Event: 0.738 Thread 0x0000020d23b3d7e0 Exception <a 'java/lang/NoSuchMethodError'{0x00000007103687f8}: 'void java.lang.invoke.DirectMethodHandle$Holder.invokeSpecial(java.lang.Object, java.lang.Object, java.lang.Object, java.lang.Object, java.lang.Object)'> (0x00000007103687f8) 
thrown [s\src\hotspot\share\interpreter\linkResolver.cpp, line 759]
Event: 0.752 Thread 0x0000020d23b3d7e0 Exception <a 'java/lang/NoSuchMethodError'{0x0000000710042e68}: 'java.lang.Object java.lang.invoke.DirectMethodHandle$Holder.invokeSpecial(java.lang.Object, java.lang.Object, java.lang.Object, int, java.lang.Object)'> (0x0000000710042e68) 
thrown [s\src\hotspot\share\interpreter\linkResolver.cpp, line 759]
Event: 0.752 Thread 0x0000020d23b3d7e0 Exception <a 'java/lang/NoSuchMethodError'{0x000000071004b3d0}: 'java.lang.Object java.lang.invoke.DirectMethodHandle$Holder.newInvokeSpecial(java.lang.Object, java.lang.Object, java.lang.Object, int, java.lang.Object)'> (0x000000071004b3d0) 
thrown [s\src\hotspot\share\interpreter\linkResolver.cpp, line 759]
Event: 0.753 Thread 0x0000020d23b3d7e0 Exception <a 'java/lang/NoSuchMethodError'{0x0000000710061090}: 'java.lang.Object java.lang.invoke.DirectMethodHandle$Holder.newInvokeSpecial(java.lang.Object, int, java.lang.Object)'> (0x0000000710061090) 
thrown [s\src\hotspot\share\interpreter\linkResolver.cpp, line 759]
Event: 0.753 Thread 0x0000020d23b3d7e0 Exception <a 'java/lang/NoSuchMethodError'{0x0000000710065060}: 'int java.lang.invoke.DirectMethodHandle$Holder.invokeSpecialIFC(java.lang.Object, java.lang.Object, java.lang.Object, java.lang.Object)'> (0x0000000710065060) 
thrown [s\src\hotspot\share\interpreter\linkResolver.cpp, line 759]
Event: 0.766 Thread 0x0000020d23b3d7e0 Exception <a 'java/lang/NoSuchMethodError'{0x000000071014eb70}: 'void java.lang.invoke.DirectMethodHandle$Holder.invokeInterface(java.lang.Object, java.lang.Object, java.lang.Object)'> (0x000000071014eb70) 
thrown [s\src\hotspot\share\interpreter\linkResolver.cpp, line 759]
Event: 0.778 Thread 0x0000020d23b3d7e0 Exception <a 'java/lang/NoSuchMethodError'{0x00000007101d4e08}: 'void java.lang.invoke.DirectMethodHandle$Holder.invokeStaticInit(java.lang.Object, java.lang.Object, java.lang.Object)'> (0x00000007101d4e08) 
thrown [s\src\hotspot\share\interpreter\linkResolver.cpp, line 759]

VM Operations (20 events):
Event: 0.098 Executing VM operation: HandshakeAllThreads
Event: 0.098 Executing VM operation: HandshakeAllThreads done
Event: 0.254 Executing VM operation: HandshakeAllThreads
Event: 0.254 Executing VM operation: HandshakeAllThreads done
Event: 0.276 Executing VM operation: HandshakeAllThreads
Event: 0.276 Executing VM operation: HandshakeAllThreads done
Event: 0.369 Executing VM operation: HandshakeAllThreads
Event: 0.369 Executing VM operation: HandshakeAllThreads done
Event: 0.404 Executing VM operation: HandshakeAllThreads
Event: 0.404 Executing VM operation: HandshakeAllThreads done
Event: 0.515 Executing VM operation: ICBufferFull
Event: 0.515 Executing VM operation: ICBufferFull done
Event: 0.536 Executing VM operation: G1CollectForAllocation
Event: 0.540 Executing VM operation: G1CollectForAllocation done
Event: 0.555 Executing VM operation: HandshakeAllThreads
Event: 0.555 Executing VM operation: HandshakeAllThreads done
Event: 0.629 Executing VM operation: HandshakeAllThreads
Event: 0.629 Executing VM operation: HandshakeAllThreads done
Event: 0.741 Executing VM operation: HandshakeAllThreads
Event: 0.741 Executing VM operation: HandshakeAllThreads done

Events (20 events):
Event: 0.729 loading class java/util/regex/Matcher
Event: 0.729 loading class java/util/regex/MatchResult
Event: 0.729 loading class java/util/regex/MatchResult done
Event: 0.729 loading class java/util/regex/Matcher done
Event: 0.729 loading class java/util/regex/IntHashSet
Event: 0.729 loading class java/util/regex/IntHashSet done
Event: 0.741 loading class java/io/LineNumberReader
Event: 0.741 loading class java/io/LineNumberReader done
Event: 0.741 loading class sun/net/ProgressMonitor
Event: 0.742 loading class sun/net/ProgressMonitor done
Event: 0.742 loading class sun/net/DefaultProgressMeteringPolicy
Event: 0.742 loading class sun/net/ProgressMeteringPolicy
Event: 0.742 loading class sun/net/ProgressMeteringPolicy done
Event: 0.742 loading class sun/net/DefaultProgressMeteringPolicy done
Event: 0.742 loading class sun/nio/cs/ISO_8859_1$Decoder
Event: 0.742 loading class sun/nio/cs/ISO_8859_1$Decoder done
Event: 0.745 loading class java/util/stream/MatchOps$1MatchSink
Event: 0.745 loading class java/util/stream/MatchOps$1MatchSink done
Event: 0.749 loading class sun/reflect/generics/scope/ConstructorScope
Event: 0.749 loading class sun/reflect/generics/scope/ConstructorScope done


Dynamic libraries:
0x00007ff7fe9f0000 - 0x00007ff7fe9fe000 	C:\Users\Gamer\.vscode\extensions\redhat.java-1.31.0-win32-x64\jre\17.0.11-win32-x86_64\bin\java.exe
0x00007ffb03bb0000 - 0x00007ffb03da8000 	C:\Windows\SYSTEM32\ntdll.dll
0x00007ffb02a20000 - 0x00007ffb02add000 	C:\Windows\System32\KERNEL32.DLL
0x00007ffb01760000 - 0x00007ffb01a56000 	C:\Windows\System32\KERNELBASE.dll
0x00007ffb013e0000 - 0x00007ffb014e0000 	C:\Windows\System32\ucrtbase.dll
0x00007ffadad00000 - 0x00007ffadad17000 	C:\Users\Gamer\.vscode\extensions\redhat.java-1.31.0-win32-x64\jre\17.0.11-win32-x86_64\bin\jli.dll
0x00007ffaddd70000 - 0x00007ffaddd8b000 	C:\Users\Gamer\.vscode\extensions\redhat.java-1.31.0-win32-x64\jre\17.0.11-win32-x86_64\bin\VCRUNTIME140.dll
0x00007ffb01c10000 - 0x00007ffb01daf000 	C:\Windows\System32\USER32.dll
0x00007ffaf4da0000 - 0x00007ffaf503a000 	C:\Windows\WinSxS\amd64_microsoft.windows.common-controls_6595b64144ccf1df_6.0.19041.4355_none_60b8b9eb71f62e16\COMCTL32.dll
0x00007ffb01b80000 - 0x00007ffb01ba2000 	C:\Windows\System32\win32u.dll
0x00007ffb029f0000 - 0x00007ffb02a1b000 	C:\Windows\System32\GDI32.dll
0x00007ffb038f0000 - 0x00007ffb0398e000 	C:\Windows\System32\msvcrt.dll
0x00007ffb01640000 - 0x00007ffb01757000 	C:\Windows\System32\gdi32full.dll
0x00007ffb01ae0000 - 0x00007ffb01b7d000 	C:\Windows\System32\msvcp_win.dll
0x00007ffb02730000 - 0x00007ffb02762000 	C:\Windows\System32\IMM32.DLL
0x00007ffaee460000 - 0x00007ffaee46c000 	C:\Users\Gamer\.vscode\extensions\redhat.java-1.31.0-win32-x64\jre\17.0.11-win32-x86_64\bin\vcruntime140_1.dll
0x00007ffaaf370000 - 0x00007ffaaf3fd000 	C:\Users\Gamer\.vscode\extensions\redhat.java-1.31.0-win32-x64\jre\17.0.11-win32-x86_64\bin\msvcp140.dll
0x00007ffa87bc0000 - 0x00007ffa88822000 	C:\Users\Gamer\.vscode\extensions\redhat.java-1.31.0-win32-x64\jre\17.0.11-win32-x86_64\bin\server\jvm.dll
0x00007ffb02b40000 - 0x00007ffb02bf0000 	C:\Windows\System32\ADVAPI32.dll
0x00007ffb03850000 - 0x00007ffb038f0000 	C:\Windows\System32\sechost.dll
0x00007ffb028c0000 - 0x00007ffb029e3000 	C:\Windows\System32\RPCRT4.dll
0x00007ffb01ab0000 - 0x00007ffb01ad7000 	C:\Windows\System32\bcrypt.dll
0x00007ffb00720000 - 0x00007ffb0076b000 	C:\Windows\SYSTEM32\POWRPROF.dll
0x00007ffaf6950000 - 0x00007ffaf695a000 	C:\Windows\SYSTEM32\VERSION.dll
0x00007ffadfa20000 - 0x00007ffadfa29000 	C:\Windows\SYSTEM32\WSOCK32.dll
0x00007ffaef010000 - 0x00007ffaef037000 	C:\Windows\SYSTEM32\WINMM.dll
0x00007ffb02850000 - 0x00007ffb028bb000 	C:\Windows\System32\WS2_32.dll
0x00007ffb005e0000 - 0x00007ffb005f2000 	C:\Windows\SYSTEM32\UMPDC.dll
0x00007ffaff090000 - 0x00007ffaff0a2000 	C:\Windows\SYSTEM32\kernel.appcore.dll
0x00007ffae7af0000 - 0x00007ffae7afa000 	C:\Users\Gamer\.vscode\extensions\redhat.java-1.31.0-win32-x64\jre\17.0.11-win32-x86_64\bin\jimage.dll
0x00007ffaf6210000 - 0x00007ffaf63f4000 	C:\Windows\SYSTEM32\DBGHELP.DLL
0x00007ffade020000 - 0x00007ffade054000 	C:\Windows\SYSTEM32\dbgcore.DLL
0x00007ffb01350000 - 0x00007ffb013d2000 	C:\Windows\System32\bcryptPrimitives.dll
0x00007ffab9d40000 - 0x00007ffab9d65000 	C:\Users\Gamer\.vscode\extensions\redhat.java-1.31.0-win32-x64\jre\17.0.11-win32-x86_64\bin\java.dll
0x00007ffad4a50000 - 0x00007ffad4a68000 	C:\Users\Gamer\.vscode\extensions\redhat.java-1.31.0-win32-x64\jre\17.0.11-win32-x86_64\bin\zip.dll
0x00007ffb01ed0000 - 0x00007ffb0263b000 	C:\Windows\System32\SHELL32.dll
0x00007ffaff290000 - 0x00007ffaffa2d000 	C:\Windows\SYSTEM32\windows.storage.dll
0x00007ffb02f40000 - 0x00007ffb03293000 	C:\Windows\System32\combase.dll
0x00007ffb00b70000 - 0x00007ffb00b9e000 	C:\Windows\SYSTEM32\Wldp.dll
0x00007ffb02780000 - 0x00007ffb0284d000 	C:\Windows\System32\OLEAUT32.dll
0x00007ffb01e20000 - 0x00007ffb01ecd000 	C:\Windows\System32\SHCORE.dll
0x00007ffb02bf0000 - 0x00007ffb02c45000 	C:\Windows\System32\shlwapi.dll
0x00007ffb01160000 - 0x00007ffb01184000 	C:\Windows\SYSTEM32\profapi.dll
0x00007ffad01e0000 - 0x00007ffad01f9000 	C:\Users\Gamer\.vscode\extensions\redhat.java-1.31.0-win32-x64\jre\17.0.11-win32-x86_64\bin\net.dll
0x00007ffaf9480000 - 0x00007ffaf958a000 	C:\Windows\SYSTEM32\WINHTTP.dll
0x00007ffb00950000 - 0x00007ffb009ba000 	C:\Windows\system32\mswsock.dll
0x00007ffab7b50000 - 0x00007ffab7b66000 	C:\Users\Gamer\.vscode\extensions\redhat.java-1.31.0-win32-x64\jre\17.0.11-win32-x86_64\bin\nio.dll
0x00007ffafbce0000 - 0x00007ffafbce9000 	C:\Users\Gamer\.vscode\extensions\redhat.java-1.31.0-win32-x64\jre\17.0.11-win32-x86_64\bin\management.dll
0x00007ffafb4d0000 - 0x00007ffafb4db000 	C:\Users\Gamer\.vscode\extensions\redhat.java-1.31.0-win32-x64\jre\17.0.11-win32-x86_64\bin\management_ext.dll
0x00007ffb02640000 - 0x00007ffb02648000 	C:\Windows\System32\PSAPI.DLL
0x00007ffaf4770000 - 0x00007ffaf4787000 	C:\Windows\system32\napinsp.dll
0x00007ffaf4750000 - 0x00007ffaf476b000 	C:\Windows\system32\pnrpnsp.dll
0x00007ffafbe30000 - 0x00007ffafbe45000 	C:\Windows\system32\wshbth.dll
0x00007ffafcbd0000 - 0x00007ffafcbed000 	C:\Windows\system32\NLAapi.dll
0x00007ffb00600000 - 0x00007ffb0063b000 	C:\Windows\SYSTEM32\IPHLPAPI.DLL
0x00007ffb00650000 - 0x00007ffb0071b000 	C:\Windows\SYSTEM32\DNSAPI.dll
0x00007ffb01e10000 - 0x00007ffb01e18000 	C:\Windows\System32\NSI.dll
0x00007ffaf4730000 - 0x00007ffaf4742000 	C:\Windows\System32\winrnr.dll
0x00000000777d0000 - 0x00000000777f6000 	C:\Program Files\Bonjour\mdnsNSP.dll
0x00007ffaee4a0000 - 0x00007ffaee4aa000 	C:\Windows\System32\rasadhlp.dll
0x00007ffaf8190000 - 0x00007ffaf8210000 	C:\Windows\System32\fwpuclnt.dll
0x00007ffb00bb0000 - 0x00007ffb00bc8000 	C:\Windows\SYSTEM32\CRYPTSP.dll
0x00007ffb00220000 - 0x00007ffb00254000 	C:\Windows\system32\rsaenh.dll
0x00007ffb010d0000 - 0x00007ffb010fe000 	C:\Windows\SYSTEM32\USERENV.dll
0x00007ffb00ae0000 - 0x00007ffb00aec000 	C:\Windows\SYSTEM32\CRYPTBASE.dll
0x00007ffafa330000 - 0x00007ffafa347000 	C:\Windows\SYSTEM32\dhcpcsvc6.DLL
0x00007ffafa310000 - 0x00007ffafa32d000 	C:\Windows\SYSTEM32\dhcpcsvc.DLL
0x00007ffaf4560000 - 0x00007ffaf4569000 	C:\Users\Gamer\.vscode\extensions\redhat.java-1.31.0-win32-x64\jre\17.0.11-win32-x86_64\bin\extnet.dll

dbghelp: loaded successfully - version: 4.0.5 - missing functions: none
symbol engine: initialized successfully - sym options: 0x614 - pdb path: .;C:\Users\Gamer\.vscode\extensions\redhat.java-1.31.0-win32-x64\jre\17.0.11-win32-x86_64\bin;C:\Windows\SYSTEM32;C:\Windows\WinSxS\amd64_microsoft.windows.common-controls_6595b64144ccf1df_6.0.19041.4355_none_60b8b9eb71f62e16;C:\Users\Gamer\.vscode\extensions\redhat.java-1.31.0-win32-x64\jre\17.0.11-win32-x86_64\bin\server;C:\Program Files\Bonjour

VM Arguments:
jvm_args: -XX:+ShowCodeDetailsInExceptionMessages -Dspring.jmx.enabled=true -Dmanagement.endpoints.jmx.exposure.include=* -Dspring.application.admin.enabled=true -Dspring.boot.project.name=ramen-go-api -Djava.rmi.server.hostname=localhost -Dcom.sun.management.jmxremote.port=45556 -Dcom.sun.management.jmxremote.authenticate=false -Dcom.sun.management.jmxremote.ssl=false 
java_command: br.com.ramengo.api.RamenGoApiApplication
java_class_path (initial): C:\projects\ramen-go-api\target\classes;C:\Users\Gamer\.m2\repository\net\bytebuddy\byte-buddy\1.14.17\byte-buddy-1.14.17.jar;C:\Users\Gamer\.m2\repository\org\springframework\boot\spring-boot-starter-actuator\3.3.0\spring-boot-starter-actuator-3.3.0.jar;C:\Users\Gamer\.m2\repository\org\springframework\boot\spring-boot-starter\3.3.0\spring-boot-starter-3.3.0.jar;C:\Users\Gamer\.m2\repository\org\springframework\boot\spring-boot\3.3.0\spring-boot-3.3.0.jar;C:\Users\Gamer\.m2\repository\org\springframework\boot\spring-boot-autoconfigure\3.3.0\spring-boot-autoconfigure-3.3.0.jar;C:\Users\Gamer\.m2\repository\org\springframework\boot\spring-boot-starter-logging\3.3.0\spring-boot-starter-logging-3.3.0.jar;C:\Users\Gamer\.m2\repository\ch\qos\logback\logback-classic\1.5.6\logback-classic-1.5.6.jar;C:\Users\Gamer\.m2\repository\ch\qos\logback\logback-core\1.5.6\logback-core-1.5.6.jar;C:\Users\Gamer\.m2\repository\org\apache\logging\log4j\log4j-to-slf4j\2.23.1\log4j-to-slf4j-2.23.1.jar;C:\Users\Gamer\.m2\repository\org\apache\logging\log4j\log4j-api\2.23.1\log4j-api-2.23.1.jar;C:\Users\Gamer\.m2\repository\org\slf4j\jul-to-slf4j\2.0.13\jul-to-slf4j-2.0.13.jar;C:\Users\Gamer\.m2\repository\jakarta\annotation\jakarta.annotation-api\2.1.1\jakarta.annotation-api-2.1.1.jar;C:\Users\Gamer\.m2\repository\org\yaml\snakeyaml\2.2\snakeyaml-2.2.jar;C:\Users\Gamer\.m2\repository\org\springframework\boot\spring-boot-actuator-autoconfigure\3.3.0\spring-boot-actuator-autoconfigure-3.3.0.jar;C:\Users\Gamer\.m2\repository\org\springframework\boot\spring-boot-actuator\3.3.0\spring-boot-actuator-3.3.0.jar;C:\Users\Gamer\.m2\repository\com\fasterxml\jackson\core\jackson-databind\2.17.1\jackson-databind-2.17.1.jar;C:\Users\Gamer\.m2\repository\com\fasterxml\jackson\core\jackson-annotations\2.17.1\jackson-annotations-2.17.1.jar;C:\Users\Gamer\.m2\repository\com\fasterxml\jackson\core\jackson-core\2.17.1\jackson-core-2.17.1.jar;C:\Users\Gamer\.m2\repository\com\faste
Launcher Type: SUN_STANDARD

[Global flags]
     intx CICompilerCount                          = 3                                         {product} {ergonomic}
     uint ConcGCThreads                            = 2                                         {product} {ergonomic}
     uint G1ConcRefinementThreads                  = 6                                         {product} {ergonomic}
   size_t G1HeapRegionSize                         = 2097152                                   {product} {ergonomic}
    uintx GCDrainStackTargetSize                   = 64                                        {product} {ergonomic}
   size_t InitialHeapSize                          = 268435456                                 {product} {ergonomic}
     bool ManagementServer                         = true                                      {product} {command line}
   size_t MarkStackSize                            = 4194304                                   {product} {ergonomic}
   size_t MaxHeapSize                              = 4278190080                                {product} {ergonomic}
   size_t MaxNewSize                               = 2566914048                                {product} {ergonomic}
   size_t MinHeapDeltaBytes                        = 2097152                                   {product} {ergonomic}
   size_t MinHeapSize                              = 8388608                                   {product} {ergonomic}
    uintx NonNMethodCodeHeapSize                   = 5832780                                {pd product} {ergonomic}
    uintx NonProfiledCodeHeapSize                  = 122912730                              {pd product} {ergonomic}
    uintx ProfiledCodeHeapSize                     = 122912730                              {pd product} {ergonomic}
    uintx ReservedCodeCacheSize                    = 251658240                              {pd product} {ergonomic}
     bool SegmentedCodeCache                       = true                                      {product} {ergonomic}
     bool ShowCodeDetailsInExceptionMessages       = true                                   {manageable} {command line}
   size_t SoftMaxHeapSize                          = 4278190080                             {manageable} {ergonomic}
     bool UseCompressedClassPointers               = true                           {product lp64_product} {ergonomic}
     bool UseCompressedOops                        = true                           {product lp64_product} {ergonomic}
     bool UseG1GC                                  = true                                      {product} {ergonomic}
     bool UseLargePagesIndividualAllocation        = false                                  {pd product} {ergonomic}

Logging:
Log output configuration:
 #0: stdout all=warning uptime,level,tags
 #1: stderr all=off uptime,level,tags

Environment Variables:
PATH=C:\Program Files (x86)\Common Files\Oracle\Java\javapath;C:\Windows\system32;C:\Windows;C:\Windows\System32\Wbem;C:\Windows\System32\WindowsPowerShell\v1.0\;C:\Windows\System32\OpenSSH\;C:\Program Files\NVIDIA Corporation\NVIDIA NvDLISR;C:\Program Files (x86)\NVIDIA Corporation\PhysX\Common;C:\Program Files\Git\cmd;C:\Program Files\Docker\Docker\resources\bin;C:\Program Files\Amazon\AWSCLIV2\;C:\Users\Gamer\AppData\Local\Microsoft\WindowsApps;C:\Users\Gamer\AppData\Local\Programs\Microsoft VS Code\bin;C:\Program Files\heroku\bin
USERNAME=Gamer
LANG=en_US.UTF-8
OS=Windows_NT
PROCESSOR_IDENTIFIER=AMD64 Family 23 Model 113 Stepping 0, AuthenticAMD
TMP=C:\Users\Gamer\AppData\Local\Temp
TEMP=C:\Users\Gamer\AppData\Local\Temp



Periodic native trim disabled


---------------  S Y S T E M  ---------------

OS:
 Windows 10 , 64 bit Build 19041 (10.0.19041.3636)
OS uptime: 0 days 13:07 hours
Hyper-V role detected

CPU: total 6 (initial active 6) (6 cores per cpu, 1 threads per core) family 23 model 113 stepping 0 microcode 0x0, cx8, cmov, fxsr, mmx, 3dnowpref, sse, sse2, sse3, ssse3, sse4a, sse4.1, sse4.2, popcnt, lzcnt, tsc, tscinvbit, avx, avx2, aes, clmul, bmi1, bmi2, adx, sha, fma, vzeroupper, clflush, clflushopt, hv
Processor Information for all 6 processors :
  Max Mhz: 3593, Current Mhz: 3593, Mhz Limit: 3593

Memory: 4k page, system-wide physical 16315M (3749M free)
TotalPageFile size 20411M (AvailPageFile size 2M)
current process WorkingSet (physical memory assigned to process): 93M, peak: 93M
current process commit charge ("private bytes"): 363M, peak: 364M

vm_info: OpenJDK 64-Bit Server VM (17.0.11+9) for windows-amd64 JRE (17.0.11+9), built on Apr 17 2024 06:07:48 by "admin" with MS VC++ 16.10 / 16.11 (VS2019)

END.
