#
# There is insufficient memory for the Java Runtime Environment to continue.
# Native memory allocation (malloc) failed to allocate 1048576 bytes. Error detail: AllocateHeap
# Possible reasons:
#   The system is out of physical RAM or swap space
#   This process is running with CompressedOops enabled, and the Java Heap may be blocking the growth of the native heap
# Possible solutions:
#   Reduce memory load on the system
#   Increase physical memory or swap space
#   Check if swap backing store is full
#   Decrease Java heap size (-Xmx/-Xms)
#   Decrease number of Java threads
#   Decrease Java thread stack sizes (-Xss)
#   Set larger code cache with -XX:ReservedCodeCacheSize=
#   JVM is running with Unscaled Compressed Oops mode in which the Java heap is
#     placed in the first 4GB address space. The Java Heap base address is the
#     maximum limit for the native heap growth. Please use -XX:HeapBaseMinAddress
#     to set the Java Heap base and to place the Java Heap above 4GB virtual address.
# This output file may be truncated or incomplete.
#
#  Out of Memory Error (allocation.cpp:44), pid=3868, tid=1536
#
# JRE version: OpenJDK Runtime Environment Temurin-17.0.11+9 (17.0.11+9) (build 17.0.11+9)
# Java VM: OpenJDK 64-Bit Server VM Temurin-17.0.11+9 (17.0.11+9, mixed mode, emulated-client, tiered, compressed oops, compressed class ptrs, g1 gc, windows-amd64)
# No core dump will be written. Minidumps are not enabled by default on client versions of Windows
#

---------------  S U M M A R Y ------------

Command Line: -Xmx1024m -Dsts.lsp.client=vscode -Dsts.log.file=/dev/null -XX:TieredStopAtLevel=1 -Xlog:jni+resolve=off -Dspring.config.location=file:c:\Users\Gamer\.vscode\extensions\vmware.vscode-spring-boot-1.54.0\language-server\BOOT-INF\classes\application.properties org.springframework.ide.vscode.boot.app.BootLanguageServerBootApp

Host: AMD Ryzen 5 3500X 6-Core Processor             , 6 cores, 15G,  Windows 10 , 64 bit Build 19041 (10.0.19041.3636)
Time: Mon Jun 10 01:15:22 2024 Hora oficial do Brasil elapsed time: 37940.763345 seconds (0d 10h 32m 20s)

---------------  T H R E A D  ---------------

Current thread (0x000001934cc75710):  VMThread "VM Thread" [stack: 0x00000043a0200000,0x00000043a0300000] [id=1536]

Stack: [0x00000043a0200000,0x00000043a0300000]
Native frames: (J=compiled Java code, j=interpreted, Vv=VM code, C=native code)
V  [jvm.dll+0x67d429]
V  [jvm.dll+0x834b7a]
V  [jvm.dll+0x83663e]
V  [jvm.dll+0x836ca3]
V  [jvm.dll+0x247dbf]
V  [jvm.dll+0xa6cb3]
V  [jvm.dll+0x2f8ad3]
V  [jvm.dll+0x2f4750]
V  [jvm.dll+0x2dcf67]
V  [jvm.dll+0x31fb67]
V  [jvm.dll+0x83b19b]
V  [jvm.dll+0x83bed2]
V  [jvm.dll+0x83c3ed]
V  [jvm.dll+0x83c7c4]
V  [jvm.dll+0x83c890]
V  [jvm.dll+0x7e410a]
V  [jvm.dll+0x67c315]
C  [ucrtbase.dll+0x21bb2]
C  [KERNEL32.DLL+0x17344]
C  [ntdll.dll+0x526b1]

VM_Operation (0x00000043a17febe0): G1CollectFull, mode: safepoint, requested by thread 0x000001935265cc60


---------------  P R O C E S S  ---------------

Threads class SMR info:
_java_thread_list=0x0000019353782c40, length=37, elements={
0x000001934cc796a0, 0x000001934cc7b530, 0x000001935103ba40, 0x000001935103c8c0,
0x00000193510403a0, 0x0000019351041c80, 0x0000019351042550, 0x0000019351054010,
0x00000193512514a0, 0x000001935126e010, 0x00000193527abc70, 0x000001935265cc60,
0x000001935282a450, 0x000001934216b610, 0x000001935288d860, 0x0000019352986d80,
0x00000193528fff90, 0x00000193528ffa80, 0x0000019352901df0, 0x00000193529018e0,
0x00000193528ff060, 0x00000193529013d0, 0x0000019352a35870, 0x0000019352a36cb0,
0x0000019352a34e50, 0x0000019352a3ae80, 0x0000019352a34940, 0x0000019352a3c2c0,
0x0000019352a380f0, 0x0000019352a38600, 0x0000019352a3b390, 0x0000019352a3a460,
0x0000019352a3a970, 0x00000193528ff570, 0x00000193529009b0, 0x00000193529004a0,
0x0000019352a39020
}

Java Threads: ( => current thread )
  0x000001934cc796a0 JavaThread "Reference Handler" daemon [_thread_blocked, id=13224, stack(0x00000043a0300000,0x00000043a0400000)]
  0x000001934cc7b530 JavaThread "Finalizer" daemon [_thread_blocked, id=19180, stack(0x00000043a0400000,0x00000043a0500000)]
  0x000001935103ba40 JavaThread "Signal Dispatcher" daemon [_thread_blocked, id=7944, stack(0x00000043a0500000,0x00000043a0600000)]
  0x000001935103c8c0 JavaThread "Attach Listener" daemon [_thread_blocked, id=14228, stack(0x00000043a0600000,0x00000043a0700000)]
  0x00000193510403a0 JavaThread "Service Thread" daemon [_thread_blocked, id=19440, stack(0x00000043a0700000,0x00000043a0800000)]
  0x0000019351041c80 JavaThread "Monitor Deflation Thread" daemon [_thread_blocked, id=19208, stack(0x00000043a0800000,0x00000043a0900000)]
  0x0000019351042550 JavaThread "C1 CompilerThread0" daemon [_thread_blocked, id=148, stack(0x00000043a0900000,0x00000043a0a00000)]
  0x0000019351054010 JavaThread "Sweeper thread" daemon [_thread_blocked, id=8468, stack(0x00000043a0a00000,0x00000043a0b00000)]
  0x00000193512514a0 JavaThread "Notification Thread" daemon [_thread_blocked, id=16780, stack(0x00000043a0b00000,0x00000043a0c00000)]
  0x000001935126e010 JavaThread "Common-Cleaner" daemon [_thread_blocked, id=16296, stack(0x00000043a0f00000,0x00000043a1000000)]
  0x00000193527abc70 JavaThread "boundedElastic-evictor-1" daemon [_thread_blocked, id=2764, stack(0x00000043a1500000,0x00000043a1600000)]
  0x000001935265cc60 JavaThread "pool-13-thread-1" [_thread_blocked, id=15568, stack(0x00000043a1700000,0x00000043a1800000)]
  0x000001935282a450 JavaThread "LanguageServerApp-lifecycle" [_thread_blocked, id=16552, stack(0x00000043a1800000,0x00000043a1900000)]
  0x000001934216b610 JavaThread "DestroyJavaVM" [_thread_blocked, id=20272, stack(0x000000439fc00000,0x000000439fd00000)]
  0x000001935288d860 JavaThread "pool-14-thread-1" [_thread_in_native, id=10760, stack(0x00000043a1900000,0x00000043a1a00000)]
  0x0000019352986d80 JavaThread "Simple-Language-Server main thread" daemon [_thread_blocked, id=17176, stack(0x00000043a1a00000,0x00000043a1b00000)]
  0x00000193528fff90 JavaThread "pool-8-thread-1" [_thread_blocked, id=10480, stack(0x00000043a1d00000,0x00000043a1e00000)]
  0x00000193528ffa80 JavaThread "parallel-1" daemon [_thread_blocked, id=1460, stack(0x00000043a1e00000,0x00000043a1f00000)]
  0x0000019352901df0 JavaThread "pool-6-thread-1" [_thread_blocked, id=10112, stack(0x00000043a1f00000,0x00000043a2000000)]
  0x00000193529018e0 JavaThread "parallel-2" daemon [_thread_blocked, id=2132, stack(0x00000043a2000000,0x00000043a2100000)]
  0x00000193528ff060 JavaThread "parallel-3" daemon [_thread_blocked, id=9320, stack(0x00000043a2100000,0x00000043a2200000)]
  0x00000193529013d0 JavaThread "parallel-4" daemon [_thread_blocked, id=13320, stack(0x00000043a2700000,0x00000043a2800000)]
  0x0000019352a35870 JavaThread "parallel-5" daemon [_thread_blocked, id=15844, stack(0x00000043a2800000,0x00000043a2900000)]
  0x0000019352a36cb0 JavaThread "Reconciler-1" daemon [_thread_blocked, id=15644, stack(0x00000043a2900000,0x00000043a2a00000)]
  0x0000019352a34e50 JavaThread "parallel-6" daemon [_thread_blocked, id=19300, stack(0x00000043a0d00000,0x00000043a0e00000)]
  0x0000019352a3ae80 JavaThread "CompletableFutureDelayScheduler" daemon [_thread_blocked, id=3288, stack(0x00000043a2200000,0x00000043a2300000)]
  0x0000019352a34940 JavaThread "pool-7-thread-1" [_thread_blocked, id=16348, stack(0x00000043a2300000,0x00000043a2400000)]
  0x0000019352a3c2c0 JavaThread "RMI Scheduler(0)" daemon [_thread_blocked, id=2336, stack(0x00000043a2400000,0x00000043a2500000)]
  0x0000019352a380f0 JavaThread "pool-7-thread-2" [_thread_blocked, id=16668, stack(0x00000043a2b00000,0x00000043a2c00000)]
  0x0000019352a38600 JavaThread "pool-7-thread-3" [_thread_blocked, id=20432, stack(0x00000043a2f00000,0x00000043a3000000)]
  0x0000019352a3b390 JavaThread "pool-7-thread-4" [_thread_blocked, id=19104, stack(0x00000043a3400000,0x00000043a3500000)]
  0x0000019352a3a460 JavaThread "pool-7-thread-5" [_thread_blocked, id=5176, stack(0x00000043a2e00000,0x00000043a2f00000)]
  0x0000019352a3a970 JavaThread "pool-7-thread-6" [_thread_blocked, id=6804, stack(0x00000043a2600000,0x00000043a2700000)]
  0x00000193528ff570 JavaThread "pool-7-thread-7" [_thread_blocked, id=6320, stack(0x00000043a3000000,0x00000043a3100000)]
  0x00000193529009b0 JavaThread "pool-7-thread-8" [_thread_blocked, id=21468, stack(0x00000043a3100000,0x00000043a3200000)]
  0x00000193529004a0 JavaThread "pool-7-thread-9" [_thread_blocked, id=16008, stack(0x00000043a3200000,0x00000043a3300000)]
  0x0000019352a39020 JavaThread "pool-7-thread-10" [_thread_blocked, id=21340, stack(0x00000043a2500000,0x00000043a2600000)]

Other Threads:
=>0x000001934cc75710 VMThread "VM Thread" [stack: 0x00000043a0200000,0x00000043a0300000] [id=1536]
  0x0000019351251d90 WatcherThread [stack: 0x00000043a0c00000,0x00000043a0d00000] [id=16784]
  0x00000193421a8220 GCTaskThread "GC Thread#0" [stack: 0x000000439fd00000,0x000000439fe00000] [id=964]
  0x0000019351bfecd0 GCTaskThread "GC Thread#1" [stack: 0x00000043a0e00000,0x00000043a0f00000] [id=13876]
  0x0000019351ab2680 GCTaskThread "GC Thread#2" [stack: 0x00000043a1000000,0x00000043a1100000] [id=9660]
  0x0000019351d427b0 GCTaskThread "GC Thread#3" [stack: 0x00000043a1100000,0x00000043a1200000] [id=13932]
  0x0000019351d3f320 GCTaskThread "GC Thread#4" [stack: 0x00000043a1200000,0x00000043a1300000] [id=10280]
  0x0000019351d3f5e0 GCTaskThread "GC Thread#5" [stack: 0x00000043a1300000,0x00000043a1400000] [id=9196]
  0x00000193421b1170 ConcurrentGCThread "G1 Main Marker" [stack: 0x000000439fe00000,0x000000439ff00000] [id=18096]
  0x00000193421b1b90 ConcurrentGCThread "G1 Conc#0" [stack: 0x000000439ff00000,0x00000043a0000000] [id=1660]
  0x000001935215a580 ConcurrentGCThread "G1 Conc#1" [stack: 0x00000043a1600000,0x00000043a1700000] [id=3912]
  0x000001934221e160 ConcurrentGCThread "G1 Refine#0" [stack: 0x00000043a0000000,0x00000043a0100000] [id=1620]
  0x0000019353713120 ConcurrentGCThread "G1 Refine#1" [stack: 0x00000043a3500000,0x00000043a3600000] [id=7468]
  0x000001934221eb90 ConcurrentGCThread "G1 Service" [stack: 0x00000043a0100000,0x00000043a0200000] [id=14260]

Threads with active compile tasks:

VM state: at safepoint (normal execution)

VM Mutex/Monitor currently owned by a thread:  ([mutex/lock_event])
[0x000001933feea710] Threads_lock - owner thread: 0x000001934cc75710
[0x0000019342169420] Heap_lock - owner thread: 0x000001935265cc60

Heap address: 0x00000000c0000000, size: 1024 MB, Compressed Oops mode: 32-bit

CDS archive(s) not mapped
Compressed class space mapped at: 0x0000000100000000-0x0000000140000000, reserved size: 1073741824
Narrow klass base: 0x0000000000000000, Narrow klass shift: 3, Narrow klass range: 0x140000000

GC Precious Log:
 CPUs: 6 total, 6 available
 Memory: 16315M
 Large Page Support: Disabled
 NUMA Support: Disabled
 Compressed Oops: Enabled (32-bit)
 Heap Region Size: 1M
 Heap Min Capacity: 8M
 Heap Initial Capacity: 256M
 Heap Max Capacity: 1G
 Pre-touch: Disabled
 Parallel Workers: 6
 Concurrent Workers: 2
 Concurrent Refinement Workers: 6
 Periodic GC: Disabled

Heap:
 garbage-first heap   total 109568K, used 45504K [0x00000000c0000000, 0x0000000100000000)
  region size 1024K, 1 young (1024K), 0 survivors (0K)
 Metaspace       used 63308K, committed 63936K, reserved 1114112K
  class space    used 7996K, committed 8256K, reserved 1048576K

Heap Regions: E=young(eden), S=young(survivor), O=old, HS=humongous(starts), HC=humongous(continues), CS=collection set, F=free, OA=open archive, CA=closed archive, TAMS=top-at-mark-start (previous, next)
|   0|0x00000000c0000000, 0x00000000c0100000, 0x00000000c0100000|100%|HS|  |TAMS 0x00000000c0100000, 0x00000000c0000000| Untracked 
|   1|0x00000000c0100000, 0x00000000c0200000, 0x00000000c0200000|100%|HC|  |TAMS 0x00000000c0200000, 0x00000000c0100000| Untracked 
|   2|0x00000000c0200000, 0x00000000c0300000, 0x00000000c0300000|100%|HC|  |TAMS 0x00000000c0300000, 0x00000000c0200000| Untracked 
|   3|0x00000000c0300000, 0x00000000c0400000, 0x00000000c0400000|100%|HC|  |TAMS 0x00000000c0400000, 0x00000000c0300000| Untracked 
|   4|0x00000000c0400000, 0x00000000c0500000, 0x00000000c0500000|100%|HS|  |TAMS 0x00000000c0500000, 0x00000000c0400000| Untracked 
|   5|0x00000000c0500000, 0x00000000c0600000, 0x00000000c0600000|100%|HC|  |TAMS 0x00000000c0600000, 0x00000000c0500000| Untracked 
|   6|0x00000000c0600000, 0x00000000c0700000, 0x00000000c0700000|100%| O|  |TAMS 0x00000000c0700000, 0x00000000c0600000| Untracked 
|   7|0x00000000c0700000, 0x00000000c0800000, 0x00000000c0800000|100%| O|  |TAMS 0x00000000c0800000, 0x00000000c0700000| Untracked 
|   8|0x00000000c0800000, 0x00000000c08fffe8, 0x00000000c0900000| 99%| O|  |TAMS 0x00000000c08fffe8, 0x00000000c0800000| Untracked 
|   9|0x00000000c0900000, 0x00000000c09fffe0, 0x00000000c0a00000| 99%| O|  |TAMS 0x00000000c09fffe0, 0x00000000c0900000| Untracked 
|  10|0x00000000c0a00000, 0x00000000c0b00000, 0x00000000c0b00000|100%| O|  |TAMS 0x00000000c0b00000, 0x00000000c0a00000| Untracked 
|  11|0x00000000c0b00000, 0x00000000c0c00000, 0x00000000c0c00000|100%| O|  |TAMS 0x00000000c0c00000, 0x00000000c0b00000| Untracked 
|  12|0x00000000c0c00000, 0x00000000c0d00000, 0x00000000c0d00000|100%| O|  |TAMS 0x00000000c0d00000, 0x00000000c0c00000| Untracked 
|  13|0x00000000c0d00000, 0x00000000c0dfffe8, 0x00000000c0e00000| 99%| O|  |TAMS 0x00000000c0dfffe8, 0x00000000c0d00000| Untracked 
|  14|0x00000000c0e00000, 0x00000000c0f00000, 0x00000000c0f00000|100%| O|  |TAMS 0x00000000c0f00000, 0x00000000c0e00000| Untracked 
|  15|0x00000000c0f00000, 0x00000000c0fffff0, 0x00000000c1000000| 99%| O|  |TAMS 0x00000000c0fffff0, 0x00000000c0f00000| Untracked 
|  16|0x00000000c1000000, 0x00000000c10ffff8, 0x00000000c1100000| 99%| O|  |TAMS 0x00000000c10ffff8, 0x00000000c1000000| Untracked 
|  17|0x00000000c1100000, 0x00000000c11ffff8, 0x00000000c1200000| 99%| O|  |TAMS 0x00000000c11ffff8, 0x00000000c1100000| Untracked 
|  18|0x00000000c1200000, 0x00000000c12fffe0, 0x00000000c1300000| 99%| O|  |TAMS 0x00000000c12fffe0, 0x00000000c1200000| Untracked 
|  19|0x00000000c1300000, 0x00000000c1400000, 0x00000000c1400000|100%| O|  |TAMS 0x00000000c1400000, 0x00000000c1300000| Untracked 
|  20|0x00000000c1400000, 0x00000000c14fffd8, 0x00000000c1500000| 99%| O|  |TAMS 0x00000000c14fffd8, 0x00000000c1400000| Untracked 
|  21|0x00000000c1500000, 0x00000000c15ffff0, 0x00000000c1600000| 99%| O|  |TAMS 0x00000000c15ffff0, 0x00000000c1500000| Untracked 
|  22|0x00000000c1600000, 0x00000000c16ffff8, 0x00000000c1700000| 99%| O|  |TAMS 0x00000000c16ffff8, 0x00000000c1600000| Untracked 
|  23|0x00000000c1700000, 0x00000000c17fffd0, 0x00000000c1800000| 99%| O|  |TAMS 0x00000000c17fffd0, 0x00000000c1700000| Untracked 
|  24|0x00000000c1800000, 0x00000000c18ff8f8, 0x00000000c1900000| 99%| O|  |TAMS 0x00000000c18ff8f8, 0x00000000c1800000| Untracked 
|  25|0x00000000c1900000, 0x00000000c1a00000, 0x00000000c1a00000|100%| O|  |TAMS 0x00000000c1a00000, 0x00000000c1900000| Untracked 
|  26|0x00000000c1a00000, 0x00000000c1b00000, 0x00000000c1b00000|100%| O|  |TAMS 0x00000000c1b00000, 0x00000000c1a00000| Untracked 
|  27|0x00000000c1b00000, 0x00000000c1bfffe8, 0x00000000c1c00000| 99%| O|  |TAMS 0x00000000c1bfffe8, 0x00000000c1b00000| Untracked 
|  28|0x00000000c1c00000, 0x00000000c1cffff8, 0x00000000c1d00000| 99%| O|  |TAMS 0x00000000c1cffff8, 0x00000000c1c00000| Untracked 
|  29|0x00000000c1d00000, 0x00000000c1dfffd8, 0x00000000c1e00000| 99%| O|  |TAMS 0x00000000c1dfffd8, 0x00000000c1d00000| Untracked 
|  30|0x00000000c1e00000, 0x00000000c1f00000, 0x00000000c1f00000|100%| O|  |TAMS 0x00000000c1f00000, 0x00000000c1e00000| Untracked 
|  31|0x00000000c1f00000, 0x00000000c1ffffe8, 0x00000000c2000000| 99%| O|  |TAMS 0x00000000c1ffffe8, 0x00000000c1f00000| Untracked 
|  32|0x00000000c2000000, 0x00000000c20f4560, 0x00000000c2100000| 95%| O|  |TAMS 0x00000000c20f4560, 0x00000000c2000000| Untracked 
|  33|0x00000000c2100000, 0x00000000c21ffff0, 0x00000000c2200000| 99%| O|  |TAMS 0x00000000c21ffff0, 0x00000000c2100000| Untracked 
|  34|0x00000000c2200000, 0x00000000c22fdb38, 0x00000000c2300000| 99%| O|  |TAMS 0x00000000c22fdb38, 0x00000000c2200000| Untracked 
|  35|0x00000000c2300000, 0x00000000c2400000, 0x00000000c2400000|100%| O|  |TAMS 0x00000000c2400000, 0x00000000c2300000| Untracked 
|  36|0x00000000c2400000, 0x00000000c24ffff0, 0x00000000c2500000| 99%| O|  |TAMS 0x00000000c24ffff0, 0x00000000c2400000| Untracked 
|  37|0x00000000c2500000, 0x00000000c25ffeb0, 0x00000000c2600000| 99%| O|  |TAMS 0x00000000c25ffeb0, 0x00000000c2500000| Untracked 
|  38|0x00000000c2600000, 0x00000000c26fff48, 0x00000000c2700000| 99%| O|  |TAMS 0x00000000c26fff48, 0x00000000c2600000| Untracked 
|  39|0x00000000c2700000, 0x00000000c27ffff8, 0x00000000c2800000| 99%| O|  |TAMS 0x00000000c27ffff8, 0x00000000c2700000| Untracked 
|  40|0x00000000c2800000, 0x00000000c28cfe30, 0x00000000c2900000| 81%| O|  |TAMS 0x00000000c2800000, 0x00000000c2800000| Untracked 
|  41|0x00000000c2900000, 0x00000000c29ff7a8, 0x00000000c2a00000| 99%| O|  |TAMS 0x00000000c29ff7a8, 0x00000000c2900000| Untracked 
|  42|0x00000000c2a00000, 0x00000000c2afff18, 0x00000000c2b00000| 99%| O|  |TAMS 0x00000000c2afff18, 0x00000000c2a00000| Untracked 
|  43|0x00000000c2b00000, 0x00000000c2c00000, 0x00000000c2c00000|100%| O|  |TAMS 0x00000000c2c00000, 0x00000000c2b00000| Untracked 
|  44|0x00000000c2c00000, 0x00000000c2caf5f8, 0x00000000c2d00000| 68%| O|  |TAMS 0x00000000c2c00000, 0x00000000c2c00000| Untracked 
|  45|0x00000000c2d00000, 0x00000000c2d00000, 0x00000000c2e00000|  0%| F|  |TAMS 0x00000000c2d00000, 0x00000000c2d00000| Untracked 
|  46|0x00000000c2e00000, 0x00000000c2e00000, 0x00000000c2f00000|  0%| F|  |TAMS 0x00000000c2e00000, 0x00000000c2e00000| Untracked 
|  47|0x00000000c2f00000, 0x00000000c2f00000, 0x00000000c3000000|  0%| F|  |TAMS 0x00000000c2f00000, 0x00000000c2f00000| Untracked 
|  48|0x00000000c3000000, 0x00000000c3000000, 0x00000000c3100000|  0%| F|  |TAMS 0x00000000c3000000, 0x00000000c3000000| Untracked 
|  49|0x00000000c3100000, 0x00000000c3100000, 0x00000000c3200000|  0%| F|  |TAMS 0x00000000c3100000, 0x00000000c3100000| Untracked 
|  50|0x00000000c3200000, 0x00000000c3200000, 0x00000000c3300000|  0%| F|  |TAMS 0x00000000c3200000, 0x00000000c3200000| Untracked 
|  51|0x00000000c3300000, 0x00000000c3300000, 0x00000000c3400000|  0%| F|  |TAMS 0x00000000c3300000, 0x00000000c3300000| Untracked 
|  52|0x00000000c3400000, 0x00000000c3400000, 0x00000000c3500000|  0%| F|  |TAMS 0x00000000c3400000, 0x00000000c3400000| Untracked 
|  53|0x00000000c3500000, 0x00000000c3500000, 0x00000000c3600000|  0%| F|  |TAMS 0x00000000c3500000, 0x00000000c3500000| Untracked 
|  54|0x00000000c3600000, 0x00000000c3600000, 0x00000000c3700000|  0%| F|  |TAMS 0x00000000c3600000, 0x00000000c3600000| Untracked 
|  55|0x00000000c3700000, 0x00000000c3700000, 0x00000000c3800000|  0%| F|  |TAMS 0x00000000c3700000, 0x00000000c3700000| Untracked 
|  56|0x00000000c3800000, 0x00000000c3800000, 0x00000000c3900000|  0%| F|  |TAMS 0x00000000c3800000, 0x00000000c3800000| Untracked 
|  57|0x00000000c3900000, 0x00000000c3900000, 0x00000000c3a00000|  0%| F|  |TAMS 0x00000000c3900000, 0x00000000c3900000| Untracked 
|  58|0x00000000c3a00000, 0x00000000c3a00000, 0x00000000c3b00000|  0%| F|  |TAMS 0x00000000c3a00000, 0x00000000c3a00000| Untracked 
|  59|0x00000000c3b00000, 0x00000000c3b00000, 0x00000000c3c00000|  0%| F|  |TAMS 0x00000000c3b00000, 0x00000000c3b00000| Untracked 
|  60|0x00000000c3c00000, 0x00000000c3c00000, 0x00000000c3d00000|  0%| F|  |TAMS 0x00000000c3c00000, 0x00000000c3c00000| Untracked 
|  61|0x00000000c3d00000, 0x00000000c3d00000, 0x00000000c3e00000|  0%| F|  |TAMS 0x00000000c3d00000, 0x00000000c3d00000| Untracked 
|  62|0x00000000c3e00000, 0x00000000c3e00000, 0x00000000c3f00000|  0%| F|  |TAMS 0x00000000c3e00000, 0x00000000c3e00000| Untracked 
|  63|0x00000000c3f00000, 0x00000000c3f00000, 0x00000000c4000000|  0%| F|  |TAMS 0x00000000c3f00000, 0x00000000c3f00000| Untracked 
|  64|0x00000000c4000000, 0x00000000c4000000, 0x00000000c4100000|  0%| F|  |TAMS 0x00000000c4000000, 0x00000000c4000000| Untracked 
|  65|0x00000000c4100000, 0x00000000c4100000, 0x00000000c4200000|  0%| F|  |TAMS 0x00000000c4100000, 0x00000000c4100000| Untracked 
|  66|0x00000000c4200000, 0x00000000c4200000, 0x00000000c4300000|  0%| F|  |TAMS 0x00000000c4200000, 0x00000000c4200000| Untracked 
|  67|0x00000000c4300000, 0x00000000c4300000, 0x00000000c4400000|  0%| F|  |TAMS 0x00000000c4300000, 0x00000000c4300000| Untracked 
|  68|0x00000000c4400000, 0x00000000c4400000, 0x00000000c4500000|  0%| F|  |TAMS 0x00000000c4400000, 0x00000000c4400000| Untracked 
|  69|0x00000000c4500000, 0x00000000c4500000, 0x00000000c4600000|  0%| F|  |TAMS 0x00000000c4500000, 0x00000000c4500000| Untracked 
|  70|0x00000000c4600000, 0x00000000c4600000, 0x00000000c4700000|  0%| F|  |TAMS 0x00000000c4600000, 0x00000000c4600000| Untracked 
|  71|0x00000000c4700000, 0x00000000c4700000, 0x00000000c4800000|  0%| F|  |TAMS 0x00000000c4700000, 0x00000000c4700000| Untracked 
|  72|0x00000000c4800000, 0x00000000c4800000, 0x00000000c4900000|  0%| F|  |TAMS 0x00000000c4800000, 0x00000000c4800000| Untracked 
|  73|0x00000000c4900000, 0x00000000c4900000, 0x00000000c4a00000|  0%| F|  |TAMS 0x00000000c4900000, 0x00000000c4900000| Untracked 
|  74|0x00000000c4a00000, 0x00000000c4a00000, 0x00000000c4b00000|  0%| F|  |TAMS 0x00000000c4a00000, 0x00000000c4a00000| Untracked 
|  75|0x00000000c4b00000, 0x00000000c4b00000, 0x00000000c4c00000|  0%| F|  |TAMS 0x00000000c4b00000, 0x00000000c4b00000| Untracked 
|  76|0x00000000c4c00000, 0x00000000c4c00000, 0x00000000c4d00000|  0%| F|  |TAMS 0x00000000c4c00000, 0x00000000c4c00000| Untracked 
|  77|0x00000000c4d00000, 0x00000000c4d00000, 0x00000000c4e00000|  0%| F|  |TAMS 0x00000000c4d00000, 0x00000000c4d00000| Untracked 
|  78|0x00000000c4e00000, 0x00000000c4e00000, 0x00000000c4f00000|  0%| F|  |TAMS 0x00000000c4e00000, 0x00000000c4e00000| Untracked 
|  79|0x00000000c4f00000, 0x00000000c4f00000, 0x00000000c5000000|  0%| F|  |TAMS 0x00000000c4f00000, 0x00000000c4f00000| Untracked 
|  80|0x00000000c5000000, 0x00000000c5000000, 0x00000000c5100000|  0%| F|  |TAMS 0x00000000c5000000, 0x00000000c5000000| Untracked 
|  81|0x00000000c5100000, 0x00000000c5100000, 0x00000000c5200000|  0%| F|  |TAMS 0x00000000c5100000, 0x00000000c5100000| Untracked 
|  82|0x00000000c5200000, 0x00000000c5200000, 0x00000000c5300000|  0%| F|  |TAMS 0x00000000c5200000, 0x00000000c5200000| Untracked 
|  83|0x00000000c5300000, 0x00000000c5300000, 0x00000000c5400000|  0%| F|  |TAMS 0x00000000c5300000, 0x00000000c5300000| Untracked 
|  84|0x00000000c5400000, 0x00000000c5400000, 0x00000000c5500000|  0%| F|  |TAMS 0x00000000c5400000, 0x00000000c5400000| Untracked 
|  85|0x00000000c5500000, 0x00000000c5500000, 0x00000000c5600000|  0%| F|  |TAMS 0x00000000c5500000, 0x00000000c5500000| Untracked 
|  86|0x00000000c5600000, 0x00000000c5600000, 0x00000000c5700000|  0%| F|  |TAMS 0x00000000c5600000, 0x00000000c5600000| Untracked 
|  87|0x00000000c5700000, 0x00000000c5700000, 0x00000000c5800000|  0%| F|  |TAMS 0x00000000c5700000, 0x00000000c5700000| Untracked 
|  88|0x00000000c5800000, 0x00000000c5800000, 0x00000000c5900000|  0%| F|  |TAMS 0x00000000c5800000, 0x00000000c5800000| Untracked 
|  89|0x00000000c5900000, 0x00000000c5900000, 0x00000000c5a00000|  0%| F|  |TAMS 0x00000000c5900000, 0x00000000c5900000| Untracked 
|  90|0x00000000c5a00000, 0x00000000c5a00000, 0x00000000c5b00000|  0%| F|  |TAMS 0x00000000c5a00000, 0x00000000c5a00000| Untracked 
|  91|0x00000000c5b00000, 0x00000000c5b00000, 0x00000000c5c00000|  0%| F|  |TAMS 0x00000000c5b00000, 0x00000000c5b00000| Untracked 
|  92|0x00000000c5c00000, 0x00000000c5c00000, 0x00000000c5d00000|  0%| F|  |TAMS 0x00000000c5c00000, 0x00000000c5c00000| Untracked 
|  93|0x00000000c5d00000, 0x00000000c5d00000, 0x00000000c5e00000|  0%| F|  |TAMS 0x00000000c5d00000, 0x00000000c5d00000| Untracked 
|  94|0x00000000c5e00000, 0x00000000c5e00000, 0x00000000c5f00000|  0%| F|  |TAMS 0x00000000c5e00000, 0x00000000c5e00000| Untracked 
|  95|0x00000000c5f00000, 0x00000000c5f00000, 0x00000000c6000000|  0%| F|  |TAMS 0x00000000c5f00000, 0x00000000c5f00000| Untracked 
|  96|0x00000000c6000000, 0x00000000c6000000, 0x00000000c6100000|  0%| F|  |TAMS 0x00000000c6000000, 0x00000000c6000000| Untracked 
|  97|0x00000000c6100000, 0x00000000c6100000, 0x00000000c6200000|  0%| F|  |TAMS 0x00000000c6100000, 0x00000000c6100000| Untracked 
|  98|0x00000000c6200000, 0x00000000c6200000, 0x00000000c6300000|  0%| F|  |TAMS 0x00000000c6200000, 0x00000000c6200000| Untracked 
|  99|0x00000000c6300000, 0x00000000c6300000, 0x00000000c6400000|  0%| F|  |TAMS 0x00000000c6300000, 0x00000000c6300000| Untracked 
| 100|0x00000000c6400000, 0x00000000c6400000, 0x00000000c6500000|  0%| F|  |TAMS 0x00000000c6400000, 0x00000000c6400000| Untracked 
| 101|0x00000000c6500000, 0x00000000c6500000, 0x00000000c6600000|  0%| F|  |TAMS 0x00000000c6500000, 0x00000000c6500000| Untracked 
| 102|0x00000000c6600000, 0x00000000c6600000, 0x00000000c6700000|  0%| F|  |TAMS 0x00000000c6600000, 0x00000000c6600000| Untracked 
| 103|0x00000000c6700000, 0x00000000c6700000, 0x00000000c6800000|  0%| F|  |TAMS 0x00000000c6700000, 0x00000000c6700000| Untracked 
| 104|0x00000000c6800000, 0x00000000c6800000, 0x00000000c6900000|  0%| F|  |TAMS 0x00000000c6800000, 0x00000000c6800000| Untracked 
| 105|0x00000000c6900000, 0x00000000c6900000, 0x00000000c6a00000|  0%| F|  |TAMS 0x00000000c6900000, 0x00000000c6900000| Untracked 
| 106|0x00000000c6a00000, 0x00000000c6a058a8, 0x00000000c6b00000|  2%| E|  |TAMS 0x00000000c6a00000, 0x00000000c6a00000| Complete 

Card table byte_map: [0x0000019348000000,0x0000019348200000] _byte_map_base: 0x0000019347a00000

Marking Bits (Prev, Next): (CMBitMap*) 0x00000193421a8880, (CMBitMap*) 0x00000193421a8840
 Prev Bits: [0x0000019349400000, 0x000001934a400000)
 Next Bits: [0x0000019348400000, 0x0000019349400000)

Polling page: 0x0000019340120000

Metaspace:

Usage:
  Non-class:     54.02 MB used.
      Class:      7.81 MB used.
       Both:     61.82 MB used.

Virtual space:
  Non-class space:       64.00 MB reserved,      54.38 MB ( 85%) committed,  1 nodes.
      Class space:        1.00 GB reserved,       8.06 MB ( <1%) committed,  1 nodes.
             Both:        1.06 GB reserved,      62.44 MB (  6%) committed. 

Chunk freelists:
   Non-Class:  9.28 MB
       Class:  7.98 MB
        Both:  17.26 MB

MaxMetaspaceSize: unlimited
CompressedClassSpaceSize: 1.00 GB
Initial GC threshold: 21.00 MB
Current GC threshold: 104.19 MB
CDS: off
MetaspaceReclaimPolicy: balanced
 - commit_granule_bytes: 65536.
 - commit_granule_words: 8192.
 - virtual_space_node_default_size: 8388608.
 - enlarge_chunks_in_place: 1.
 - new_chunks_are_fully_committed: 0.
 - uncommit_free_chunks: 1.
 - use_allocation_guard: 0.
 - handle_deallocations: 1.


Internal statistics:

num_allocs_failed_limit: 6.
num_arena_births: 3568.
num_arena_deaths: 2924.
num_vsnodes_births: 2.
num_vsnodes_deaths: 0.
num_space_committed: 1032.
num_space_uncommitted: 33.
num_chunks_returned_to_freelist: 4194.
num_chunks_taken_from_freelist: 6972.
num_chunk_merges: 1313.
num_chunk_splits: 3270.
num_chunks_enlarged: 1706.
num_inconsistent_stats: 0.

CodeCache: size=49152Kb used=27273Kb max_used=28387Kb free=21878Kb
 bounds [0x0000019344e00000, 0x00000193469e0000, 0x0000019347e00000]
 total_blobs=14600 nmethods=13907 adapters=617
 compilation: enabled
              stopped_count=0, restarted_count=0
 full_count=0

Compilation events (20 events):
Event: 37182.447 Thread 0x0000019353c574e0 14163       1       com.google.common.base.Stopwatch::elapsed (12 bytes)
Event: 37182.447 Thread 0x0000019353b20210 nmethod 14155 0x000001934681e890 code [0x000001934681eaa0, 0x000001934681f0d8]
Event: 37182.447 Thread 0x0000019353c574e0 nmethod 14163 0x000001934681e490 code [0x000001934681e640, 0x000001934681e798]
Event: 37182.447 Thread 0x0000019353b20210 14164       1       com.google.common.base.Stopwatch::elapsedNanos (32 bytes)
Event: 37182.447 Thread 0x0000019353c574e0 14165       1       com.google.common.cache.CacheBuilder$1::recordLoadSuccess (1 bytes)
Event: 37182.447 Thread 0x0000019353c574e0 nmethod 14165 0x000001934681e190 code [0x000001934681e320, 0x000001934681e3d8]
Event: 37182.447 Thread 0x0000019353c574e0 14166   !   1       com.google.common.cache.LocalCache$Segment::storeLoadedValue (371 bytes)
Event: 37182.447 Thread 0x0000019353b20210 nmethod 14164 0x000001934681de10 code [0x000001934681dfc0, 0x000001934681e108]
Event: 37182.447 Thread 0x0000019351042550 nmethod 14161 0x000001934681c990 code [0x000001934681cc40, 0x000001934681d568]
Event: 37182.450 Thread 0x0000019353c574e0 nmethod 14166 0x0000019346819610 code [0x0000019346819ac0, 0x000001934681af78]
Event: 37189.837 Thread 0x0000019351042550 14167   !   1       jdk.internal.reflect.GeneratedSerializationConstructorAccessor875::newInstance (49 bytes)
Event: 37189.837 Thread 0x0000019351042550 nmethod 14167 0x0000019346819010 code [0x00000193468191c0, 0x0000019346819448]
Event: 37189.838 Thread 0x0000019351042550 14168   !   1       jdk.internal.reflect.GeneratedMethodAccessor272::invoke (66 bytes)
Event: 37189.838 Thread 0x0000019351042550 nmethod 14168 0x0000019346818710 code [0x0000019346818900, 0x0000019346818d38]
Event: 37189.838 Thread 0x0000019351042550 14169   !   1       jdk.internal.reflect.GeneratedSerializationConstructorAccessor876::newInstance (49 bytes)
Event: 37189.838 Thread 0x0000019351042550 nmethod 14169 0x0000019346818010 code [0x00000193468181e0, 0x0000019346818518]
Event: 37189.838 Thread 0x0000019351042550 14170   !   1       jdk.internal.reflect.GeneratedMethodAccessor273::invoke (66 bytes)
Event: 37189.838 Thread 0x0000019351042550 nmethod 14170 0x0000019346817710 code [0x0000019346817900, 0x0000019346817d38]
Event: 37189.845 Thread 0x0000019351042550 14171       1       com.google.common.collect.RegularImmutableMap::fromEntryArrayCheckingBucketOverflow (278 bytes)
Event: 37189.846 Thread 0x0000019351042550 nmethod 14171 0x0000019346816010 code [0x00000193468162e0, 0x0000019346816fc8]

GC Heap History (20 events):
Event: 37798.988 GC heap before
{Heap before GC invocations=2582 (full 2276):
 garbage-first heap   total 109568K, used 48387K [0x00000000c0000000, 0x0000000100000000)
  region size 1024K, 1 young (1024K), 0 survivors (0K)
 Metaspace       used 63308K, committed 63936K, reserved 1114112K
  class space    used 7996K, committed 8256K, reserved 1048576K
}
Event: 37799.034 GC heap after
{Heap after GC invocations=2583 (full 2277):
 garbage-first heap   total 109568K, used 48387K [0x00000000c0000000, 0x0000000100000000)
  region size 1024K, 0 young (0K), 0 survivors (0K)
 Metaspace       used 63308K, committed 63936K, reserved 1114112K
  class space    used 7996K, committed 8256K, reserved 1048576K
}
Event: 37809.157 GC heap before
{Heap before GC invocations=2583 (full 2277):
 garbage-first heap   total 109568K, used 48387K [0x00000000c0000000, 0x0000000100000000)
  region size 1024K, 1 young (1024K), 0 survivors (0K)
 Metaspace       used 63308K, committed 63936K, reserved 1114112K
  class space    used 7996K, committed 8256K, reserved 1048576K
}
Event: 37809.203 GC heap after
{Heap after GC invocations=2584 (full 2278):
 garbage-first heap   total 109568K, used 48387K [0x00000000c0000000, 0x0000000100000000)
  region size 1024K, 0 young (0K), 0 survivors (0K)
 Metaspace       used 63308K, committed 63936K, reserved 1114112K
  class space    used 7996K, committed 8256K, reserved 1048576K
}
Event: 37819.325 GC heap before
{Heap before GC invocations=2584 (full 2278):
 garbage-first heap   total 109568K, used 48387K [0x00000000c0000000, 0x0000000100000000)
  region size 1024K, 1 young (1024K), 0 survivors (0K)
 Metaspace       used 63308K, committed 63936K, reserved 1114112K
  class space    used 7996K, committed 8256K, reserved 1048576K
}
Event: 37819.371 GC heap after
{Heap after GC invocations=2585 (full 2279):
 garbage-first heap   total 109568K, used 48387K [0x00000000c0000000, 0x0000000100000000)
  region size 1024K, 0 young (0K), 0 survivors (0K)
 Metaspace       used 63308K, committed 63936K, reserved 1114112K
  class space    used 7996K, committed 8256K, reserved 1048576K
}
Event: 37829.491 GC heap before
{Heap before GC invocations=2585 (full 2279):
 garbage-first heap   total 109568K, used 48387K [0x00000000c0000000, 0x0000000100000000)
  region size 1024K, 1 young (1024K), 0 survivors (0K)
 Metaspace       used 63308K, committed 63936K, reserved 1114112K
  class space    used 7996K, committed 8256K, reserved 1048576K
}
Event: 37829.536 GC heap after
{Heap after GC invocations=2586 (full 2280):
 garbage-first heap   total 109568K, used 48387K [0x00000000c0000000, 0x0000000100000000)
  region size 1024K, 0 young (0K), 0 survivors (0K)
 Metaspace       used 63308K, committed 63936K, reserved 1114112K
  class space    used 7996K, committed 8256K, reserved 1048576K
}
Event: 37839.658 GC heap before
{Heap before GC invocations=2586 (full 2280):
 garbage-first heap   total 109568K, used 48387K [0x00000000c0000000, 0x0000000100000000)
  region size 1024K, 1 young (1024K), 0 survivors (0K)
 Metaspace       used 63308K, committed 63936K, reserved 1114112K
  class space    used 7996K, committed 8256K, reserved 1048576K
}
Event: 37839.704 GC heap after
{Heap after GC invocations=2587 (full 2281):
 garbage-first heap   total 109568K, used 48387K [0x00000000c0000000, 0x0000000100000000)
  region size 1024K, 0 young (0K), 0 survivors (0K)
 Metaspace       used 63308K, committed 63936K, reserved 1114112K
  class space    used 7996K, committed 8256K, reserved 1048576K
}
Event: 37889.836 GC heap before
{Heap before GC invocations=2587 (full 2281):
 garbage-first heap   total 109568K, used 54531K [0x00000000c0000000, 0x0000000100000000)
  region size 1024K, 7 young (7168K), 0 survivors (0K)
 Metaspace       used 63308K, committed 63936K, reserved 1114112K
  class space    used 7996K, committed 8256K, reserved 1048576K
}
Event: 37889.883 GC heap after
{Heap after GC invocations=2588 (full 2282):
 garbage-first heap   total 109568K, used 45639K [0x00000000c0000000, 0x0000000100000000)
  region size 1024K, 0 young (0K), 0 survivors (0K)
 Metaspace       used 63308K, committed 63936K, reserved 1114112K
  class space    used 7996K, committed 8256K, reserved 1048576K
}
Event: 37900.073 GC heap before
{Heap before GC invocations=2588 (full 2282):
 garbage-first heap   total 109568K, used 45639K [0x00000000c0000000, 0x0000000100000000)
  region size 1024K, 1 young (1024K), 0 survivors (0K)
 Metaspace       used 63308K, committed 63936K, reserved 1114112K
  class space    used 7996K, committed 8256K, reserved 1048576K
}
Event: 37900.127 GC heap after
{Heap after GC invocations=2589 (full 2283):
 garbage-first heap   total 109568K, used 45639K [0x00000000c0000000, 0x0000000100000000)
  region size 1024K, 0 young (0K), 0 survivors (0K)
 Metaspace       used 63308K, committed 63936K, reserved 1114112K
  class space    used 7996K, committed 8256K, reserved 1048576K
}
Event: 37910.305 GC heap before
{Heap before GC invocations=2589 (full 2283):
 garbage-first heap   total 109568K, used 45639K [0x00000000c0000000, 0x0000000100000000)
  region size 1024K, 1 young (1024K), 0 survivors (0K)
 Metaspace       used 63308K, committed 63936K, reserved 1114112K
  class space    used 7996K, committed 8256K, reserved 1048576K
}
Event: 37910.352 GC heap after
{Heap after GC invocations=2590 (full 2284):
 garbage-first heap   total 109568K, used 45638K [0x00000000c0000000, 0x0000000100000000)
  region size 1024K, 0 young (0K), 0 survivors (0K)
 Metaspace       used 63308K, committed 63936K, reserved 1114112K
  class space    used 7996K, committed 8256K, reserved 1048576K
}
Event: 37920.483 GC heap before
{Heap before GC invocations=2590 (full 2284):
 garbage-first heap   total 109568K, used 45638K [0x00000000c0000000, 0x0000000100000000)
  region size 1024K, 1 young (1024K), 0 survivors (0K)
 Metaspace       used 63308K, committed 63936K, reserved 1114112K
  class space    used 7996K, committed 8256K, reserved 1048576K
}
Event: 37920.529 GC heap after
{Heap after GC invocations=2591 (full 2285):
 garbage-first heap   total 109568K, used 45504K [0x00000000c0000000, 0x0000000100000000)
  region size 1024K, 0 young (0K), 0 survivors (0K)
 Metaspace       used 63308K, committed 63936K, reserved 1114112K
  class space    used 7996K, committed 8256K, reserved 1048576K
}
Event: 37930.661 GC heap before
{Heap before GC invocations=2591 (full 2285):
 garbage-first heap   total 109568K, used 45504K [0x00000000c0000000, 0x0000000100000000)
  region size 1024K, 1 young (1024K), 0 survivors (0K)
 Metaspace       used 63308K, committed 63936K, reserved 1114112K
  class space    used 7996K, committed 8256K, reserved 1048576K
}
Event: 37930.708 GC heap after
{Heap after GC invocations=2592 (full 2286):
 garbage-first heap   total 109568K, used 45504K [0x00000000c0000000, 0x0000000100000000)
  region size 1024K, 0 young (0K), 0 survivors (0K)
 Metaspace       used 63308K, committed 63936K, reserved 1114112K
  class space    used 7996K, committed 8256K, reserved 1048576K
}

Dll operation events (11 events):
Event: 0.010 Loaded shared library c:\Users\Gamer\.vscode\extensions\redhat.java-1.31.0-win32-x64\jre\17.0.11-win32-x86_64\bin\java.dll
Event: 0.264 Loaded shared library C:\Users\Gamer\.vscode\extensions\redhat.java-1.31.0-win32-x64\jre\17.0.11-win32-x86_64\bin\net.dll
Event: 0.266 Loaded shared library C:\Users\Gamer\.vscode\extensions\redhat.java-1.31.0-win32-x64\jre\17.0.11-win32-x86_64\bin\nio.dll
Event: 0.410 Loaded shared library C:\Users\Gamer\.vscode\extensions\redhat.java-1.31.0-win32-x64\jre\17.0.11-win32-x86_64\bin\zip.dll
Event: 9.725 Loaded shared library C:\Users\Gamer\.vscode\extensions\redhat.java-1.31.0-win32-x64\jre\17.0.11-win32-x86_64\bin\jimage.dll
Event: 10.887 Loaded shared library c:\Users\Gamer\.vscode\extensions\redhat.java-1.31.0-win32-x64\jre\17.0.11-win32-x86_64\bin\verify.dll
Event: 12.775 Loaded shared library C:\Users\Gamer\.vscode\extensions\redhat.java-1.31.0-win32-x64\jre\17.0.11-win32-x86_64\bin\management.dll
Event: 12.802 Loaded shared library C:\Users\Gamer\.vscode\extensions\redhat.java-1.31.0-win32-x64\jre\17.0.11-win32-x86_64\bin\management_ext.dll
Event: 13.678 Loaded shared library C:\Users\Gamer\.vscode\extensions\redhat.java-1.31.0-win32-x64\jre\17.0.11-win32-x86_64\bin\sunmscapi.dll
Event: 13.831 Loaded shared library C:\Users\Gamer\.vscode\extensions\redhat.java-1.31.0-win32-x64\jre\17.0.11-win32-x86_64\bin\extnet.dll
Event: 269.032 Loaded shared library C:\Users\Gamer\.vscode\extensions\redhat.java-1.31.0-win32-x64\jre\17.0.11-win32-x86_64\bin\rmi.dll

Deoptimization events (20 events):
Event: 1769.847 Thread 0x0000019352901df0 DEOPT PACKING pc=0x0000019345109df4 sp=0x00000043a1ffe6e0
Event: 1769.847 Thread 0x0000019352901df0 DEOPT UNPACKING pc=0x0000019344e57143 sp=0x00000043a1ffdbb0 mode 0
Event: 1769.852 Thread 0x0000019352901df0 DEOPT PACKING pc=0x00000193456ab70c sp=0x00000043a1ffe840
Event: 1769.852 Thread 0x0000019352901df0 DEOPT UNPACKING pc=0x0000019344e57143 sp=0x00000043a1ffdda8 mode 0
Event: 1769.852 Thread 0x0000019352901df0 DEOPT PACKING pc=0x00000193450f514c sp=0x00000043a1ffe970
Event: 1769.852 Thread 0x0000019352901df0 DEOPT UNPACKING pc=0x0000019344e57143 sp=0x00000043a1ffde68 mode 0
Event: 1792.211 Thread 0x0000019352a371c0 DEOPT PACKING pc=0x00000193459b7326 sp=0x00000043a2cfe900
Event: 1792.211 Thread 0x0000019352a371c0 DEOPT UNPACKING pc=0x0000019344e57143 sp=0x00000043a2cfde88 mode 0
Event: 1914.181 Thread 0x0000019352a3a970 DEOPT PACKING pc=0x0000019345bddfbc sp=0x000000439fafe6a0
Event: 1914.181 Thread 0x0000019352a3a970 DEOPT UNPACKING pc=0x0000019344e57143 sp=0x000000439fafdb88 mode 0
Event: 4563.883 Thread 0x0000019352a37be0 DEOPT PACKING pc=0x00000193461252bd sp=0x000000439fbfdc70
Event: 4563.883 Thread 0x0000019352a37be0 DEOPT UNPACKING pc=0x0000019344e57143 sp=0x000000439fbfd138 mode 0
Event: 4563.894 Thread 0x0000019352a37be0 DEOPT PACKING pc=0x0000019345dadfac sp=0x000000439fbfdb80
Event: 4563.894 Thread 0x0000019352a37be0 DEOPT UNPACKING pc=0x0000019344e57143 sp=0x000000439fbfd0f0 mode 0
Event: 4563.894 Thread 0x0000019352a37be0 DEOPT PACKING pc=0x0000019345dad88c sp=0x000000439fbfdce0
Event: 4563.894 Thread 0x0000019352a37be0 DEOPT UNPACKING pc=0x0000019344e57143 sp=0x000000439fbfd258 mode 0
Event: 4587.646 Thread 0x0000019352a37be0 DEOPT PACKING pc=0x0000019345d2a67c sp=0x000000439fbfe420
Event: 4587.646 Thread 0x0000019352a37be0 DEOPT UNPACKING pc=0x0000019344e57143 sp=0x000000439fbfd958 mode 0
Event: 4587.646 Thread 0x0000019352a37be0 DEOPT PACKING pc=0x0000019345d29ee4 sp=0x000000439fbfe5e0
Event: 4587.646 Thread 0x0000019352a37be0 DEOPT UNPACKING pc=0x0000019344e57143 sp=0x000000439fbfdb18 mode 0

Classes unloaded (20 events):
Event: 37259.362 Thread 0x000001934cc75710 Unloading class 0x0000000100808c00 'jdk/internal/reflect/GeneratedSerializationConstructorAccessor870'
Event: 37259.362 Thread 0x000001934cc75710 Unloading class 0x0000000100808800 'jdk/internal/reflect/GeneratedSerializationConstructorAccessor869'
Event: 37259.362 Thread 0x000001934cc75710 Unloading class 0x0000000100808400 'jdk/internal/reflect/GeneratedSerializationConstructorAccessor868'
Event: 37259.362 Thread 0x000001934cc75710 Unloading class 0x0000000100808000 'jdk/internal/reflect/GeneratedSerializationConstructorAccessor867'
Event: 37259.362 Thread 0x000001934cc75710 Unloading class 0x0000000100801c00 'jdk/internal/reflect/GeneratedSerializationConstructorAccessor866'
Event: 37259.362 Thread 0x000001934cc75710 Unloading class 0x0000000100801800 'jdk/internal/reflect/GeneratedSerializationConstructorAccessor865'
Event: 37259.362 Thread 0x000001934cc75710 Unloading class 0x00000001007a5800 'jdk/internal/reflect/GeneratedSerializationConstructorAccessor864'
Event: 37259.362 Thread 0x000001934cc75710 Unloading class 0x000000010079f400 'jdk/internal/reflect/GeneratedSerializationConstructorAccessor863'
Event: 37259.362 Thread 0x000001934cc75710 Unloading class 0x00000001007c3400 'jdk/internal/reflect/GeneratedSerializationConstructorAccessor862'
Event: 37259.362 Thread 0x000001934cc75710 Unloading class 0x00000001007ac400 'jdk/internal/reflect/GeneratedSerializationConstructorAccessor861'
Event: 37259.362 Thread 0x000001934cc75710 Unloading class 0x00000001007c2400 'jdk/internal/reflect/GeneratedSerializationConstructorAccessor860'
Event: 37259.362 Thread 0x000001934cc75710 Unloading class 0x00000001007d0400 'jdk/internal/reflect/GeneratedSerializationConstructorAccessor859'
Event: 37259.362 Thread 0x000001934cc75710 Unloading class 0x00000001007cf400 'jdk/internal/reflect/GeneratedSerializationConstructorAccessor858'
Event: 37259.362 Thread 0x000001934cc75710 Unloading class 0x00000001007c1400 'jdk/internal/reflect/GeneratedSerializationConstructorAccessor857'
Event: 37259.362 Thread 0x000001934cc75710 Unloading class 0x00000001007df000 'jdk/internal/reflect/GeneratedSerializationConstructorAccessor856'
Event: 37259.362 Thread 0x000001934cc75710 Unloading class 0x00000001007cd400 'jdk/internal/reflect/GeneratedSerializationConstructorAccessor855'
Event: 37259.362 Thread 0x000001934cc75710 Unloading class 0x000000010079d800 'jdk/internal/reflect/GeneratedSerializationConstructorAccessor854'
Event: 37259.362 Thread 0x000001934cc75710 Unloading class 0x00000001007c1c00 'jdk/internal/reflect/GeneratedSerializationConstructorAccessor853'
Event: 37259.362 Thread 0x000001934cc75710 Unloading class 0x00000001007c2800 'jdk/internal/reflect/GeneratedSerializationConstructorAccessor852'
Event: 37259.362 Thread 0x000001934cc75710 Unloading class 0x00000001007de000 'jdk/internal/reflect/GeneratedSerializationConstructorAccessor851'

Classes redefined (0 events):
No events

Internal exceptions (20 events):
Event: 37379.152 Thread 0x00000193536c8ac0 Exception <a 'java/net/ConnectException'{0x00000000c6a043e8}: Connection refused: connect> (0x00000000c6a043e8) 
thrown [s\src\hotspot\share\prims\jni.cpp, line 535]
Event: 37379.152 Thread 0x00000193536c8ac0 Exception <a 'java/net/SocketException'{0x00000000c6a04720}: Socket is not connected: shutdown> (0x00000000c6a04720) 
thrown [s\src\hotspot\share\prims\jni.cpp, line 535]
Event: 37380.155 Thread 0x00000193536c8ac0 Exception <a 'java/net/ConnectException'{0x00000000c6a052c8}: Connection refused: connect> (0x00000000c6a052c8) 
thrown [s\src\hotspot\share\prims\jni.cpp, line 535]
Event: 37380.155 Thread 0x00000193536c8ac0 Exception <a 'java/net/SocketException'{0x00000000c6a05600}: Socket is not connected: shutdown> (0x00000000c6a05600) 
thrown [s\src\hotspot\share\prims\jni.cpp, line 535]
Event: 37380.156 Thread 0x00000193536c8ac0 Exception <a 'java/net/ConnectException'{0x00000000c6a06198}: Connection refused: connect> (0x00000000c6a06198) 
thrown [s\src\hotspot\share\prims\jni.cpp, line 535]
Event: 37380.156 Thread 0x00000193536c8ac0 Exception <a 'java/net/SocketException'{0x00000000c6a064d0}: Socket is not connected: shutdown> (0x00000000c6a064d0) 
thrown [s\src\hotspot\share\prims\jni.cpp, line 535]
Event: 37408.879 Thread 0x00000193536cb340 Exception <a 'java/net/ConnectException'{0x00000000c6a01620}: Connection refused: connect> (0x00000000c6a01620) 
thrown [s\src\hotspot\share\prims\jni.cpp, line 535]
Event: 37408.879 Thread 0x00000193536cb340 Exception <a 'java/net/SocketException'{0x00000000c6a01958}: Socket is not connected: shutdown> (0x00000000c6a01958) 
thrown [s\src\hotspot\share\prims\jni.cpp, line 535]
Event: 37486.669 Thread 0x00000193536cb340 Exception <a 'java/net/ConnectException'{0x00000000c6a00fa0}: Connection refused: connect> (0x00000000c6a00fa0) 
thrown [s\src\hotspot\share\prims\jni.cpp, line 535]
Event: 37486.669 Thread 0x00000193536cb340 Exception <a 'java/net/SocketException'{0x00000000c6a012d8}: Socket is not connected: shutdown> (0x00000000c6a012d8) 
thrown [s\src\hotspot\share\prims\jni.cpp, line 535]
Event: 37486.669 Thread 0x00000193536cb340 Exception <a 'java/net/ConnectException'{0x00000000c6a01e70}: Connection refused: connect> (0x00000000c6a01e70) 
thrown [s\src\hotspot\share\prims\jni.cpp, line 535]
Event: 37486.669 Thread 0x00000193536cb340 Exception <a 'java/net/SocketException'{0x00000000c6a021a8}: Socket is not connected: shutdown> (0x00000000c6a021a8) 
thrown [s\src\hotspot\share\prims\jni.cpp, line 535]
Event: 37486.673 Thread 0x00000193536cb340 Exception <a 'java/net/ConnectException'{0x00000000c6a02d50}: Connection refused: connect> (0x00000000c6a02d50) 
thrown [s\src\hotspot\share\prims\jni.cpp, line 535]
Event: 37486.673 Thread 0x00000193536cb340 Exception <a 'java/net/SocketException'{0x00000000c6a03088}: Socket is not connected: shutdown> (0x00000000c6a03088) 
thrown [s\src\hotspot\share\prims\jni.cpp, line 535]
Event: 37486.673 Thread 0x00000193536cb340 Exception <a 'java/net/ConnectException'{0x00000000c6a03c20}: Connection refused: connect> (0x00000000c6a03c20) 
thrown [s\src\hotspot\share\prims\jni.cpp, line 535]
Event: 37486.673 Thread 0x00000193536cb340 Exception <a 'java/net/SocketException'{0x00000000c6a03f58}: Socket is not connected: shutdown> (0x00000000c6a03f58) 
thrown [s\src\hotspot\share\prims\jni.cpp, line 535]
Event: 37487.674 Thread 0x00000193536cb340 Exception <a 'java/net/ConnectException'{0x00000000c6a04b00}: Connection refused: connect> (0x00000000c6a04b00) 
thrown [s\src\hotspot\share\prims\jni.cpp, line 535]
Event: 37487.674 Thread 0x00000193536cb340 Exception <a 'java/net/SocketException'{0x00000000c6a04e38}: Socket is not connected: shutdown> (0x00000000c6a04e38) 
thrown [s\src\hotspot\share\prims\jni.cpp, line 535]
Event: 37487.674 Thread 0x00000193536cb340 Exception <a 'java/net/ConnectException'{0x00000000c6a059d0}: Connection refused: connect> (0x00000000c6a059d0) 
thrown [s\src\hotspot\share\prims\jni.cpp, line 535]
Event: 37487.674 Thread 0x00000193536cb340 Exception <a 'java/net/SocketException'{0x00000000c6a05d20}: Socket is not connected: shutdown> (0x00000000c6a05d20) 
thrown [s\src\hotspot\share\prims\jni.cpp, line 535]

VM Operations (20 events):
Event: 37799.035 Executing VM operation: G1CollectFull done
Event: 37809.157 Executing VM operation: G1CollectFull
Event: 37809.203 Executing VM operation: G1CollectFull done
Event: 37819.325 Executing VM operation: G1CollectFull
Event: 37819.371 Executing VM operation: G1CollectFull done
Event: 37829.491 Executing VM operation: G1CollectFull
Event: 37829.536 Executing VM operation: G1CollectFull done
Event: 37839.658 Executing VM operation: G1CollectFull
Event: 37839.704 Executing VM operation: G1CollectFull done
Event: 37889.836 Executing VM operation: G1CollectFull
Event: 37889.883 Executing VM operation: G1CollectFull done
Event: 37900.073 Executing VM operation: G1CollectFull
Event: 37900.127 Executing VM operation: G1CollectFull done
Event: 37910.305 Executing VM operation: G1CollectFull
Event: 37910.353 Executing VM operation: G1CollectFull done
Event: 37920.483 Executing VM operation: G1CollectFull
Event: 37920.529 Executing VM operation: G1CollectFull done
Event: 37930.661 Executing VM operation: G1CollectFull
Event: 37930.708 Executing VM operation: G1CollectFull done
Event: 37940.755 Executing VM operation: G1CollectFull

Events (20 events):
Event: 37187.451 Thread 0x0000019353c574e0 Thread exited: 0x0000019353c574e0
Event: 37189.837 Thread 0x0000019353b20210 Thread exited: 0x0000019353b20210
Event: 37193.060 Thread 0x00000193536cb850 Thread exited: 0x00000193536cb850
Event: 37228.876 Thread 0x00000193536cc780 Thread exited: 0x00000193536cc780
Event: 37239.710 Thread 0x00000193536ccc90 Thread exited: 0x00000193536ccc90
Event: 37242.446 Thread 0x00000193536c80a0 Thread exited: 0x00000193536c80a0
Event: 37242.771 Thread 0x00000193536c99f0 Thread exited: 0x00000193536c99f0
Event: 37250.054 Thread 0x00000193536cc270 Thread exited: 0x00000193536cc270
Event: 37253.063 Thread 0x00000193536cae30 Thread exited: 0x00000193536cae30
Event: 37253.365 Thread 0x00000193536c8fd0 Thread exited: 0x00000193536c8fd0
Event: 37380.156 Thread 0x00000193536c8ac0 Thread exited: 0x00000193536c8ac0
Event: 37487.674 Thread 0x00000193536cb340 Thread exited: 0x00000193536cb340
Event: 37844.201 Thread 0x00000193536c7b90 Thread added: 0x00000193536c7b90
Event: 37844.202 Thread 0x00000193536c8fd0 Thread added: 0x00000193536c8fd0
Event: 37850.823 Thread 0x00000193536cb340 Thread added: 0x00000193536cb340
Event: 37850.823 Thread 0x00000193536cc780 Thread added: 0x00000193536cc780
Event: 37904.220 Thread 0x00000193536c8fd0 Thread exited: 0x00000193536c8fd0
Event: 37910.824 Thread 0x00000193536c7b90 Thread exited: 0x00000193536c7b90
Event: 37911.323 Thread 0x00000193536cb340 Thread exited: 0x00000193536cb340
Event: 37914.806 Thread 0x00000193536cc780 Thread exited: 0x00000193536cc780


Dynamic libraries:
0x00007ff7fe9f0000 - 0x00007ff7fe9fe000 	c:\Users\Gamer\.vscode\extensions\redhat.java-1.31.0-win32-x64\jre\17.0.11-win32-x86_64\bin\java.exe
0x00007ffb03bb0000 - 0x00007ffb03da8000 	C:\Windows\SYSTEM32\ntdll.dll
0x00007ffb02a20000 - 0x00007ffb02add000 	C:\Windows\System32\KERNEL32.DLL
0x00007ffb01760000 - 0x00007ffb01a56000 	C:\Windows\System32\KERNELBASE.dll
0x00007ffb013e0000 - 0x00007ffb014e0000 	C:\Windows\System32\ucrtbase.dll
0x00007ffadad00000 - 0x00007ffadad17000 	c:\Users\Gamer\.vscode\extensions\redhat.java-1.31.0-win32-x64\jre\17.0.11-win32-x86_64\bin\jli.dll
0x00007ffb01c10000 - 0x00007ffb01daf000 	C:\Windows\System32\USER32.dll
0x00007ffb01b80000 - 0x00007ffb01ba2000 	C:\Windows\System32\win32u.dll
0x00007ffb029f0000 - 0x00007ffb02a1b000 	C:\Windows\System32\GDI32.dll
0x00007ffb01640000 - 0x00007ffb01757000 	C:\Windows\System32\gdi32full.dll
0x00007ffb01ae0000 - 0x00007ffb01b7d000 	C:\Windows\System32\msvcp_win.dll
0x00007ffaddd70000 - 0x00007ffaddd8b000 	c:\Users\Gamer\.vscode\extensions\redhat.java-1.31.0-win32-x64\jre\17.0.11-win32-x86_64\bin\VCRUNTIME140.dll
0x00007ffaf4da0000 - 0x00007ffaf503a000 	C:\Windows\WinSxS\amd64_microsoft.windows.common-controls_6595b64144ccf1df_6.0.19041.4355_none_60b8b9eb71f62e16\COMCTL32.dll
0x00007ffb038f0000 - 0x00007ffb0398e000 	C:\Windows\System32\msvcrt.dll
0x00007ffb02730000 - 0x00007ffb02762000 	C:\Windows\System32\IMM32.DLL
0x00007ffaee460000 - 0x00007ffaee46c000 	c:\Users\Gamer\.vscode\extensions\redhat.java-1.31.0-win32-x64\jre\17.0.11-win32-x86_64\bin\vcruntime140_1.dll
0x00007ffaaf370000 - 0x00007ffaaf3fd000 	c:\Users\Gamer\.vscode\extensions\redhat.java-1.31.0-win32-x64\jre\17.0.11-win32-x86_64\bin\msvcp140.dll
0x00007ffa87bc0000 - 0x00007ffa88822000 	c:\Users\Gamer\.vscode\extensions\redhat.java-1.31.0-win32-x64\jre\17.0.11-win32-x86_64\bin\server\jvm.dll
0x00007ffb02b40000 - 0x00007ffb02bf0000 	C:\Windows\System32\ADVAPI32.dll
0x00007ffb03850000 - 0x00007ffb038f0000 	C:\Windows\System32\sechost.dll
0x00007ffb028c0000 - 0x00007ffb029e3000 	C:\Windows\System32\RPCRT4.dll
0x00007ffb01ab0000 - 0x00007ffb01ad7000 	C:\Windows\System32\bcrypt.dll
0x00007ffb00720000 - 0x00007ffb0076b000 	C:\Windows\SYSTEM32\POWRPROF.dll
0x00007ffadfa20000 - 0x00007ffadfa29000 	C:\Windows\SYSTEM32\WSOCK32.dll
0x00007ffb02850000 - 0x00007ffb028bb000 	C:\Windows\System32\WS2_32.dll
0x00007ffaef010000 - 0x00007ffaef037000 	C:\Windows\SYSTEM32\WINMM.dll
0x00007ffaf6950000 - 0x00007ffaf695a000 	C:\Windows\SYSTEM32\VERSION.dll
0x00007ffb005e0000 - 0x00007ffb005f2000 	C:\Windows\SYSTEM32\UMPDC.dll
0x00007ffaff090000 - 0x00007ffaff0a2000 	C:\Windows\SYSTEM32\kernel.appcore.dll
0x00007ffae7af0000 - 0x00007ffae7afa000 	c:\Users\Gamer\.vscode\extensions\redhat.java-1.31.0-win32-x64\jre\17.0.11-win32-x86_64\bin\jimage.dll
0x00007ffaf6210000 - 0x00007ffaf63f4000 	C:\Windows\SYSTEM32\DBGHELP.DLL
0x00007ffade020000 - 0x00007ffade054000 	C:\Windows\SYSTEM32\dbgcore.DLL
0x00007ffb01350000 - 0x00007ffb013d2000 	C:\Windows\System32\bcryptPrimitives.dll
0x00007ffab9d40000 - 0x00007ffab9d65000 	c:\Users\Gamer\.vscode\extensions\redhat.java-1.31.0-win32-x64\jre\17.0.11-win32-x86_64\bin\java.dll
0x00007ffad4a50000 - 0x00007ffad4a68000 	c:\Users\Gamer\.vscode\extensions\redhat.java-1.31.0-win32-x64\jre\17.0.11-win32-x86_64\bin\zip.dll
0x00007ffb01ed0000 - 0x00007ffb0263b000 	C:\Windows\System32\SHELL32.dll
0x00007ffaff290000 - 0x00007ffaffa2d000 	C:\Windows\SYSTEM32\windows.storage.dll
0x00007ffb02f40000 - 0x00007ffb03293000 	C:\Windows\System32\combase.dll
0x00007ffb00b70000 - 0x00007ffb00b9e000 	C:\Windows\SYSTEM32\Wldp.dll
0x00007ffb02780000 - 0x00007ffb0284d000 	C:\Windows\System32\OLEAUT32.dll
0x00007ffb01e20000 - 0x00007ffb01ecd000 	C:\Windows\System32\SHCORE.dll
0x00007ffb02bf0000 - 0x00007ffb02c45000 	C:\Windows\System32\shlwapi.dll
0x00007ffb01160000 - 0x00007ffb01184000 	C:\Windows\SYSTEM32\profapi.dll
0x00007ffad01e0000 - 0x00007ffad01f9000 	C:\Users\Gamer\.vscode\extensions\redhat.java-1.31.0-win32-x64\jre\17.0.11-win32-x86_64\bin\net.dll
0x00007ffaf9480000 - 0x00007ffaf958a000 	C:\Windows\SYSTEM32\WINHTTP.dll
0x00007ffb00950000 - 0x00007ffb009ba000 	C:\Windows\system32\mswsock.dll
0x00007ffab7b50000 - 0x00007ffab7b66000 	C:\Users\Gamer\.vscode\extensions\redhat.java-1.31.0-win32-x64\jre\17.0.11-win32-x86_64\bin\nio.dll
0x00007ffae5890000 - 0x00007ffae58a0000 	c:\Users\Gamer\.vscode\extensions\redhat.java-1.31.0-win32-x64\jre\17.0.11-win32-x86_64\bin\verify.dll
0x00007ffb00bb0000 - 0x00007ffb00bc8000 	C:\Windows\SYSTEM32\CRYPTSP.dll
0x00007ffb00220000 - 0x00007ffb00254000 	C:\Windows\system32\rsaenh.dll
0x00007ffb010d0000 - 0x00007ffb010fe000 	C:\Windows\SYSTEM32\USERENV.dll
0x00007ffb00ae0000 - 0x00007ffb00aec000 	C:\Windows\SYSTEM32\CRYPTBASE.dll
0x00007ffb00600000 - 0x00007ffb0063b000 	C:\Windows\SYSTEM32\IPHLPAPI.DLL
0x00007ffb01e10000 - 0x00007ffb01e18000 	C:\Windows\System32\NSI.dll
0x00007ffafa330000 - 0x00007ffafa347000 	C:\Windows\SYSTEM32\dhcpcsvc6.DLL
0x00007ffafa310000 - 0x00007ffafa32d000 	C:\Windows\SYSTEM32\dhcpcsvc.DLL
0x00007ffb00650000 - 0x00007ffb0071b000 	C:\Windows\SYSTEM32\DNSAPI.dll
0x00007ffafbce0000 - 0x00007ffafbce9000 	C:\Users\Gamer\.vscode\extensions\redhat.java-1.31.0-win32-x64\jre\17.0.11-win32-x86_64\bin\management.dll
0x00007ffafb4d0000 - 0x00007ffafb4db000 	C:\Users\Gamer\.vscode\extensions\redhat.java-1.31.0-win32-x64\jre\17.0.11-win32-x86_64\bin\management_ext.dll
0x00007ffb02640000 - 0x00007ffb02648000 	C:\Windows\System32\PSAPI.DLL
0x00007ffaf4bc0000 - 0x00007ffaf4bce000 	C:\Users\Gamer\.vscode\extensions\redhat.java-1.31.0-win32-x64\jre\17.0.11-win32-x86_64\bin\sunmscapi.dll
0x00007ffb014e0000 - 0x00007ffb0163e000 	C:\Windows\System32\CRYPT32.dll
0x00007ffb00cc0000 - 0x00007ffb00ce9000 	C:\Windows\SYSTEM32\ncrypt.dll
0x00007ffb00c80000 - 0x00007ffb00cbb000 	C:\Windows\SYSTEM32\NTASN1.dll
0x00000000777d0000 - 0x00000000777f6000 	C:\Program Files\Bonjour\mdnsNSP.dll
0x00007ffaee4a0000 - 0x00007ffaee4aa000 	C:\Windows\System32\rasadhlp.dll
0x00007ffaf8190000 - 0x00007ffaf8210000 	C:\Windows\System32\fwpuclnt.dll
0x00007ffaf4560000 - 0x00007ffaf4569000 	C:\Users\Gamer\.vscode\extensions\redhat.java-1.31.0-win32-x64\jre\17.0.11-win32-x86_64\bin\extnet.dll
0x00007ffaf4770000 - 0x00007ffaf4787000 	C:\Windows\system32\napinsp.dll
0x00007ffaf4750000 - 0x00007ffaf476b000 	C:\Windows\system32\pnrpnsp.dll
0x00007ffafbe30000 - 0x00007ffafbe45000 	C:\Windows\system32\wshbth.dll
0x00007ffafcbd0000 - 0x00007ffafcbed000 	C:\Windows\system32\NLAapi.dll
0x00007ffaf4730000 - 0x00007ffaf4742000 	C:\Windows\System32\winrnr.dll
0x00007ffaeec30000 - 0x00007ffaeec37000 	C:\Users\Gamer\.vscode\extensions\redhat.java-1.31.0-win32-x64\jre\17.0.11-win32-x86_64\bin\rmi.dll

dbghelp: loaded successfully - version: 4.0.5 - missing functions: none
symbol engine: initialized successfully - sym options: 0x614 - pdb path: .;c:\Users\Gamer\.vscode\extensions\redhat.java-1.31.0-win32-x64\jre\17.0.11-win32-x86_64\bin;C:\Windows\SYSTEM32;C:\Windows\WinSxS\amd64_microsoft.windows.common-controls_6595b64144ccf1df_6.0.19041.4355_none_60b8b9eb71f62e16;c:\Users\Gamer\.vscode\extensions\redhat.java-1.31.0-win32-x64\jre\17.0.11-win32-x86_64\bin\server;C:\Program Files\Bonjour

VM Arguments:
jvm_args: -Xmx1024m -Dsts.lsp.client=vscode -Dsts.log.file=/dev/null -XX:TieredStopAtLevel=1 -Xlog:jni+resolve=off -Dspring.config.location=file:c:\Users\Gamer\.vscode\extensions\vmware.vscode-spring-boot-1.54.0\language-server\BOOT-INF\classes\application.properties 
java_command: org.springframework.ide.vscode.boot.app.BootLanguageServerBootApp
java_class_path (initial): c:\Users\Gamer\.vscode\extensions\vmware.vscode-spring-boot-1.54.0\language-server\BOOT-INF\classes;c:\Users\Gamer\.vscode\extensions\vmware.vscode-spring-boot-1.54.0\language-server\BOOT-INF\lib\annotations-24.1.0.jar;c:\Users\Gamer\.vscode\extensions\vmware.vscode-spring-boot-1.54.0\language-server\BOOT-INF\lib\antlr4-runtime-4.13.1.jar;c:\Users\Gamer\.vscode\extensions\vmware.vscode-spring-boot-1.54.0\language-server\BOOT-INF\lib\asm-9.7.jar;c:\Users\Gamer\.vscode\extensions\vmware.vscode-spring-boot-1.54.0\language-server\BOOT-INF\lib\asm-analysis-9.7.jar;c:\Users\Gamer\.vscode\extensions\vmware.vscode-spring-boot-1.54.0\language-server\BOOT-INF\lib\asm-tree-9.7.jar;c:\Users\Gamer\.vscode\extensions\vmware.vscode-spring-boot-1.54.0\language-server\BOOT-INF\lib\asm-util-9.7.jar;c:\Users\Gamer\.vscode\extensions\vmware.vscode-spring-boot-1.54.0\language-server\BOOT-INF\lib\caffeine-3.1.8.jar;c:\Users\Gamer\.vscode\extensions\vmware.vscode-spring-boot-1.54.0\language-server\BOOT-INF\lib\checker-qual-3.12.0.jar;c:\Users\Gamer\.vscode\extensions\vmware.vscode-spring-boot-1.54.0\language-server\BOOT-INF\lib\classgraph-4.8.149.jar;c:\Users\Gamer\.vscode\extensions\vmware.vscode-spring-boot-1.54.0\language-server\BOOT-INF\lib\commons-codec-1.16.1.jar;c:\Users\Gamer\.vscode\extensions\vmware.vscode-spring-boot-1.54.0\language-server\BOOT-INF\lib\commons-compress-1.26.1.jar;c:\Users\Gamer\.vscode\extensions\vmware.vscode-spring-boot-1.54.0\language-server\BOOT-INF\lib\commons-io-2.4.jar;c:\Users\Gamer\.vscode\extensions\vmware.vscode-spring-boot-1.54.0\language-server\BOOT-INF\lib\commons-java-1.54.0-SNAPSHOT.jar;c:\Users\Gamer\.vscode\extensions\vmware.vscode-spring-boot-1.54.0\language-server\BOOT-INF\lib\commons-lang3-3.13.0.jar;c:\Users\Gamer\.vscode\extensions\vmware.vscode-spring-boot-1.54.0\language-server\BOOT-INF\lib\commons-language-server-1.54.0-SNAPSHOT.jar;c:\Users\Gamer\.vscode\extensions\vmware.vscode-spring-boot-1.54.0\language
Launcher Type: SUN_STANDARD

[Global flags]
     intx CICompilerCount                          = 3                                         {product} {ergonomic}
     uint ConcGCThreads                            = 2                                         {product} {ergonomic}
     uint G1ConcRefinementThreads                  = 6                                         {product} {ergonomic}
   size_t G1HeapRegionSize                         = 1048576                                   {product} {ergonomic}
    uintx GCDrainStackTargetSize                   = 64                                        {product} {ergonomic}
   size_t InitialHeapSize                          = 268435456                                 {product} {ergonomic}
   size_t MarkStackSize                            = 4194304                                   {product} {ergonomic}
   size_t MaxHeapSize                              = 1073741824                                {product} {command line}
   size_t MaxNewSize                               = 643825664                                 {product} {ergonomic}
   size_t MinHeapDeltaBytes                        = 1048576                                   {product} {ergonomic}
   size_t MinHeapSize                              = 8388608                                   {product} {ergonomic}
    uintx NonProfiledCodeHeapSize                  = 0                                      {pd product} {ergonomic}
     bool ProfileInterpreter                       = false                                  {pd product} {command line}
    uintx ProfiledCodeHeapSize                     = 0                                      {pd product} {ergonomic}
   size_t SoftMaxHeapSize                          = 1073741824                             {manageable} {ergonomic}
     intx TieredStopAtLevel                        = 1                                         {product} {command line}
     bool UseCompressedClassPointers               = true                           {product lp64_product} {ergonomic}
     bool UseCompressedOops                        = true                           {product lp64_product} {ergonomic}
     bool UseG1GC                                  = true                                      {product} {ergonomic}
     bool UseLargePagesIndividualAllocation        = false                                  {pd product} {ergonomic}

Logging:
Log output configuration:
 #0: stdout all=warning,jni+resolve=off uptime,level,tags
 #1: stderr all=off uptime,level,tags

Environment Variables:
PATH=C:\Program Files (x86)\Common Files\Oracle\Java\javapath;C:\Windows\system32;C:\Windows;C:\Windows\System32\Wbem;C:\Windows\System32\WindowsPowerShell\v1.0\;C:\Windows\System32\OpenSSH\;C:\Program Files\NVIDIA Corporation\NVIDIA NvDLISR;C:\Program Files (x86)\NVIDIA Corporation\PhysX\Common;C:\Program Files\Git\cmd;C:\Program Files\Docker\Docker\resources\bin;C:\Program Files\Amazon\AWSCLIV2\;C:\Users\Gamer\AppData\Local\Microsoft\WindowsApps;C:\Users\Gamer\AppData\Local\Programs\Microsoft VS Code\bin;C:\Program Files\heroku\bin
USERNAME=Gamer
OS=Windows_NT
PROCESSOR_IDENTIFIER=AMD64 Family 23 Model 113 Stepping 0, AuthenticAMD
TMP=C:\Users\Gamer\AppData\Local\Temp
TEMP=C:\Users\Gamer\AppData\Local\Temp



Periodic native trim disabled


---------------  S Y S T E M  ---------------

OS:
 Windows 10 , 64 bit Build 19041 (10.0.19041.3636)
OS uptime: 0 days 10:45 hours
Hyper-V role detected

CPU: total 6 (initial active 6) (6 cores per cpu, 1 threads per core) family 23 model 113 stepping 0 microcode 0x0, cx8, cmov, fxsr, mmx, 3dnowpref, sse, sse2, sse3, ssse3, sse4a, sse4.1, sse4.2, popcnt, lzcnt, tsc, tscinvbit, avx, avx2, aes, clmul, bmi1, bmi2, adx, sha, fma, vzeroupper, clflush, clflushopt, hv
Processor Information for all 6 processors :
  Max Mhz: 3593, Current Mhz: 3593, Mhz Limit: 3593

Memory: 4k page, system-wide physical 16315M (2134M free)
TotalPageFile size 20411M (AvailPageFile size 1M)
current process WorkingSet (physical memory assigned to process): 227M, peak: 263M
current process commit charge ("private bytes"): 298M, peak: 363M

vm_info: OpenJDK 64-Bit Server VM (17.0.11+9) for windows-amd64 JRE (17.0.11+9), built on Apr 17 2024 06:07:48 by "admin" with MS VC++ 16.10 / 16.11 (VS2019)

END.
