#
# There is insufficient memory for the Java Runtime Environment to continue.
# Native memory allocation (malloc) failed to allocate 1596736 bytes. Error detail: Chunk::new
# Possible reasons:
#   The system is out of physical RAM or swap space
#   This process is running with CompressedOops enabled, and the Java Heap may be blocking the growth of the native heap
# Possible solutions:
#   Reduce memory load on the system
#   Increase physical memory or swap space
#   Check if swap backing store is full
#   Decrease Java heap size (-Xmx/-Xms)
#   Decrease number of Java threads
#   Decrease Java thread stack sizes (-Xss)
#   Set larger code cache with -XX:ReservedCodeCacheSize=
#   JVM is running with Unscaled Compressed Oops mode in which the Java heap is
#     placed in the first 4GB address space. The Java Heap base address is the
#     maximum limit for the native heap growth. Please use -XX:HeapBaseMinAddress
#     to set the Java Heap base and to place the Java Heap above 4GB virtual address.
# This output file may be truncated or incomplete.
#
#  Out of Memory Error (arena.cpp:191), pid=16016, tid=18300
#
# JRE version: OpenJDK Runtime Environment Temurin-17.0.11+9 (17.0.11+9) (build 17.0.11+9)
# Java VM: OpenJDK 64-Bit Server VM Temurin-17.0.11+9 (17.0.11+9, mixed mode, tiered, compressed oops, compressed class ptrs, parallel gc, windows-amd64)
# No core dump will be written. Minidumps are not enabled by default on client versions of Windows
#

---------------  S U M M A R Y ------------

Command Line: --add-modules=ALL-SYSTEM --add-opens=java.base/java.util=ALL-UNNAMED --add-opens=java.base/java.lang=ALL-UNNAMED --add-opens=java.base/sun.nio.fs=ALL-UNNAMED -Declipse.application=org.eclipse.jdt.ls.core.id1 -Dosgi.bundles.defaultStartLevel=4 -Declipse.product=org.eclipse.jdt.ls.core.product -Djava.import.generatesMetadataFilesAtProjectRoot=false -DDetectVMInstallationsJob.disabled=true -Dfile.encoding=utf8 -XX:+UseParallelGC -XX:GCTimeRatio=4 -XX:AdaptiveSizePolicyWeight=90 -Dsun.zip.disableMemoryMapping=true -Xmx1G -Xms100m -Xlog:disable -javaagent:c:\Users\Gamer\.vscode\extensions\redhat.java-1.31.0-win32-x64\lombok\lombok-1.18.32.jar -XX:+HeapDumpOnOutOfMemoryError -XX:HeapDumpPath=c:\Users\Gamer\AppData\Roaming\Code\User\workspaceStorage\f14527b027b8beef490d578370ac143c\redhat.java -Daether.dependencyCollector.impl=bf c:\Users\Gamer\.vscode\extensions\redhat.java-1.31.0-win32-x64\server\plugins\org.eclipse.equinox.launcher_1.6.800.v20240513-1750.jar -configuration c:\Users\Gamer\AppData\Roaming\Code\User\globalStorage\redhat.java\1.31.0\config_win -data c:\Users\Gamer\AppData\Roaming\Code\User\workspaceStorage\f14527b027b8beef490d578370ac143c\redhat.java\jdt_ws --pipe=\\.\pipe\lsp-6ae74128064187e79410aa9286860c6f-sock

Host: AMD Ryzen 5 3500X 6-Core Processor             , 6 cores, 15G,  Windows 10 , 64 bit Build 19041 (10.0.19041.3636)
Time: Mon Jun 10 03:36:13 2024 Hora oficial do Brasil elapsed time: 6.789558 seconds (0d 0h 0m 6s)

---------------  T H R E A D  ---------------

Current thread (0x000001ab24955010):  JavaThread "C2 CompilerThread1" daemon [_thread_in_native, id=18300, stack(0x0000003cbcc00000,0x0000003cbcd00000)]


Current CompileTask:
C2:   6789 9232   !   4       org.eclipse.jdt.internal.compiler.classfmt.ClassFileReader::<init> (2158 bytes)

Stack: [0x0000003cbcc00000,0x0000003cbcd00000]
Native frames: (J=compiled Java code, j=interpreted, Vv=VM code, C=native code)
V  [jvm.dll+0x67d429]
V  [jvm.dll+0x834b7a]
V  [jvm.dll+0x83663e]
V  [jvm.dll+0x836ca3]
V  [jvm.dll+0x247dbf]
V  [jvm.dll+0xac534]
V  [jvm.dll+0xacb7c]
V  [jvm.dll+0x2af2cf]
V  [jvm.dll+0x5848b7]
V  [jvm.dll+0x222d82]
V  [jvm.dll+0x22317f]
V  [jvm.dll+0x21c2a0]
V  [jvm.dll+0x2197a1]
V  [jvm.dll+0x1a534d]
V  [jvm.dll+0x2295cd]
V  [jvm.dll+0x22779c]
V  [jvm.dll+0x7e9d07]
V  [jvm.dll+0x7e410a]
V  [jvm.dll+0x67c315]
C  [ucrtbase.dll+0x21bb2]
C  [KERNEL32.DLL+0x17344]
C  [ntdll.dll+0x526b1]


---------------  P R O C E S S  ---------------

Threads class SMR info:
_java_thread_list=0x000001ab2811d8d0, length=43, elements={
0x000001ab09dee730, 0x000001ab09ea8700, 0x000001ab233341b0, 0x000001ab1dc81640,
0x000001ab1dc823d0, 0x000001ab1dc83250, 0x000001ab1dc83e10, 0x000001ab1dc84d00,
0x000001ab09ead9a0, 0x000001ab09eae750, 0x000001ab09e52790, 0x000001ab235eb880,
0x000001ab243568d0, 0x000001ab241fe6f0, 0x000001ab24400560, 0x000001ab24775b30,
0x000001ab24702120, 0x000001ab24a46fc0, 0x000001ab249f0e00, 0x000001ab249ee070,
0x000001ab249f1310, 0x000001ab24955010, 0x000001ab249f1820, 0x000001ab249f08f0,
0x000001ab249ef4b0, 0x000001ab249eea90, 0x000001ab249ef9c0, 0x000001ab249efed0,
0x000001ab249f03e0, 0x000001ab255e5aa0, 0x000001ab255e18d0, 0x000001ab255e1de0,
0x000001ab255dfa70, 0x000001ab255e0490, 0x000001ab255df560, 0x000001ab255e69d0,
0x000001ab255e22f0, 0x000001ab255e2800, 0x000001ab255e6ee0, 0x000001ab255e2d10,
0x000001ab255e5fb0, 0x000001ab255e5590, 0x000001ab255e09a0
}

Java Threads: ( => current thread )
  0x000001ab09dee730 JavaThread "main" [_thread_blocked, id=3204, stack(0x0000003cbaf00000,0x0000003cbb000000)]
  0x000001ab09ea8700 JavaThread "Reference Handler" daemon [_thread_blocked, id=7480, stack(0x0000003cbb200000,0x0000003cbb300000)]
  0x000001ab233341b0 JavaThread "Finalizer" daemon [_thread_blocked, id=11332, stack(0x0000003cbb300000,0x0000003cbb400000)]
  0x000001ab1dc81640 JavaThread "Signal Dispatcher" daemon [_thread_blocked, id=9920, stack(0x0000003cbb400000,0x0000003cbb500000)]
  0x000001ab1dc823d0 JavaThread "Attach Listener" daemon [_thread_blocked, id=25932, stack(0x0000003cbb500000,0x0000003cbb600000)]
  0x000001ab1dc83250 JavaThread "Service Thread" daemon [_thread_blocked, id=24180, stack(0x0000003cbb600000,0x0000003cbb700000)]
  0x000001ab1dc83e10 JavaThread "Monitor Deflation Thread" daemon [_thread_blocked, id=16816, stack(0x0000003cbb700000,0x0000003cbb800000)]
  0x000001ab1dc84d00 JavaThread "C2 CompilerThread0" daemon [_thread_in_native, id=14080, stack(0x0000003cbb800000,0x0000003cbb900000)]
  0x000001ab09ead9a0 JavaThread "C1 CompilerThread0" daemon [_thread_blocked, id=9240, stack(0x0000003cbb900000,0x0000003cbba00000)]
  0x000001ab09eae750 JavaThread "Sweeper thread" daemon [_thread_blocked, id=23624, stack(0x0000003cbba00000,0x0000003cbbb00000)]
  0x000001ab09e52790 JavaThread "Common-Cleaner" daemon [_thread_blocked, id=10748, stack(0x0000003cbbb00000,0x0000003cbbc00000)]
  0x000001ab235eb880 JavaThread "Notification Thread" daemon [_thread_blocked, id=1036, stack(0x0000003cbbc00000,0x0000003cbbd00000)]
  0x000001ab243568d0 JavaThread "Active Thread: Equinox Container: 3fc1a8f5-be18-4b5b-b6da-47d10040c460" [_thread_blocked, id=25612, stack(0x0000003cbc400000,0x0000003cbc500000)]
  0x000001ab241fe6f0 JavaThread "Framework Event Dispatcher: Equinox Container: 3fc1a8f5-be18-4b5b-b6da-47d10040c460" daemon [_thread_blocked, id=21240, stack(0x0000003cbc500000,0x0000003cbc600000)]
  0x000001ab24400560 JavaThread "Start Level: Equinox Container: 3fc1a8f5-be18-4b5b-b6da-47d10040c460" daemon [_thread_blocked, id=26428, stack(0x0000003cbc600000,0x0000003cbc700000)]
  0x000001ab24775b30 JavaThread "Bundle File Closer" daemon [_thread_blocked, id=26344, stack(0x0000003cbc700000,0x0000003cbc800000)]
  0x000001ab24702120 JavaThread "SCR Component Actor" daemon [_thread_blocked, id=1532, stack(0x0000003cbc800000,0x0000003cbc900000)]
  0x000001ab24a46fc0 JavaThread "SCR Component Registry" daemon [_thread_blocked, id=2232, stack(0x0000003cbc900000,0x0000003cbca00000)]
  0x000001ab249f0e00 JavaThread "Worker-JM" [_thread_blocked, id=21192, stack(0x0000003cbbe00000,0x0000003cbbf00000)]
  0x000001ab249ee070 JavaThread "Worker-0: Initialize workspace" [_thread_blocked, id=9420, stack(0x0000003cbca00000,0x0000003cbcb00000)]
  0x000001ab249f1310 JavaThread "Worker-1: Classpath Update Job" [_thread_blocked, id=15144, stack(0x0000003cbcb00000,0x0000003cbcc00000)]
=>0x000001ab24955010 JavaThread "C2 CompilerThread1" daemon [_thread_in_native, id=18300, stack(0x0000003cbcc00000,0x0000003cbcd00000)]
  0x000001ab249f1820 JavaThread "Java indexing" daemon [_thread_blocked, id=24860, stack(0x0000003cbcd00000,0x0000003cbce00000)]
  0x000001ab249f08f0 JavaThread "JNA Cleaner" daemon [_thread_blocked, id=24492, stack(0x0000003cbce00000,0x0000003cbcf00000)]
  0x000001ab249ef4b0 JavaThread "Thread-2" daemon [_thread_in_native, id=23688, stack(0x0000003cbd100000,0x0000003cbd200000)]
  0x000001ab249eea90 JavaThread "Thread-3" daemon [_thread_in_native, id=20756, stack(0x0000003cbd200000,0x0000003cbd300000)]
  0x000001ab249ef9c0 JavaThread "Thread-4" daemon [_thread_in_native, id=15520, stack(0x0000003cbd300000,0x0000003cbd400000)]
  0x000001ab249efed0 JavaThread "Thread-5" daemon [_thread_in_native, id=12316, stack(0x0000003cbd400000,0x0000003cbd500000)]
  0x000001ab249f03e0 JavaThread "Thread-6" daemon [_thread_in_native, id=24408, stack(0x0000003cbd500000,0x0000003cbd600000)]
  0x000001ab255e5aa0 JavaThread "Thread-7" daemon [_thread_in_native, id=26396, stack(0x0000003cbd600000,0x0000003cbd700000)]
  0x000001ab255e18d0 JavaThread "Thread-8" daemon [_thread_in_native, id=25840, stack(0x0000003cbd700000,0x0000003cbd800000)]
  0x000001ab255e1de0 JavaThread "pool-2-thread-1" [_thread_blocked, id=17984, stack(0x0000003cbd800000,0x0000003cbd900000)]
  0x000001ab255dfa70 JavaThread "WorkspaceEventsHandler" [_thread_blocked, id=7524, stack(0x0000003cbd900000,0x0000003cbda00000)]
  0x000001ab255e0490 JavaThread "pool-1-thread-1" [_thread_blocked, id=19832, stack(0x0000003cbda00000,0x0000003cbdb00000)]
  0x000001ab255df560 JavaThread "Worker-2" [_thread_blocked, id=20444, stack(0x0000003cbdb00000,0x0000003cbdc00000)]
  0x000001ab255e69d0 JavaThread "Worker-3: Java indexing... " [_thread_blocked, id=19964, stack(0x0000003cbdc00000,0x0000003cbdd00000)]
  0x000001ab255e22f0 JavaThread "ForkJoinPool.commonPool-worker-1" daemon [_thread_blocked, id=14228, stack(0x0000003cbdd00000,0x0000003cbde00000)]
  0x000001ab255e2800 JavaThread "ForkJoinPool.commonPool-worker-2" daemon [_thread_blocked, id=24472, stack(0x0000003cbde00000,0x0000003cbdf00000)]
  0x000001ab255e6ee0 JavaThread "ForkJoinPool.commonPool-worker-3" daemon [_thread_blocked, id=26036, stack(0x0000003cbdf00000,0x0000003cbe000000)]
  0x000001ab255e2d10 JavaThread "Worker-4: Processing JDT Change Events" [_thread_blocked, id=21528, stack(0x0000003cbe000000,0x0000003cbe100000)]
  0x000001ab255e5fb0 JavaThread "Worker-5" [_thread_blocked, id=19040, stack(0x0000003cbe100000,0x0000003cbe200000)]
  0x000001ab255e5590 JavaThread "ForkJoinPool.commonPool-worker-4" daemon [_thread_in_Java, id=10404, stack(0x0000003cbe200000,0x0000003cbe300000)]
  0x000001ab255e09a0 JavaThread "ForkJoinPool.commonPool-worker-5" daemon [_thread_blocked, id=2576, stack(0x0000003cbe300000,0x0000003cbe400000)]

Other Threads:
  0x000001ab09ea69a0 VMThread "VM Thread" [stack: 0x0000003cbb100000,0x0000003cbb200000] [id=25700]
  0x000001ab236a1760 WatcherThread [stack: 0x0000003cbbd00000,0x0000003cbbe00000] [id=25084]
  0x000001ab09e057e0 GCTaskThread "GC Thread#0" [stack: 0x0000003cbb000000,0x0000003cbb100000] [id=13768]
  0x000001ab23da3810 GCTaskThread "GC Thread#1" [stack: 0x0000003cbbf00000,0x0000003cbc000000] [id=26240]
  0x000001ab23da3ad0 GCTaskThread "GC Thread#2" [stack: 0x0000003cbc000000,0x0000003cbc100000] [id=14964]
  0x000001ab23de3450 GCTaskThread "GC Thread#3" [stack: 0x0000003cbc100000,0x0000003cbc200000] [id=26324]
  0x000001ab23de3710 GCTaskThread "GC Thread#4" [stack: 0x0000003cbc200000,0x0000003cbc300000] [id=12304]
  0x000001ab23de39d0 GCTaskThread "GC Thread#5" [stack: 0x0000003cbc300000,0x0000003cbc400000] [id=5172]

Threads with active compile tasks:
C2 CompilerThread0     6805 9248       4       sun.nio.fs.WindowsPathParser::parse (384 bytes)
C2 CompilerThread1     6805 9232   !   4       org.eclipse.jdt.internal.compiler.classfmt.ClassFileReader::<init> (2158 bytes)

VM state: not at safepoint (normal execution)

VM Mutex/Monitor currently owned by a thread: None

Heap address: 0x00000000c0000000, size: 1024 MB, Compressed Oops mode: 32-bit

CDS archive(s) not mapped
Compressed class space mapped at: 0x0000000100000000-0x0000000140000000, reserved size: 1073741824
Narrow klass base: 0x0000000000000000, Narrow klass shift: 3, Narrow klass range: 0x140000000

GC Precious Log:
 CPUs: 6 total, 6 available
 Memory: 16315M
 Large Page Support: Disabled
 NUMA Support: Disabled
 Compressed Oops: Enabled (32-bit)
 Alignments: Space 512K, Generation 512K, Heap 2M
 Heap Min Capacity: 100M
 Heap Initial Capacity: 100M
 Heap Max Capacity: 1G
 Pre-touch: Disabled
 Parallel Workers: 6

Heap:
 PSYoungGen      total 18432K, used 2977K [0x00000000eab00000, 0x00000000ebf00000, 0x0000000100000000)
  eden space 17408K, 13% used [0x00000000eab00000,0x00000000ead3fd50,0x00000000ebc00000)
  from space 1024K, 65% used [0x00000000ebe00000,0x00000000ebea8a78,0x00000000ebf00000)
  to   space 1024K, 0% used [0x00000000ebd00000,0x00000000ebd00000,0x00000000ebe00000)
 ParOldGen       total 88064K, used 71708K [0x00000000c0000000, 0x00000000c5600000, 0x00000000eab00000)
  object space 88064K, 81% used [0x00000000c0000000,0x00000000c46073a8,0x00000000c5600000)
 Metaspace       used 64741K, committed 65920K, reserved 1114112K
  class space    used 6858K, committed 7360K, reserved 1048576K

Card table byte_map: [0x000001ab09790000,0x000001ab099a0000] _byte_map_base: 0x000001ab09190000

Marking Bits: (ParMarkBitMap*) 0x00007ffa8875d820
 Begin Bits: [0x000001ab1ba90000, 0x000001ab1ca90000)
 End Bits:   [0x000001ab1ca90000, 0x000001ab1da90000)

Polling page: 0x000001ab07da0000

Metaspace:

Usage:
  Non-class:     56.53 MB used.
      Class:      6.70 MB used.
       Both:     63.22 MB used.

Virtual space:
  Non-class space:       64.00 MB reserved,      57.19 MB ( 89%) committed,  1 nodes.
      Class space:        1.00 GB reserved,       7.19 MB ( <1%) committed,  1 nodes.
             Both:        1.06 GB reserved,      64.38 MB (  6%) committed. 

Chunk freelists:
   Non-Class:  6.16 MB
       Class:  8.81 MB
        Both:  14.97 MB

MaxMetaspaceSize: unlimited
CompressedClassSpaceSize: 1.00 GB
Initial GC threshold: 21.00 MB
Current GC threshold: 105.88 MB
CDS: off
MetaspaceReclaimPolicy: balanced
 - commit_granule_bytes: 65536.
 - commit_granule_words: 8192.
 - virtual_space_node_default_size: 8388608.
 - enlarge_chunks_in_place: 1.
 - new_chunks_are_fully_committed: 0.
 - uncommit_free_chunks: 1.
 - use_allocation_guard: 0.
 - handle_deallocations: 1.


Internal statistics:

num_allocs_failed_limit: 11.
num_arena_births: 836.
num_arena_deaths: 22.
num_vsnodes_births: 2.
num_vsnodes_deaths: 0.
num_space_committed: 1030.
num_space_uncommitted: 0.
num_chunks_returned_to_freelist: 37.
num_chunks_taken_from_freelist: 3493.
num_chunk_merges: 16.
num_chunk_splits: 2149.
num_chunks_enlarged: 1240.
num_inconsistent_stats: 0.

CodeHeap 'non-profiled nmethods': size=120000Kb used=4213Kb max_used=4833Kb free=115786Kb
 bounds [0x000001ab14560000, 0x000001ab14a20000, 0x000001ab1ba90000]
CodeHeap 'profiled nmethods': size=120000Kb used=15421Kb max_used=17722Kb free=104578Kb
 bounds [0x000001ab0ca90000, 0x000001ab0dbf0000, 0x000001ab13fc0000]
CodeHeap 'non-nmethods': size=5760Kb used=1353Kb max_used=1402Kb free=4407Kb
 bounds [0x000001ab13fc0000, 0x000001ab14230000, 0x000001ab14560000]
 total_blobs=8376 nmethods=7680 adapters=610
 compilation: enabled
              stopped_count=0, restarted_count=0
 full_count=0

Compilation events (20 events):
Event: 6.758 Thread 0x000001ab09ead9a0 9252       2       org.eclipse.jdt.internal.core.JavaModelManager::getOption (113 bytes)
Event: 6.759 Thread 0x000001ab1dc84d00 nmethod 9244 0x000001ab14751010 code [0x000001ab14751320, 0x000001ab14753d70]
Event: 6.759 Thread 0x000001ab1dc84d00 9250       4       sun.nio.fs.WindowsFileSystem::getPath (106 bytes)
Event: 6.759 Thread 0x000001ab09ead9a0 nmethod 9252 0x000001ab0d416f90 code [0x000001ab0d417280, 0x000001ab0d417a88]
Event: 6.759 Thread 0x000001ab09ead9a0 9253       2       org.eclipse.jdt.internal.core.JavaModelManager::isDeprecatedOption (24 bytes)
Event: 6.759 Thread 0x000001ab09ead9a0 nmethod 9253 0x000001ab0cb52290 code [0x000001ab0cb52440, 0x000001ab0cb525d8]
Event: 6.759 Thread 0x000001ab09ead9a0 9254   !   2       org.eclipse.jdt.internal.core.JavaProject::getOption (43 bytes)
Event: 6.759 Thread 0x000001ab09ead9a0 nmethod 9254 0x000001ab0cc2c790 code [0x000001ab0cc2c960, 0x000001ab0cc2cb78]
Event: 6.775 Thread 0x000001ab09ead9a0 9255       2       org.eclipse.jdt.internal.core.JavaModelManager::isArchiveStateKnownToBeValid (21 bytes)
Event: 6.775 Thread 0x000001ab09ead9a0 nmethod 9255 0x000001ab0cc8ee90 code [0x000001ab0cc8f040, 0x000001ab0cc8f1a8]
Event: 6.775 Thread 0x000001ab09ead9a0 9256   !   2       org.eclipse.jdt.internal.core.JavaModelManager::getArchiveValidity (141 bytes)
Event: 6.776 Thread 0x000001ab09ead9a0 nmethod 9256 0x000001ab0cdb7c90 code [0x000001ab0cdb7f20, 0x000001ab0cdb8618]
Event: 6.776 Thread 0x000001ab1dc84d00 nmethod 9250 0x000001ab147e4010 code [0x000001ab147e4200, 0x000001ab147e54e8]
Event: 6.776 Thread 0x000001ab1dc84d00 9245       4       sun.nio.fs.WindowsPath::normalize (5 bytes)
Event: 6.776 Thread 0x000001ab1dc84d00 nmethod 9245 0x000001ab14583190 code [0x000001ab14583320, 0x000001ab145833c8]
Event: 6.776 Thread 0x000001ab1dc84d00 9248       4       sun.nio.fs.WindowsPathParser::parse (384 bytes)
Event: 6.785 Thread 0x000001ab09ead9a0 9257       2       org.eclipse.jdt.internal.core.util.HashSetOfArray::rehash (64 bytes)
Event: 6.785 Thread 0x000001ab09ead9a0 nmethod 9257 0x000001ab0cc36410 code [0x000001ab0cc365c0, 0x000001ab0cc36878]
Event: 6.785 Thread 0x000001ab09ead9a0 9258       2       org.eclipse.jdt.internal.core.util.HashSetOfArray::<init> (41 bytes)
Event: 6.785 Thread 0x000001ab09ead9a0 nmethod 9258 0x000001ab0cac8290 code [0x000001ab0cac8440, 0x000001ab0cac8638]

GC Heap History (20 events):
Event: 6.552 GC heap before
{Heap before GC invocations=49 (full 4):
 PSYoungGen      total 20480K, used 20230K [0x00000000eab00000, 0x00000000ec280000, 0x0000000100000000)
  eden space 17920K, 100% used [0x00000000eab00000,0x00000000ebc80000,0x00000000ebc80000)
  from space 2560K, 90% used [0x00000000ebd00000,0x00000000ebf41868,0x00000000ebf80000)
  to   space 3072K, 0% used [0x00000000ebf80000,0x00000000ebf80000,0x00000000ec280000)
 ParOldGen       total 88064K, used 62867K [0x00000000c0000000, 0x00000000c5600000, 0x00000000eab00000)
  object space 88064K, 71% used [0x00000000c0000000,0x00000000c3d64fa8,0x00000000c5600000)
 Metaspace       used 64639K, committed 65856K, reserved 1114112K
  class space    used 6855K, committed 7360K, reserved 1048576K
}
Event: 6.553 GC heap after
{Heap after GC invocations=49 (full 4):
 PSYoungGen      total 20992K, used 2662K [0x00000000eab00000, 0x00000000ec280000, 0x0000000100000000)
  eden space 17920K, 0% used [0x00000000eab00000,0x00000000eab00000,0x00000000ebc80000)
  from space 3072K, 86% used [0x00000000ebf80000,0x00000000ec219888,0x00000000ec280000)
  to   space 3072K, 0% used [0x00000000ebc80000,0x00000000ebc80000,0x00000000ebf80000)
 ParOldGen       total 88064K, used 62867K [0x00000000c0000000, 0x00000000c5600000, 0x00000000eab00000)
  object space 88064K, 71% used [0x00000000c0000000,0x00000000c3d64fa8,0x00000000c5600000)
 Metaspace       used 64639K, committed 65856K, reserved 1114112K
  class space    used 6855K, committed 7360K, reserved 1048576K
}
Event: 6.591 GC heap before
{Heap before GC invocations=50 (full 4):
 PSYoungGen      total 20992K, used 20582K [0x00000000eab00000, 0x00000000ec280000, 0x0000000100000000)
  eden space 17920K, 100% used [0x00000000eab00000,0x00000000ebc80000,0x00000000ebc80000)
  from space 3072K, 86% used [0x00000000ebf80000,0x00000000ec219888,0x00000000ec280000)
  to   space 3072K, 0% used [0x00000000ebc80000,0x00000000ebc80000,0x00000000ebf80000)
 ParOldGen       total 88064K, used 62867K [0x00000000c0000000, 0x00000000c5600000, 0x00000000eab00000)
  object space 88064K, 71% used [0x00000000c0000000,0x00000000c3d64fa8,0x00000000c5600000)
 Metaspace       used 64649K, committed 65856K, reserved 1114112K
  class space    used 6855K, committed 7360K, reserved 1048576K
}
Event: 6.593 GC heap after
{Heap after GC invocations=50 (full 4):
 PSYoungGen      total 20992K, used 3046K [0x00000000eab00000, 0x00000000ec580000, 0x0000000100000000)
  eden space 17920K, 0% used [0x00000000eab00000,0x00000000eab00000,0x00000000ebc80000)
  from space 3072K, 99% used [0x00000000ebc80000,0x00000000ebf79bf8,0x00000000ebf80000)
  to   space 4608K, 0% used [0x00000000ec100000,0x00000000ec100000,0x00000000ec580000)
 ParOldGen       total 88064K, used 64080K [0x00000000c0000000, 0x00000000c5600000, 0x00000000eab00000)
  object space 88064K, 72% used [0x00000000c0000000,0x00000000c3e940a0,0x00000000c5600000)
 Metaspace       used 64649K, committed 65856K, reserved 1114112K
  class space    used 6855K, committed 7360K, reserved 1048576K
}
Event: 6.620 GC heap before
{Heap before GC invocations=51 (full 4):
 PSYoungGen      total 20992K, used 20966K [0x00000000eab00000, 0x00000000ec580000, 0x0000000100000000)
  eden space 17920K, 100% used [0x00000000eab00000,0x00000000ebc80000,0x00000000ebc80000)
  from space 3072K, 99% used [0x00000000ebc80000,0x00000000ebf79bf8,0x00000000ebf80000)
  to   space 4608K, 0% used [0x00000000ec100000,0x00000000ec100000,0x00000000ec580000)
 ParOldGen       total 88064K, used 64080K [0x00000000c0000000, 0x00000000c5600000, 0x00000000eab00000)
  object space 88064K, 72% used [0x00000000c0000000,0x00000000c3e940a0,0x00000000c5600000)
 Metaspace       used 64686K, committed 65856K, reserved 1114112K
  class space    used 6856K, committed 7360K, reserved 1048576K
}
Event: 6.621 GC heap after
{Heap after GC invocations=51 (full 4):
 PSYoungGen      total 19968K, used 1985K [0x00000000eab00000, 0x00000000ec300000, 0x0000000100000000)
  eden space 17920K, 0% used [0x00000000eab00000,0x00000000eab00000,0x00000000ebc80000)
  from space 2048K, 96% used [0x00000000ec100000,0x00000000ec2f04b8,0x00000000ec300000)
  to   space 3072K, 0% used [0x00000000ebd00000,0x00000000ebd00000,0x00000000ec000000)
 ParOldGen       total 88064K, used 66063K [0x00000000c0000000, 0x00000000c5600000, 0x00000000eab00000)
  object space 88064K, 75% used [0x00000000c0000000,0x00000000c4083cb0,0x00000000c5600000)
 Metaspace       used 64686K, committed 65856K, reserved 1114112K
  class space    used 6856K, committed 7360K, reserved 1048576K
}
Event: 6.652 GC heap before
{Heap before GC invocations=52 (full 4):
 PSYoungGen      total 19968K, used 19905K [0x00000000eab00000, 0x00000000ec300000, 0x0000000100000000)
  eden space 17920K, 99% used [0x00000000eab00000,0x00000000ebc7ffa8,0x00000000ebc80000)
  from space 2048K, 96% used [0x00000000ec100000,0x00000000ec2f04b8,0x00000000ec300000)
  to   space 3072K, 0% used [0x00000000ebd00000,0x00000000ebd00000,0x00000000ec000000)
 ParOldGen       total 88064K, used 66063K [0x00000000c0000000, 0x00000000c5600000, 0x00000000eab00000)
  object space 88064K, 75% used [0x00000000c0000000,0x00000000c4083cb0,0x00000000c5600000)
 Metaspace       used 64710K, committed 65920K, reserved 1114112K
  class space    used 6858K, committed 7360K, reserved 1048576K
}
Event: 6.654 GC heap after
{Heap after GC invocations=52 (full 4):
 PSYoungGen      total 20480K, used 2421K [0x00000000eab00000, 0x00000000ec180000, 0x0000000100000000)
  eden space 17920K, 0% used [0x00000000eab00000,0x00000000eab00000,0x00000000ebc80000)
  from space 2560K, 94% used [0x00000000ebd00000,0x00000000ebf5d4d0,0x00000000ebf80000)
  to   space 2048K, 0% used [0x00000000ebf80000,0x00000000ebf80000,0x00000000ec180000)
 ParOldGen       total 88064K, used 66071K [0x00000000c0000000, 0x00000000c5600000, 0x00000000eab00000)
  object space 88064K, 75% used [0x00000000c0000000,0x00000000c4085cb0,0x00000000c5600000)
 Metaspace       used 64710K, committed 65920K, reserved 1114112K
  class space    used 6858K, committed 7360K, reserved 1048576K
}
Event: 6.676 GC heap before
{Heap before GC invocations=53 (full 4):
 PSYoungGen      total 20480K, used 20341K [0x00000000eab00000, 0x00000000ec180000, 0x0000000100000000)
  eden space 17920K, 100% used [0x00000000eab00000,0x00000000ebc80000,0x00000000ebc80000)
  from space 2560K, 94% used [0x00000000ebd00000,0x00000000ebf5d4d0,0x00000000ebf80000)
  to   space 2048K, 0% used [0x00000000ebf80000,0x00000000ebf80000,0x00000000ec180000)
 ParOldGen       total 88064K, used 66071K [0x00000000c0000000, 0x00000000c5600000, 0x00000000eab00000)
  object space 88064K, 75% used [0x00000000c0000000,0x00000000c4085cb0,0x00000000c5600000)
 Metaspace       used 64720K, committed 65920K, reserved 1114112K
  class space    used 6858K, committed 7360K, reserved 1048576K
}
Event: 6.678 GC heap after
{Heap after GC invocations=53 (full 4):
 PSYoungGen      total 19456K, used 2018K [0x00000000eab00000, 0x00000000ec380000, 0x0000000100000000)
  eden space 17408K, 0% used [0x00000000eab00000,0x00000000eab00000,0x00000000ebc00000)
  from space 2048K, 98% used [0x00000000ebf80000,0x00000000ec178bc0,0x00000000ec180000)
  to   space 3584K, 0% used [0x00000000ebc00000,0x00000000ebc00000,0x00000000ebf80000)
 ParOldGen       total 88064K, used 67047K [0x00000000c0000000, 0x00000000c5600000, 0x00000000eab00000)
  object space 88064K, 76% used [0x00000000c0000000,0x00000000c4179ef0,0x00000000c5600000)
 Metaspace       used 64720K, committed 65920K, reserved 1114112K
  class space    used 6858K, committed 7360K, reserved 1048576K
}
Event: 6.697 GC heap before
{Heap before GC invocations=54 (full 4):
 PSYoungGen      total 19456K, used 19426K [0x00000000eab00000, 0x00000000ec380000, 0x0000000100000000)
  eden space 17408K, 100% used [0x00000000eab00000,0x00000000ebc00000,0x00000000ebc00000)
  from space 2048K, 98% used [0x00000000ebf80000,0x00000000ec178bc0,0x00000000ec180000)
  to   space 3584K, 0% used [0x00000000ebc00000,0x00000000ebc00000,0x00000000ebf80000)
 ParOldGen       total 88064K, used 67047K [0x00000000c0000000, 0x00000000c5600000, 0x00000000eab00000)
  object space 88064K, 76% used [0x00000000c0000000,0x00000000c4179ef0,0x00000000c5600000)
 Metaspace       used 64722K, committed 65920K, reserved 1114112K
  class space    used 6858K, committed 7360K, reserved 1048576K
}
Event: 6.699 GC heap after
{Heap after GC invocations=54 (full 4):
 PSYoungGen      total 19968K, used 2257K [0x00000000eab00000, 0x00000000ec100000, 0x0000000100000000)
  eden space 17408K, 0% used [0x00000000eab00000,0x00000000eab00000,0x00000000ebc00000)
  from space 2560K, 88% used [0x00000000ebc00000,0x00000000ebe346e8,0x00000000ebe80000)
  to   space 2560K, 0% used [0x00000000ebe80000,0x00000000ebe80000,0x00000000ec100000)
 ParOldGen       total 88064K, used 68476K [0x00000000c0000000, 0x00000000c5600000, 0x00000000eab00000)
  object space 88064K, 77% used [0x00000000c0000000,0x00000000c42df120,0x00000000c5600000)
 Metaspace       used 64722K, committed 65920K, reserved 1114112K
  class space    used 6858K, committed 7360K, reserved 1048576K
}
Event: 6.721 GC heap before
{Heap before GC invocations=55 (full 4):
 PSYoungGen      total 19968K, used 19665K [0x00000000eab00000, 0x00000000ec100000, 0x0000000100000000)
  eden space 17408K, 100% used [0x00000000eab00000,0x00000000ebc00000,0x00000000ebc00000)
  from space 2560K, 88% used [0x00000000ebc00000,0x00000000ebe346e8,0x00000000ebe80000)
  to   space 2560K, 0% used [0x00000000ebe80000,0x00000000ebe80000,0x00000000ec100000)
 ParOldGen       total 88064K, used 68476K [0x00000000c0000000, 0x00000000c5600000, 0x00000000eab00000)
  object space 88064K, 77% used [0x00000000c0000000,0x00000000c42df120,0x00000000c5600000)
 Metaspace       used 64733K, committed 65920K, reserved 1114112K
  class space    used 6858K, committed 7360K, reserved 1048576K
}
Event: 6.723 GC heap after
{Heap after GC invocations=55 (full 4):
 PSYoungGen      total 19968K, used 2452K [0x00000000eab00000, 0x00000000ec100000, 0x0000000100000000)
  eden space 17408K, 0% used [0x00000000eab00000,0x00000000eab00000,0x00000000ebc00000)
  from space 2560K, 95% used [0x00000000ebe80000,0x00000000ec0e5218,0x00000000ec100000)
  to   space 2560K, 0% used [0x00000000ebc00000,0x00000000ebc00000,0x00000000ebe80000)
 ParOldGen       total 88064K, used 68732K [0x00000000c0000000, 0x00000000c5600000, 0x00000000eab00000)
  object space 88064K, 78% used [0x00000000c0000000,0x00000000c431f258,0x00000000c5600000)
 Metaspace       used 64733K, committed 65920K, reserved 1114112K
  class space    used 6858K, committed 7360K, reserved 1048576K
}
Event: 6.745 GC heap before
{Heap before GC invocations=56 (full 4):
 PSYoungGen      total 19968K, used 19860K [0x00000000eab00000, 0x00000000ec100000, 0x0000000100000000)
  eden space 17408K, 100% used [0x00000000eab00000,0x00000000ebc00000,0x00000000ebc00000)
  from space 2560K, 95% used [0x00000000ebe80000,0x00000000ec0e5218,0x00000000ec100000)
  to   space 2560K, 0% used [0x00000000ebc00000,0x00000000ebc00000,0x00000000ebe80000)
 ParOldGen       total 88064K, used 68732K [0x00000000c0000000, 0x00000000c5600000, 0x00000000eab00000)
  object space 88064K, 78% used [0x00000000c0000000,0x00000000c431f258,0x00000000c5600000)
 Metaspace       used 64733K, committed 65920K, reserved 1114112K
  class space    used 6858K, committed 7360K, reserved 1048576K
}
Event: 6.747 GC heap after
{Heap after GC invocations=56 (full 4):
 PSYoungGen      total 19968K, used 2505K [0x00000000eab00000, 0x00000000ec100000, 0x0000000100000000)
  eden space 17408K, 0% used [0x00000000eab00000,0x00000000eab00000,0x00000000ebc00000)
  from space 2560K, 97% used [0x00000000ebc00000,0x00000000ebe72418,0x00000000ebe80000)
  to   space 2560K, 0% used [0x00000000ebe80000,0x00000000ebe80000,0x00000000ec100000)
 ParOldGen       total 88064K, used 69090K [0x00000000c0000000, 0x00000000c5600000, 0x00000000eab00000)
  object space 88064K, 78% used [0x00000000c0000000,0x00000000c4378910,0x00000000c5600000)
 Metaspace       used 64733K, committed 65920K, reserved 1114112K
  class space    used 6858K, committed 7360K, reserved 1048576K
}
Event: 6.767 GC heap before
{Heap before GC invocations=57 (full 4):
 PSYoungGen      total 19968K, used 19913K [0x00000000eab00000, 0x00000000ec100000, 0x0000000100000000)
  eden space 17408K, 100% used [0x00000000eab00000,0x00000000ebc00000,0x00000000ebc00000)
  from space 2560K, 97% used [0x00000000ebc00000,0x00000000ebe72418,0x00000000ebe80000)
  to   space 2560K, 0% used [0x00000000ebe80000,0x00000000ebe80000,0x00000000ec100000)
 ParOldGen       total 88064K, used 69090K [0x00000000c0000000, 0x00000000c5600000, 0x00000000eab00000)
  object space 88064K, 78% used [0x00000000c0000000,0x00000000c4378910,0x00000000c5600000)
 Metaspace       used 64735K, committed 65920K, reserved 1114112K
  class space    used 6858K, committed 7360K, reserved 1048576K
}
Event: 6.769 GC heap after
{Heap after GC invocations=57 (full 4):
 PSYoungGen      total 18432K, used 938K [0x00000000eab00000, 0x00000000ebf80000, 0x0000000100000000)
  eden space 17408K, 0% used [0x00000000eab00000,0x00000000eab00000,0x00000000ebc00000)
  from space 1024K, 91% used [0x00000000ebe80000,0x00000000ebf6aba0,0x00000000ebf80000)
  to   space 1536K, 0% used [0x00000000ebc80000,0x00000000ebc80000,0x00000000ebe00000)
 ParOldGen       total 88064K, used 70943K [0x00000000c0000000, 0x00000000c5600000, 0x00000000eab00000)
  object space 88064K, 80% used [0x00000000c0000000,0x00000000c4547f98,0x00000000c5600000)
 Metaspace       used 64735K, committed 65920K, reserved 1114112K
  class space    used 6858K, committed 7360K, reserved 1048576K
}
Event: 6.787 GC heap before
{Heap before GC invocations=58 (full 4):
 PSYoungGen      total 18432K, used 18346K [0x00000000eab00000, 0x00000000ebf80000, 0x0000000100000000)
  eden space 17408K, 100% used [0x00000000eab00000,0x00000000ebc00000,0x00000000ebc00000)
  from space 1024K, 91% used [0x00000000ebe80000,0x00000000ebf6aba0,0x00000000ebf80000)
  to   space 1536K, 0% used [0x00000000ebc80000,0x00000000ebc80000,0x00000000ebe00000)
 ParOldGen       total 88064K, used 70943K [0x00000000c0000000, 0x00000000c5600000, 0x00000000eab00000)
  object space 88064K, 80% used [0x00000000c0000000,0x00000000c4547f98,0x00000000c5600000)
 Metaspace       used 64741K, committed 65920K, reserved 1114112K
  class space    used 6858K, committed 7360K, reserved 1048576K
}
Event: 6.788 GC heap after
{Heap after GC invocations=58 (full 4):
 PSYoungGen      total 18944K, used 160K [0x00000000eab00000, 0x00000000ebf00000, 0x0000000100000000)
  eden space 17408K, 0% used [0x00000000eab00000,0x00000000eab00000,0x00000000ebc00000)
  from space 1536K, 10% used [0x00000000ebc80000,0x00000000ebca8000,0x00000000ebe00000)
  to   space 1024K, 0% used [0x00000000ebe00000,0x00000000ebe00000,0x00000000ebf00000)
 ParOldGen       total 88064K, used 71642K [0x00000000c0000000, 0x00000000c5600000, 0x00000000eab00000)
  object space 88064K, 81% used [0x00000000c0000000,0x00000000c45f68e0,0x00000000c5600000)
 Metaspace       used 64741K, committed 65920K, reserved 1114112K
  class space    used 6858K, committed 7360K, reserved 1048576K
}

Dll operation events (10 events):
Event: 0.007 Loaded shared library c:\Users\Gamer\.vscode\extensions\redhat.java-1.31.0-win32-x64\jre\17.0.11-win32-x86_64\bin\java.dll
Event: 0.116 Loaded shared library c:\Users\Gamer\.vscode\extensions\redhat.java-1.31.0-win32-x64\jre\17.0.11-win32-x86_64\bin\zip.dll
Event: 0.118 Loaded shared library C:\Users\Gamer\.vscode\extensions\redhat.java-1.31.0-win32-x64\jre\17.0.11-win32-x86_64\bin\instrument.dll
Event: 0.127 Loaded shared library C:\Users\Gamer\.vscode\extensions\redhat.java-1.31.0-win32-x64\jre\17.0.11-win32-x86_64\bin\net.dll
Event: 0.128 Loaded shared library C:\Users\Gamer\.vscode\extensions\redhat.java-1.31.0-win32-x64\jre\17.0.11-win32-x86_64\bin\nio.dll
Event: 0.133 Loaded shared library C:\Users\Gamer\.vscode\extensions\redhat.java-1.31.0-win32-x64\jre\17.0.11-win32-x86_64\bin\zip.dll
Event: 0.146 Loaded shared library C:\Users\Gamer\.vscode\extensions\redhat.java-1.31.0-win32-x64\jre\17.0.11-win32-x86_64\bin\jimage.dll
Event: 0.190 Loaded shared library c:\Users\Gamer\.vscode\extensions\redhat.java-1.31.0-win32-x64\jre\17.0.11-win32-x86_64\bin\verify.dll
Event: 0.934 Loaded shared library C:\Users\Gamer\AppData\Roaming\Code\User\globalStorage\redhat.java\1.31.0\config_win\org.eclipse.equinox.launcher\org.eclipse.equinox.launcher.win32.win32.x86_64_1.2.1000.v20240507-1834\eclipse_11902.dll
Event: 2.915 Loaded shared library C:\Users\Gamer\AppData\Local\Temp\jna-68567712\jna548429839289430343.dll

Deoptimization events (20 events):
Event: 6.609 Thread 0x000001ab249f1820 DEOPT PACKING pc=0x000001ab0dbb2713 sp=0x0000003cbcdfe960
Event: 6.609 Thread 0x000001ab249f1820 DEOPT UNPACKING pc=0x000001ab14016e43 sp=0x0000003cbcdfdec8 mode 0
Event: 6.613 Thread 0x000001ab249f1820 DEOPT PACKING pc=0x000001ab0dbb2713 sp=0x0000003cbcdfe960
Event: 6.613 Thread 0x000001ab249f1820 DEOPT UNPACKING pc=0x000001ab14016e43 sp=0x0000003cbcdfdec8 mode 0
Event: 6.617 Thread 0x000001ab255e5590 Uncommon trap: trap_request=0xffffff45 fr.pc=0x000001ab1483bb4c relative=0x000000000000012c
Event: 6.617 Thread 0x000001ab255e5590 Uncommon trap: reason=unstable_if action=reinterpret pc=0x000001ab1483bb4c method=org.eclipse.jdt.internal.compiler.util.Util.isClassFileName(Ljava/lang/String;)Z @ 20 c2
Event: 6.617 Thread 0x000001ab255e5590 DEOPT PACKING pc=0x000001ab1483bb4c sp=0x0000003cbe2fdd10
Event: 6.617 Thread 0x000001ab255e5590 DEOPT UNPACKING pc=0x000001ab140166a3 sp=0x0000003cbe2fdc90 mode 2
Event: 6.617 Thread 0x000001ab255e5590 Uncommon trap: trap_request=0xffffff45 fr.pc=0x000001ab149de310 relative=0x0000000000001410
Event: 6.617 Thread 0x000001ab255e5590 Uncommon trap: reason=unstable_if action=reinterpret pc=0x000001ab149de310 method=org.eclipse.jdt.internal.compiler.classfmt.MethodInfo.createMethod([B[IIJ)Lorg/eclipse/jdt/internal/compiler/classfmt/MethodInfo; @ 92 c2
Event: 6.617 Thread 0x000001ab255e5590 DEOPT PACKING pc=0x000001ab149de310 sp=0x0000003cbe2fd960
Event: 6.617 Thread 0x000001ab255e5590 DEOPT UNPACKING pc=0x000001ab140166a3 sp=0x0000003cbe2fd8b0 mode 2
Event: 6.625 Thread 0x000001ab255e5590 DEOPT PACKING pc=0x000001ab0dbb3be7 sp=0x0000003cbe2fdca0
Event: 6.625 Thread 0x000001ab255e5590 DEOPT UNPACKING pc=0x000001ab14016e43 sp=0x0000003cbe2fd150 mode 0
Event: 6.683 Thread 0x000001ab255e5590 DEOPT PACKING pc=0x000001ab0d8ddbcd sp=0x0000003cbe2fd9f0
Event: 6.683 Thread 0x000001ab255e5590 DEOPT UNPACKING pc=0x000001ab14016e43 sp=0x0000003cbe2fcf90 mode 0
Event: 6.702 Thread 0x000001ab255e5590 Uncommon trap: trap_request=0xffffff45 fr.pc=0x000001ab14a13b54 relative=0x0000000000004d14
Event: 6.702 Thread 0x000001ab255e5590 Uncommon trap: reason=unstable_if action=reinterpret pc=0x000001ab14a13b54 method=org.eclipse.jdt.internal.core.JarPackageFragmentRoot.initRawPackageInfo(Lorg/eclipse/jdt/internal/core/util/HashtableOfArrayToObject;Ljava/lang/String;ZLjava/lang/String;)V 
Event: 6.702 Thread 0x000001ab255e5590 DEOPT PACKING pc=0x000001ab14a13b54 sp=0x0000003cbe2fdcb0
Event: 6.703 Thread 0x000001ab255e5590 DEOPT UNPACKING pc=0x000001ab140166a3 sp=0x0000003cbe2fdcf0 mode 2

Classes unloaded (11 events):
Event: 1.709 Thread 0x000001ab09ea69a0 Unloading class 0x0000000100248400 'java/lang/invoke/LambdaForm$MH+0x0000000100248400'
Event: 1.709 Thread 0x000001ab09ea69a0 Unloading class 0x0000000100248000 'java/lang/invoke/LambdaForm$MH+0x0000000100248000'
Event: 1.709 Thread 0x000001ab09ea69a0 Unloading class 0x0000000100243c00 'java/lang/invoke/LambdaForm$MH+0x0000000100243c00'
Event: 1.709 Thread 0x000001ab09ea69a0 Unloading class 0x0000000100243800 'java/lang/invoke/LambdaForm$MH+0x0000000100243800'
Event: 1.709 Thread 0x000001ab09ea69a0 Unloading class 0x0000000100243400 'java/lang/invoke/LambdaForm$BMH+0x0000000100243400'
Event: 1.709 Thread 0x000001ab09ea69a0 Unloading class 0x0000000100243000 'java/lang/invoke/LambdaForm$DMH+0x0000000100243000'
Event: 1.709 Thread 0x000001ab09ea69a0 Unloading class 0x0000000100240400 'java/lang/invoke/LambdaForm$DMH+0x0000000100240400'
Event: 6.355 Thread 0x000001ab09ea69a0 Unloading class 0x0000000100715c00 'java/lang/invoke/LambdaForm$MH+0x0000000100715c00'
Event: 6.355 Thread 0x000001ab09ea69a0 Unloading class 0x0000000100715800 'java/lang/invoke/LambdaForm$MH+0x0000000100715800'
Event: 6.355 Thread 0x000001ab09ea69a0 Unloading class 0x0000000100715400 'java/lang/invoke/LambdaForm$MH+0x0000000100715400'
Event: 6.355 Thread 0x000001ab09ea69a0 Unloading class 0x0000000100714c00 'java/lang/invoke/LambdaForm$DMH+0x0000000100714c00'

Classes redefined (0 events):
No events

Internal exceptions (20 events):
Event: 5.389 Thread 0x000001ab249f1310 Exception <a 'java/io/FileNotFoundException'{0x00000000eaf5ee10}> (0x00000000eaf5ee10) 
thrown [s\src\hotspot\share\prims\jni.cpp, line 516]
Event: 5.389 Thread 0x000001ab249f1310 Exception <a 'java/io/FileNotFoundException'{0x00000000eaf5fe20}> (0x00000000eaf5fe20) 
thrown [s\src\hotspot\share\prims\jni.cpp, line 516]
Event: 5.391 Thread 0x000001ab249f1310 Exception <a 'sun/nio/fs/WindowsException'{0x00000000eafaa900}> (0x00000000eafaa900) 
thrown [s\src\hotspot\share\prims\jni.cpp, line 516]
Event: 5.391 Thread 0x000001ab249f1310 Exception <a 'sun/nio/fs/WindowsException'{0x00000000eafab160}> (0x00000000eafab160) 
thrown [s\src\hotspot\share\prims\jni.cpp, line 516]
Event: 5.888 Thread 0x000001ab249f1820 Implicit null exception at 0x000001ab1493de2c to 0x000001ab1493df30
Event: 5.940 Thread 0x000001ab255e0490 Exception <a 'sun/nio/fs/WindowsException'{0x00000000eb68e818}> (0x00000000eb68e818) 
thrown [s\src\hotspot\share\prims\jni.cpp, line 516]
Event: 5.940 Thread 0x000001ab255e0490 Exception <a 'sun/nio/fs/WindowsException'{0x00000000eb68ee70}> (0x00000000eb68ee70) 
thrown [s\src\hotspot\share\prims\jni.cpp, line 516]
Event: 5.940 Thread 0x000001ab255e0490 Exception <a 'sun/nio/fs/WindowsException'{0x00000000eb6bc9d0}> (0x00000000eb6bc9d0) 
thrown [s\src\hotspot\share\prims\jni.cpp, line 516]
Event: 5.940 Thread 0x000001ab255e0490 Exception <a 'sun/nio/fs/WindowsException'{0x00000000eb6bd028}> (0x00000000eb6bd028) 
thrown [s\src\hotspot\share\prims\jni.cpp, line 516]
Event: 5.941 Thread 0x000001ab255e0490 Exception <a 'sun/nio/fs/WindowsException'{0x00000000eb6bece8}> (0x00000000eb6bece8) 
thrown [s\src\hotspot\share\prims\jni.cpp, line 516]
Event: 6.096 Thread 0x000001ab249f1310 Exception <a 'java/lang/NoSuchMethodError'{0x00000000eac7e1b8}: 'void java.lang.invoke.DirectMethodHandle$Holder.invokeInterface(java.lang.Object, java.lang.Object)'> (0x00000000eac7e1b8) 
thrown [s\src\hotspot\share\interpreter\linkResolver.cpp, line 759]
Event: 6.102 Thread 0x000001ab249f1310 Exception <a 'java/lang/NoSuchMethodError'{0x00000000eaf0ca30}: 'java.lang.Object java.lang.invoke.DirectMethodHandle$Holder.newInvokeSpecial(java.lang.Object, java.lang.Object, java.lang.Object, java.lang.Object, java.lang.Object, java.lang.Object)'> (0x00000000eaf0ca30) 
thrown [s\src\hotspot\share\interpreter\linkResolver.cpp, line 759]
Event: 6.105 Thread 0x000001ab255e13c0 Exception <a 'java/lang/NoSuchMethodError'{0x00000000eb05cf68}: 'java.lang.Object java.lang.invoke.Invokers$Holder.linkToTargetMethod(java.lang.Object, java.lang.Object, java.lang.Object, java.lang.Object, java.lang.Object, java.lang.Object, java.lang.Object)'> (0x00000000eb05cf68) 
thrown [s\src\hotspot\share\interpreter\linkResolver.cpp, line 759]
Event: 6.105 Thread 0x000001ab255e3730 Exception <a 'java/lang/NoSuchMethodError'{0x00000000eb04eac0}: 'java.lang.Object java.lang.invoke.Invokers$Holder.linkToTargetMethod(java.lang.Object, java.lang.Object, java.lang.Object, java.lang.Object, java.lang.Object, java.lang.Object, java.lang.Object)'> (0x00000000eb04eac0) 
thrown [s\src\hotspot\share\interpreter\linkResolver.cpp, line 759]
Event: 6.105 Thread 0x000001ab255e3c40 Exception <a 'java/lang/NoSuchMethodError'{0x00000000eb0b1c10}: 'java.lang.Object java.lang.invoke.Invokers$Holder.linkToTargetMethod(java.lang.Object, java.lang.Object, java.lang.Object, java.lang.Object, java.lang.Object, java.lang.Object, java.lang.Object)'> (0x00000000eb0b1c10) 
thrown [s\src\hotspot\share\interpreter\linkResolver.cpp, line 759]
Event: 6.105 Thread 0x000001ab255e64c0 Exception <a 'java/lang/NoSuchMethodError'{0x00000000eb0a9d90}: 'java.lang.Object java.lang.invoke.Invokers$Holder.linkToTargetMethod(java.lang.Object, java.lang.Object, java.lang.Object, java.lang.Object, java.lang.Object, java.lang.Object, java.lang.Object)'> (0x00000000eb0a9d90) 
thrown [s\src\hotspot\share\interpreter\linkResolver.cpp, line 759]
Event: 6.324 Thread 0x000001ab249f1310 Exception <a 'sun/nio/fs/WindowsException'{0x00000000eb3cf840}> (0x00000000eb3cf840) 
thrown [s\src\hotspot\share\prims\jni.cpp, line 516]
Event: 6.324 Thread 0x000001ab249f1310 Exception <a 'sun/nio/fs/WindowsException'{0x00000000eb43aae8}> (0x00000000eb43aae8) 
thrown [s\src\hotspot\share\prims\jni.cpp, line 516]
Event: 6.336 Thread 0x000001ab255e5fb0 Exception <a 'java/lang/NoSuchMethodError'{0x00000000eba24860}: 'java.lang.Object java.lang.invoke.DirectMethodHandle$Holder.invokeSpecial(java.lang.Object, java.lang.Object, int, long)'> (0x00000000eba24860) 
thrown [s\src\hotspot\share\interpreter\linkResolver.cpp, line 759]
Event: 6.407 Thread 0x000001ab249f1310 Exception <a 'java/lang/NoSuchMethodError'{0x00000000eae94c70}: 'void java.lang.invoke.DirectMethodHandle$Holder.invokeSpecial(java.lang.Object, java.lang.Object, java.lang.Object, java.lang.Object, java.lang.Object)'> (0x00000000eae94c70) 
thrown [s\src\hotspot\share\interpreter\linkResolver.cpp, line 759]

VM Operations (20 events):
Event: 6.622 Executing VM operation: ParallelGCFailedAllocation done
Event: 6.652 Executing VM operation: ParallelGCFailedAllocation
Event: 6.663 Executing VM operation: ParallelGCFailedAllocation done
Event: 6.676 Executing VM operation: ParallelGCFailedAllocation
Event: 6.678 Executing VM operation: ParallelGCFailedAllocation done
Event: 6.681 Executing VM operation: HandshakeAllThreads
Event: 6.688 Executing VM operation: HandshakeAllThreads done
Event: 6.697 Executing VM operation: ParallelGCFailedAllocation
Event: 6.703 Executing VM operation: ParallelGCFailedAllocation done
Event: 6.703 Executing VM operation: HandshakeAllThreads
Event: 6.703 Executing VM operation: HandshakeAllThreads done
Event: 6.721 Executing VM operation: ParallelGCFailedAllocation
Event: 6.739 Executing VM operation: ParallelGCFailedAllocation done
Event: 6.739 Executing VM operation: HandshakeAllThreads
Event: 6.745 Executing VM operation: HandshakeAllThreads done
Event: 6.745 Executing VM operation: ParallelGCFailedAllocation
Event: 6.750 Executing VM operation: ParallelGCFailedAllocation done
Event: 6.767 Executing VM operation: ParallelGCFailedAllocation
Event: 6.770 Executing VM operation: ParallelGCFailedAllocation done
Event: 6.787 Executing VM operation: ParallelGCFailedAllocation

Events (20 events):
Event: 6.755 Thread 0x000001ab09eae750 flushing nmethod 0x000001ab0daa9010
Event: 6.755 Thread 0x000001ab09eae750 flushing nmethod 0x000001ab0dabf990
Event: 6.755 Thread 0x000001ab09eae750 flushing nmethod 0x000001ab0dae1d90
Event: 6.755 Thread 0x000001ab09eae750 flushing nmethod 0x000001ab0dae3010
Event: 6.755 Thread 0x000001ab09eae750 flushing nmethod 0x000001ab0dae7a10
Event: 6.756 Thread 0x000001ab09eae750 flushing nmethod 0x000001ab0db32990
Event: 6.756 Thread 0x000001ab09eae750 flushing nmethod 0x000001ab0db33810
Event: 6.756 Thread 0x000001ab09eae750 flushing nmethod 0x000001ab0db35390
Event: 6.756 Thread 0x000001ab09eae750 flushing nmethod 0x000001ab0db36210
Event: 6.756 Thread 0x000001ab09eae750 flushing nmethod 0x000001ab0db37c90
Event: 6.756 Thread 0x000001ab09eae750 flushing nmethod 0x000001ab0db38310
Event: 6.756 Thread 0x000001ab09eae750 flushing nmethod 0x000001ab0dba3810
Event: 6.756 Thread 0x000001ab09eae750 flushing nmethod 0x000001ab0dba3e90
Event: 6.756 Thread 0x000001ab09eae750 flushing nmethod 0x000001ab0dba5010
Event: 6.756 Thread 0x000001ab09eae750 flushing nmethod 0x000001ab0dbb3610
Event: 6.756 Thread 0x000001ab09eae750 flushing nmethod 0x000001ab0dbb4190
Event: 6.756 Thread 0x000001ab09eae750 flushing nmethod 0x000001ab0dbb6990
Event: 6.756 Thread 0x000001ab09eae750 flushing nmethod 0x000001ab0dbc9c10
Event: 6.756 Thread 0x000001ab09eae750 flushing nmethod 0x000001ab0dbcac10
Event: 6.756 Thread 0x000001ab09eae750 flushing nmethod 0x000001ab0dbcaf90


Dynamic libraries:
0x00007ff7fe9f0000 - 0x00007ff7fe9fe000 	c:\Users\Gamer\.vscode\extensions\redhat.java-1.31.0-win32-x64\jre\17.0.11-win32-x86_64\bin\java.exe
0x00007ffb03bb0000 - 0x00007ffb03da8000 	C:\Windows\SYSTEM32\ntdll.dll
0x00007ffb02a20000 - 0x00007ffb02add000 	C:\Windows\System32\KERNEL32.DLL
0x00007ffb01760000 - 0x00007ffb01a56000 	C:\Windows\System32\KERNELBASE.dll
0x00007ffb013e0000 - 0x00007ffb014e0000 	C:\Windows\System32\ucrtbase.dll
0x00007ffadad00000 - 0x00007ffadad17000 	c:\Users\Gamer\.vscode\extensions\redhat.java-1.31.0-win32-x64\jre\17.0.11-win32-x86_64\bin\jli.dll
0x00007ffaddd70000 - 0x00007ffaddd8b000 	c:\Users\Gamer\.vscode\extensions\redhat.java-1.31.0-win32-x64\jre\17.0.11-win32-x86_64\bin\VCRUNTIME140.dll
0x00007ffb01c10000 - 0x00007ffb01daf000 	C:\Windows\System32\USER32.dll
0x00007ffb01b80000 - 0x00007ffb01ba2000 	C:\Windows\System32\win32u.dll
0x00007ffaf4da0000 - 0x00007ffaf503a000 	C:\Windows\WinSxS\amd64_microsoft.windows.common-controls_6595b64144ccf1df_6.0.19041.4355_none_60b8b9eb71f62e16\COMCTL32.dll
0x00007ffb029f0000 - 0x00007ffb02a1b000 	C:\Windows\System32\GDI32.dll
0x00007ffb038f0000 - 0x00007ffb0398e000 	C:\Windows\System32\msvcrt.dll
0x00007ffb01640000 - 0x00007ffb01757000 	C:\Windows\System32\gdi32full.dll
0x00007ffb01ae0000 - 0x00007ffb01b7d000 	C:\Windows\System32\msvcp_win.dll
0x00007ffb02730000 - 0x00007ffb02762000 	C:\Windows\System32\IMM32.DLL
0x00007ffaee460000 - 0x00007ffaee46c000 	c:\Users\Gamer\.vscode\extensions\redhat.java-1.31.0-win32-x64\jre\17.0.11-win32-x86_64\bin\vcruntime140_1.dll
0x00007ffaaf370000 - 0x00007ffaaf3fd000 	c:\Users\Gamer\.vscode\extensions\redhat.java-1.31.0-win32-x64\jre\17.0.11-win32-x86_64\bin\msvcp140.dll
0x00007ffa87bc0000 - 0x00007ffa88822000 	c:\Users\Gamer\.vscode\extensions\redhat.java-1.31.0-win32-x64\jre\17.0.11-win32-x86_64\bin\server\jvm.dll
0x00007ffb02b40000 - 0x00007ffb02bf0000 	C:\Windows\System32\ADVAPI32.dll
0x00007ffb03850000 - 0x00007ffb038f0000 	C:\Windows\System32\sechost.dll
0x00007ffb028c0000 - 0x00007ffb029e3000 	C:\Windows\System32\RPCRT4.dll
0x00007ffb01ab0000 - 0x00007ffb01ad7000 	C:\Windows\System32\bcrypt.dll
0x00007ffadfa20000 - 0x00007ffadfa29000 	C:\Windows\SYSTEM32\WSOCK32.dll
0x00007ffb00720000 - 0x00007ffb0076b000 	C:\Windows\SYSTEM32\POWRPROF.dll
0x00007ffb02850000 - 0x00007ffb028bb000 	C:\Windows\System32\WS2_32.dll
0x00007ffaf6950000 - 0x00007ffaf695a000 	C:\Windows\SYSTEM32\VERSION.dll
0x00007ffaef010000 - 0x00007ffaef037000 	C:\Windows\SYSTEM32\WINMM.dll
0x00007ffb005e0000 - 0x00007ffb005f2000 	C:\Windows\SYSTEM32\UMPDC.dll
0x00007ffaff090000 - 0x00007ffaff0a2000 	C:\Windows\SYSTEM32\kernel.appcore.dll
0x00007ffae7af0000 - 0x00007ffae7afa000 	c:\Users\Gamer\.vscode\extensions\redhat.java-1.31.0-win32-x64\jre\17.0.11-win32-x86_64\bin\jimage.dll
0x00007ffaf6210000 - 0x00007ffaf63f4000 	C:\Windows\SYSTEM32\DBGHELP.DLL
0x00007ffade020000 - 0x00007ffade054000 	C:\Windows\SYSTEM32\dbgcore.DLL
0x00007ffb01350000 - 0x00007ffb013d2000 	C:\Windows\System32\bcryptPrimitives.dll
0x00007ffae7a60000 - 0x00007ffae7a6e000 	c:\Users\Gamer\.vscode\extensions\redhat.java-1.31.0-win32-x64\jre\17.0.11-win32-x86_64\bin\instrument.dll
0x00007ffab9d40000 - 0x00007ffab9d65000 	c:\Users\Gamer\.vscode\extensions\redhat.java-1.31.0-win32-x64\jre\17.0.11-win32-x86_64\bin\java.dll
0x00007ffad4a50000 - 0x00007ffad4a68000 	c:\Users\Gamer\.vscode\extensions\redhat.java-1.31.0-win32-x64\jre\17.0.11-win32-x86_64\bin\zip.dll
0x00007ffb01ed0000 - 0x00007ffb0263b000 	C:\Windows\System32\SHELL32.dll
0x00007ffaff290000 - 0x00007ffaffa2d000 	C:\Windows\SYSTEM32\windows.storage.dll
0x00007ffb02f40000 - 0x00007ffb03293000 	C:\Windows\System32\combase.dll
0x00007ffb00b70000 - 0x00007ffb00b9e000 	C:\Windows\SYSTEM32\Wldp.dll
0x00007ffb02780000 - 0x00007ffb0284d000 	C:\Windows\System32\OLEAUT32.dll
0x00007ffb01e20000 - 0x00007ffb01ecd000 	C:\Windows\System32\SHCORE.dll
0x00007ffb02bf0000 - 0x00007ffb02c45000 	C:\Windows\System32\shlwapi.dll
0x00007ffb01160000 - 0x00007ffb01184000 	C:\Windows\SYSTEM32\profapi.dll
0x00007ffad01e0000 - 0x00007ffad01f9000 	C:\Users\Gamer\.vscode\extensions\redhat.java-1.31.0-win32-x64\jre\17.0.11-win32-x86_64\bin\net.dll
0x00007ffaf9480000 - 0x00007ffaf958a000 	C:\Windows\SYSTEM32\WINHTTP.dll
0x00007ffb00950000 - 0x00007ffb009ba000 	C:\Windows\system32\mswsock.dll
0x00007ffab7b50000 - 0x00007ffab7b66000 	C:\Users\Gamer\.vscode\extensions\redhat.java-1.31.0-win32-x64\jre\17.0.11-win32-x86_64\bin\nio.dll
0x00007ffae5890000 - 0x00007ffae58a0000 	c:\Users\Gamer\.vscode\extensions\redhat.java-1.31.0-win32-x64\jre\17.0.11-win32-x86_64\bin\verify.dll
0x00007ffa86600000 - 0x00007ffa86644000 	C:\Users\Gamer\AppData\Roaming\Code\User\globalStorage\redhat.java\1.31.0\config_win\org.eclipse.equinox.launcher\org.eclipse.equinox.launcher.win32.win32.x86_64_1.2.1000.v20240507-1834\eclipse_11902.dll
0x00007ffb02c50000 - 0x00007ffb02d7b000 	C:\Windows\System32\ole32.dll
0x00007ffb00bb0000 - 0x00007ffb00bc8000 	C:\Windows\SYSTEM32\CRYPTSP.dll
0x00007ffb00220000 - 0x00007ffb00254000 	C:\Windows\system32\rsaenh.dll
0x00007ffb010d0000 - 0x00007ffb010fe000 	C:\Windows\SYSTEM32\USERENV.dll
0x00007ffb00ae0000 - 0x00007ffb00aec000 	C:\Windows\SYSTEM32\CRYPTBASE.dll
0x00007ffb00600000 - 0x00007ffb0063b000 	C:\Windows\SYSTEM32\IPHLPAPI.DLL
0x00007ffb01e10000 - 0x00007ffb01e18000 	C:\Windows\System32\NSI.dll
0x00007ffafa330000 - 0x00007ffafa347000 	C:\Windows\SYSTEM32\dhcpcsvc6.DLL
0x00007ffafa310000 - 0x00007ffafa32d000 	C:\Windows\SYSTEM32\dhcpcsvc.DLL
0x00007ffb00650000 - 0x00007ffb0071b000 	C:\Windows\SYSTEM32\DNSAPI.dll
0x00007ffae2290000 - 0x00007ffae22d5000 	C:\Users\Gamer\AppData\Local\Temp\jna-68567712\jna548429839289430343.dll
0x00007ffb02640000 - 0x00007ffb02648000 	C:\Windows\System32\PSAPI.DLL

dbghelp: loaded successfully - version: 4.0.5 - missing functions: none
symbol engine: initialized successfully - sym options: 0x614 - pdb path: .;c:\Users\Gamer\.vscode\extensions\redhat.java-1.31.0-win32-x64\jre\17.0.11-win32-x86_64\bin;C:\Windows\SYSTEM32;C:\Windows\WinSxS\amd64_microsoft.windows.common-controls_6595b64144ccf1df_6.0.19041.4355_none_60b8b9eb71f62e16;c:\Users\Gamer\.vscode\extensions\redhat.java-1.31.0-win32-x64\jre\17.0.11-win32-x86_64\bin\server;C:\Users\Gamer\AppData\Roaming\Code\User\globalStorage\redhat.java\1.31.0\config_win\org.eclipse.equinox.launcher\org.eclipse.equinox.launcher.win32.win32.x86_64_1.2.1000.v20240507-1834;C:\Users\Gamer\AppData\Local\Temp\jna-68567712

VM Arguments:
jvm_args: --add-modules=ALL-SYSTEM --add-opens=java.base/java.util=ALL-UNNAMED --add-opens=java.base/java.lang=ALL-UNNAMED --add-opens=java.base/sun.nio.fs=ALL-UNNAMED -Declipse.application=org.eclipse.jdt.ls.core.id1 -Dosgi.bundles.defaultStartLevel=4 -Declipse.product=org.eclipse.jdt.ls.core.product -Djava.import.generatesMetadataFilesAtProjectRoot=false -DDetectVMInstallationsJob.disabled=true -Dfile.encoding=utf8 -XX:+UseParallelGC -XX:GCTimeRatio=4 -XX:AdaptiveSizePolicyWeight=90 -Dsun.zip.disableMemoryMapping=true -Xmx1G -Xms100m -Xlog:disable -javaagent:c:\Users\Gamer\.vscode\extensions\redhat.java-1.31.0-win32-x64\lombok\lombok-1.18.32.jar -XX:+HeapDumpOnOutOfMemoryError -XX:HeapDumpPath=c:\Users\Gamer\AppData\Roaming\Code\User\workspaceStorage\f14527b027b8beef490d578370ac143c\redhat.java -Daether.dependencyCollector.impl=bf 
java_command: c:\Users\Gamer\.vscode\extensions\redhat.java-1.31.0-win32-x64\server\plugins\org.eclipse.equinox.launcher_1.6.800.v20240513-1750.jar -configuration c:\Users\Gamer\AppData\Roaming\Code\User\globalStorage\redhat.java\1.31.0\config_win -data c:\Users\Gamer\AppData\Roaming\Code\User\workspaceStorage\f14527b027b8beef490d578370ac143c\redhat.java\jdt_ws --pipe=\\.\pipe\lsp-6ae74128064187e79410aa9286860c6f-sock
java_class_path (initial): c:\Users\Gamer\.vscode\extensions\redhat.java-1.31.0-win32-x64\server\plugins\org.eclipse.equinox.launcher_1.6.800.v20240513-1750.jar
Launcher Type: SUN_STANDARD

[Global flags]
    uintx AdaptiveSizePolicyWeight                 = 90                                        {product} {command line}
     intx CICompilerCount                          = 3                                         {product} {ergonomic}
    uintx GCTimeRatio                              = 4                                         {product} {command line}
     bool HeapDumpOnOutOfMemoryError               = true                                   {manageable} {command line}
    ccstr HeapDumpPath                             = c:\Users\Gamer\AppData\Roaming\Code\User\workspaceStorage\f14527b027b8beef490d578370ac143c\redhat.java         {manageable} {command line}
   size_t InitialHeapSize                          = 104857600                                 {product} {command line}
   size_t MaxHeapSize                              = 1073741824                                {product} {command line}
   size_t MaxNewSize                               = 357564416                                 {product} {ergonomic}
   size_t MinHeapDeltaBytes                        = 524288                                    {product} {ergonomic}
   size_t MinHeapSize                              = 104857600                                 {product} {command line}
   size_t NewSize                                  = 34603008                                  {product} {ergonomic}
    uintx NonNMethodCodeHeapSize                   = 5832780                                {pd product} {ergonomic}
    uintx NonProfiledCodeHeapSize                  = 122912730                              {pd product} {ergonomic}
   size_t OldSize                                  = 70254592                                  {product} {ergonomic}
    uintx ProfiledCodeHeapSize                     = 122912730                              {pd product} {ergonomic}
    uintx ReservedCodeCacheSize                    = 251658240                              {pd product} {ergonomic}
     bool SegmentedCodeCache                       = true                                      {product} {ergonomic}
   size_t SoftMaxHeapSize                          = 1073741824                             {manageable} {ergonomic}
     bool UseCompressedClassPointers               = true                           {product lp64_product} {ergonomic}
     bool UseCompressedOops                        = true                           {product lp64_product} {ergonomic}
     bool UseLargePagesIndividualAllocation        = false                                  {pd product} {ergonomic}
     bool UseParallelGC                            = true                                      {product} {command line}

Logging:
Log output configuration:
 #0: stdout all=off uptime,level,tags
 #1: stderr all=off uptime,level,tags

Environment Variables:
PATH=C:\Program Files (x86)\Common Files\Oracle\Java\javapath;C:\Windows\system32;C:\Windows;C:\Windows\System32\Wbem;C:\Windows\System32\WindowsPowerShell\v1.0\;C:\Windows\System32\OpenSSH\;C:\Program Files\NVIDIA Corporation\NVIDIA NvDLISR;C:\Program Files (x86)\NVIDIA Corporation\PhysX\Common;C:\Program Files\Git\cmd;C:\Program Files\Docker\Docker\resources\bin;C:\Program Files\Amazon\AWSCLIV2\;C:\Users\Gamer\AppData\Local\Microsoft\WindowsApps;C:\Users\Gamer\AppData\Local\Programs\Microsoft VS Code\bin;C:\Program Files\heroku\bin
USERNAME=Gamer
OS=Windows_NT
PROCESSOR_IDENTIFIER=AMD64 Family 23 Model 113 Stepping 0, AuthenticAMD
TMP=C:\Users\Gamer\AppData\Local\Temp
TEMP=C:\Users\Gamer\AppData\Local\Temp



Periodic native trim disabled


---------------  S Y S T E M  ---------------

OS:
 Windows 10 , 64 bit Build 19041 (10.0.19041.3636)
OS uptime: 0 days 13:06 hours
Hyper-V role detected

CPU: total 6 (initial active 6) (6 cores per cpu, 1 threads per core) family 23 model 113 stepping 0 microcode 0x0, cx8, cmov, fxsr, mmx, 3dnowpref, sse, sse2, sse3, ssse3, sse4a, sse4.1, sse4.2, popcnt, lzcnt, tsc, tscinvbit, avx, avx2, aes, clmul, bmi1, bmi2, adx, sha, fma, vzeroupper, clflush, clflushopt, hv
Processor Information for all 6 processors :
  Max Mhz: 3593, Current Mhz: 3593, Mhz Limit: 3593

Memory: 4k page, system-wide physical 16315M (3921M free)
TotalPageFile size 20411M (AvailPageFile size 7M)
current process WorkingSet (physical memory assigned to process): 291M, peak: 294M
current process commit charge ("private bytes"): 337M, peak: 347M

vm_info: OpenJDK 64-Bit Server VM (17.0.11+9) for windows-amd64 JRE (17.0.11+9), built on Apr 17 2024 06:07:48 by "admin" with MS VC++ 16.10 / 16.11 (VS2019)

END.
